[Architectury Transformer DEBUG] 
[Architectury Transformer DEBUG] ============================
[Architectury Transformer DEBUG] Transforming from D:\minecraft_mod_repository_branches\backported_real_version\forge-1.20.1\common\build\devlibs\backported-common-1.0.0-dev.jar to D:\minecraft_mod_repository_branches\backported_real_version\forge-1.20.1\common\build\libs\backported-common-1.0.0-transformProductionFabric.jar
[Architectury Transformer DEBUG] ============================
[Architectury Transformer DEBUG] 
[Architectury Transformer DEBUG] Transforming 5 transformer(s) from D:\minecraft_mod_repository_branches\backported_real_version\forge-1.20.1\common\build\devlibs\backported-common-1.0.0-dev.jar to D:\minecraft_mod_repository_branches\backported_real_version\forge-1.20.1\common\build\libs\backported-common-1.0.0-transformProductionFabric.jar: 
[Architectury Transformer DEBUG]  - dev.architectury.transformer.transformers.RemapMixinVariables@4e6f802
[Architectury Transformer DEBUG]  - dev.architectury.transformer.transformers.TransformExpectPlatform@4200e63a
[Architectury Transformer DEBUG]  - dev.architectury.transformer.transformers.RemapInjectables@42b2dfbb
[Architectury Transformer DEBUG]  - AddRefmapName(enabled=() -> kotlin.Boolean)
[Architectury Transformer DEBUG]  - dev.architectury.transformer.transformers.TransformPlatformOnly@267524da
[Architectury Transformer DEBUG] Transforming from D:\minecraft_mod_repository_branches\backported_real_version\forge-1.20.1\common\build\devlibs\backported-common-1.0.0-dev.jar to D:\minecraft_mod_repository_branches\backported_real_version\forge-1.20.1\common\build\libs\backported-common-1.0.0-transformProductionFabric.jar with 5 transformer(s) on dev.architectury.transformer.handler.SimpleTransformerHandler
[Architectury Transformer DEBUG] Reading mixin mappings file: D:\minecraft_mod_repository_branches\backported_real_version\forge-1.20.1\common\build\loom-cache\mixin-map-loom.mappings.1_20_1.layered+hash.40359-v2.main.tiny
[Architectury Transformer DEBUG] Reading mixin mappings file: D:\minecraft_mod_repository_branches\backported_real_version\forge-1.20.1\fabric\build\loom-cache\mixin-map-loom.mappings.1_20_1.layered+hash.40359-v2.main.tiny
[Architectury Transformer DEBUG] Remapping with 2 mapping provider(s):
[Architectury Transformer DEBUG]  - dev.architectury.transformer.shadowed.impl.dev.architectury.tinyremapper.TinyUtils$$Lambda$3376/0x000001ca2600e858@3bd75c71
[Architectury Transformer DEBUG]  - dev.architectury.transformer.shadowed.impl.dev.architectury.tinyremapper.TinyUtils$$Lambda$3376/0x000001ca2600e858@5816a309
[Architectury Transformer DEBUG] Provided 57 classpath jar(s):
[Architectury Transformer DEBUG]  - C:\Users\dandi\scoop\apps\gradle\current\.gradle\caches\modules-2\files-2.1\dev.architectury\architectury-injectables\1.0.10\62db2a366d662606d1b23ad02ccc3212ed37ec3\architectury-injectables-1.0.10.jar
[Architectury Transformer DEBUG]  - C:\Users\dandi\scoop\apps\gradle\current\.gradle\caches\modules-2\files-2.1\net.fabricmc\fabric-loader\0.18.4\dc4682125d5db647d6ce80a98b98945835adcd4b\fabric-loader-0.18.4.jar
[Architectury Transformer DEBUG]  - C:\Users\dandi\scoop\apps\gradle\current\.gradle\caches\modules-2\files-2.1\org.jetbrains\annotations\25.0.0\c1e6b966db352094ac3bf7f88f3bdef332fe43f0\annotations-25.0.0.jar
[Architectury Transformer DEBUG]  - C:\Users\dandi\scoop\apps\gradle\current\.gradle\caches\modules-2\files-2.1\org.ow2.asm\asm\9.9\c29635c8a7afa03d74b33c1884df8abb2b3f3dcc\asm-9.9.jar
[Architectury Transformer DEBUG]  - C:\Users\dandi\scoop\apps\gradle\current\.gradle\caches\modules-2\files-2.1\org.ow2.asm\asm-analysis\9.9\bf4fa6e66638851c1cd22c2caea0c3ee5d5f437\asm-analysis-9.9.jar
[Architectury Transformer DEBUG]  - C:\Users\dandi\scoop\apps\gradle\current\.gradle\caches\modules-2\files-2.1\org.ow2.asm\asm-commons\9.9\db9165a3bf908ded6b08612d583a15d1d0c7bda0\asm-commons-9.9.jar
[Architectury Transformer DEBUG]  - C:\Users\dandi\scoop\apps\gradle\current\.gradle\caches\modules-2\files-2.1\org.ow2.asm\asm-tree\9.9\f8de6eead6d24dd0f45bd065bbe112b2cda6ea21\asm-tree-9.9.jar
[Architectury Transformer DEBUG]  - C:\Users\dandi\scoop\apps\gradle\current\.gradle\caches\modules-2\files-2.1\org.ow2.asm\asm-util\9.9\42fdfc0508b43807c8078d6e82ecff2ce2112ae8\asm-util-9.9.jar
[Architectury Transformer DEBUG]  - C:\Users\dandi\scoop\apps\gradle\current\.gradle\caches\modules-2\files-2.1\net.fabricmc\sponge-mixin\0.17.0+mixin.0.8.7\cf31463202f72d03b0ef1e1e38e8ee71b7faaab6\sponge-mixin-0.17.0+mixin.0.8.7.jar
[Architectury Transformer DEBUG]  - C:\Users\dandi\scoop\apps\gradle\current\.gradle\caches\modules-2\files-2.1\io.github.llamalad7\mixinextras-fabric\0.5.0\91a83dfb7abd320f6236bd1fcf5c0ff143d59a13\mixinextras-fabric-0.5.0.jar
[Architectury Transformer DEBUG]  - C:\Users\dandi\scoop\apps\gradle\current\.gradle\caches\modules-2\files-2.1\com.github.oshi\oshi-core\6.2.2\54f5efc19bca95d709d9a37d19ffcbba3d21c1a6\oshi-core-6.2.2.jar
[Architectury Transformer DEBUG]  - C:\Users\dandi\scoop\apps\gradle\current\.gradle\caches\modules-2\files-2.1\com.google.code.gson\gson\2.10\dd9b193aef96e973d5a11ab13cd17430c2e4306b\gson-2.10.jar
[Architectury Transformer DEBUG]  - C:\Users\dandi\scoop\apps\gradle\current\.gradle\caches\modules-2\files-2.1\com.google.guava\failureaccess\1.0.1\1dcf1de382a0bf95a3d8b0849546c88bac1292c9\failureaccess-1.0.1.jar
[Architectury Transformer DEBUG]  - C:\Users\dandi\scoop\apps\gradle\current\.gradle\caches\modules-2\files-2.1\com.google.guava\guava\31.1-jre\60458f877d055d0c9114d9e1a2efb737b4bc282c\guava-31.1-jre.jar
[Architectury Transformer DEBUG]  - C:\Users\dandi\scoop\apps\gradle\current\.gradle\caches\modules-2\files-2.1\com.ibm.icu\icu4j\71.1\9e7d3304c23f9ba5cb71915f7cce23231a57a445\icu4j-71.1.jar
[Architectury Transformer DEBUG]  - C:\Users\dandi\scoop\apps\gradle\current\.gradle\caches\modules-2\files-2.1\com.mojang\authlib\4.0.43\2ff9d747a77570a07a60d32ac77eb6162ad2a2d9\authlib-4.0.43.jar
[Architectury Transformer DEBUG]  - C:\Users\dandi\scoop\apps\gradle\current\.gradle\caches\modules-2\files-2.1\com.mojang\blocklist\1.0.10\5c685c5ffa94c4cd39496c7184c1d122e515ecef\blocklist-1.0.10.jar
[Architectury Transformer DEBUG]  - C:\Users\dandi\scoop\apps\gradle\current\.gradle\caches\modules-2\files-2.1\com.mojang\brigadier\1.1.8\5244ce82c3337bba4a196a3ce858bfaecc74404a\brigadier-1.1.8.jar
[Architectury Transformer DEBUG]  - C:\Users\dandi\scoop\apps\gradle\current\.gradle\caches\modules-2\files-2.1\com.mojang\datafixerupper\6.0.8\3ba4a30557a9b057760af4011f909ba619fc5125\datafixerupper-6.0.8.jar
[Architectury Transformer DEBUG]  - C:\Users\dandi\scoop\apps\gradle\current\.gradle\caches\modules-2\files-2.1\com.mojang\logging\1.1.1\832b8e6674a9b325a5175a3a6267dfaf34c85139\logging-1.1.1.jar
[Architectury Transformer DEBUG]  - C:\Users\dandi\scoop\apps\gradle\current\.gradle\caches\modules-2\files-2.1\com.mojang\patchy\2.2.10\da05971b07cbb379d002cf7eaec6a2048211fefc\patchy-2.2.10.jar
[Architectury Transformer DEBUG]  - C:\Users\dandi\scoop\apps\gradle\current\.gradle\caches\modules-2\files-2.1\com.mojang\text2speech\1.17.9\3cad216e3a7f0c19b4b394388bc9ffc446f13b14\text2speech-1.17.9.jar
[Architectury Transformer DEBUG]  - C:\Users\dandi\scoop\apps\gradle\current\.gradle\caches\modules-2\files-2.1\commons-codec\commons-codec\1.15\49d94806b6e3dc933dacbd8acb0fdbab8ebd1e5d\commons-codec-1.15.jar
[Architectury Transformer DEBUG]  - C:\Users\dandi\scoop\apps\gradle\current\.gradle\caches\modules-2\files-2.1\commons-io\commons-io\2.11.0\a2503f302b11ebde7ebc3df41daebe0e4eea3689\commons-io-2.11.0.jar
[Architectury Transformer DEBUG]  - C:\Users\dandi\scoop\apps\gradle\current\.gradle\caches\modules-2\files-2.1\commons-logging\commons-logging\1.2\4bfc12adfe4842bf07b657f0369c4cb522955686\commons-logging-1.2.jar
[Architectury Transformer DEBUG]  - C:\Users\dandi\scoop\apps\gradle\current\.gradle\caches\modules-2\files-2.1\io.netty\netty-buffer\4.1.82.Final\a544270cf1ae8b8077082f5036436a9a9971ea71\netty-buffer-4.1.82.Final.jar
[Architectury Transformer DEBUG]  - C:\Users\dandi\scoop\apps\gradle\current\.gradle\caches\modules-2\files-2.1\io.netty\netty-codec\4.1.82.Final\b77200379acb345a9ffdece1c605e591ac3e4e0a\netty-codec-4.1.82.Final.jar
[Architectury Transformer DEBUG]  - C:\Users\dandi\scoop\apps\gradle\current\.gradle\caches\modules-2\files-2.1\io.netty\netty-common\4.1.82.Final\22d148e85c3f5ebdacc0ce1f5aabb1d420f73f3\netty-common-4.1.82.Final.jar
[Architectury Transformer DEBUG]  - C:\Users\dandi\scoop\apps\gradle\current\.gradle\caches\modules-2\files-2.1\io.netty\netty-handler\4.1.82.Final\644041d1fa96a5d3130a29e8978630d716d76e38\netty-handler-4.1.82.Final.jar
[Architectury Transformer DEBUG]  - C:\Users\dandi\scoop\apps\gradle\current\.gradle\caches\modules-2\files-2.1\io.netty\netty-resolver\4.1.82.Final\38f665ae8dcd29032eea31245ba7806bed2e0fa8\netty-resolver-4.1.82.Final.jar
[Architectury Transformer DEBUG]  - C:\Users\dandi\scoop\apps\gradle\current\.gradle\caches\modules-2\files-2.1\io.netty\netty-transport-classes-epoll\4.1.82.Final\e7c7dd18deac93105797f30057c912651ea76521\netty-transport-classes-epoll-4.1.82.Final.jar
[Architectury Transformer DEBUG]  - C:\Users\dandi\scoop\apps\gradle\current\.gradle\caches\modules-2\files-2.1\io.netty\netty-transport-native-unix-common\4.1.82.Final\3e895b35ca1b8a0eca56cacff4c2dde5d2c6abce\netty-transport-native-unix-common-4.1.82.Final.jar
[Architectury Transformer DEBUG]  - C:\Users\dandi\scoop\apps\gradle\current\.gradle\caches\modules-2\files-2.1\io.netty\netty-transport\4.1.82.Final\e431a218d91acb6476ccad5f5aafde50aa3945ca\netty-transport-4.1.82.Final.jar
[Architectury Transformer DEBUG]  - C:\Users\dandi\scoop\apps\gradle\current\.gradle\caches\modules-2\files-2.1\it.unimi.dsi\fastutil\8.5.9\bb7ea75ecdb216654237830b3a96d87ad91f8cc5\fastutil-8.5.9.jar
[Architectury Transformer DEBUG]  - C:\Users\dandi\scoop\apps\gradle\current\.gradle\caches\modules-2\files-2.1\net.java.dev.jna\jna-platform\5.12.1\97406a297c852f4a41e688a176ec675f72e8329\jna-platform-5.12.1.jar
[Architectury Transformer DEBUG]  - C:\Users\dandi\scoop\apps\gradle\current\.gradle\caches\modules-2\files-2.1\net.java.dev.jna\jna\5.12.1\b1e93a735caea94f503e95e6fe79bf9cdc1e985d\jna-5.12.1.jar
[Architectury Transformer DEBUG]  - C:\Users\dandi\scoop\apps\gradle\current\.gradle\caches\modules-2\files-2.1\net.sf.jopt-simple\jopt-simple\5.0.4\4fdac2fbe92dfad86aa6e9301736f6b4342a3f5c\jopt-simple-5.0.4.jar
[Architectury Transformer DEBUG]  - C:\Users\dandi\scoop\apps\gradle\current\.gradle\caches\modules-2\files-2.1\org.apache.commons\commons-compress\1.21\4ec95b60d4e86b5c95a0e919cb172a0af98011ef\commons-compress-1.21.jar
[Architectury Transformer DEBUG]  - C:\Users\dandi\scoop\apps\gradle\current\.gradle\caches\modules-2\files-2.1\org.apache.commons\commons-lang3\3.12.0\c6842c86792ff03b9f1d1fe2aab8dc23aa6c6f0e\commons-lang3-3.12.0.jar
[Architectury Transformer DEBUG]  - C:\Users\dandi\scoop\apps\gradle\current\.gradle\caches\modules-2\files-2.1\org.apache.httpcomponents\httpclient\4.5.13\e5f6cae5ca7ecaac1ec2827a9e2d65ae2869cada\httpclient-4.5.13.jar
[Architectury Transformer DEBUG]  - C:\Users\dandi\scoop\apps\gradle\current\.gradle\caches\modules-2\files-2.1\org.apache.httpcomponents\httpcore\4.4.15\7f2e0c573eaa7a74bac2e89b359e1f73d92a0a1d\httpcore-4.4.15.jar
[Architectury Transformer DEBUG]  - C:\Users\dandi\scoop\apps\gradle\current\.gradle\caches\modules-2\files-2.1\org.apache.logging.log4j\log4j-api\2.19.0\ea1b37f38c327596b216542bc636cfdc0b8036fa\log4j-api-2.19.0.jar
[Architectury Transformer DEBUG]  - C:\Users\dandi\scoop\apps\gradle\current\.gradle\caches\modules-2\files-2.1\org.apache.logging.log4j\log4j-core\2.19.0\3b6eeb4de4c49c0fe38a4ee27188ff5fee44d0bb\log4j-core-2.19.0.jar
[Architectury Transformer DEBUG]  - C:\Users\dandi\scoop\apps\gradle\current\.gradle\caches\modules-2\files-2.1\org.apache.logging.log4j\log4j-slf4j2-impl\2.19.0\5c04bfdd63ce9dceb2e284b81e96b6a70010ee10\log4j-slf4j2-impl-2.19.0.jar
[Architectury Transformer DEBUG]  - C:\Users\dandi\scoop\apps\gradle\current\.gradle\caches\modules-2\files-2.1\org.joml\joml\1.10.5\22566d58af70ad3d72308bab63b8339906deb649\joml-1.10.5.jar
[Architectury Transformer DEBUG]  - C:\Users\dandi\scoop\apps\gradle\current\.gradle\caches\modules-2\files-2.1\org.lwjgl\lwjgl-glfw\3.3.1\cbac1b8d30cb4795149c1ef540f912671a8616d0\lwjgl-glfw-3.3.1.jar
[Architectury Transformer DEBUG]  - C:\Users\dandi\scoop\apps\gradle\current\.gradle\caches\modules-2\files-2.1\org.lwjgl\lwjgl-jemalloc\3.3.1\a817bcf213db49f710603677457567c37d53e103\lwjgl-jemalloc-3.3.1.jar
[Architectury Transformer DEBUG]  - C:\Users\dandi\scoop\apps\gradle\current\.gradle\caches\modules-2\files-2.1\org.lwjgl\lwjgl-openal\3.3.1\2623a6b8ae1dfcd880738656a9f0243d2e6840bd\lwjgl-openal-3.3.1.jar
[Architectury Transformer DEBUG]  - C:\Users\dandi\scoop\apps\gradle\current\.gradle\caches\modules-2\files-2.1\org.lwjgl\lwjgl-opengl\3.3.1\831a5533a21a5f4f81bbc51bb13e9899319b5411\lwjgl-opengl-3.3.1.jar
[Architectury Transformer DEBUG]  - C:\Users\dandi\scoop\apps\gradle\current\.gradle\caches\modules-2\files-2.1\org.lwjgl\lwjgl-stb\3.3.1\b119297cf8ed01f247abe8685857f8e7fcf5980f\lwjgl-stb-3.3.1.jar
[Architectury Transformer DEBUG]  - C:\Users\dandi\scoop\apps\gradle\current\.gradle\caches\modules-2\files-2.1\org.lwjgl\lwjgl-tinyfd\3.3.1\ff1914111ef2e3e0110ef2dabc8d8cdaad82347\lwjgl-tinyfd-3.3.1.jar
[Architectury Transformer DEBUG]  - C:\Users\dandi\scoop\apps\gradle\current\.gradle\caches\modules-2\files-2.1\org.lwjgl\lwjgl\3.3.1\ae58664f88e18a9bb2c77b063833ca7aaec484cb\lwjgl-3.3.1.jar
[Architectury Transformer DEBUG]  - C:\Users\dandi\scoop\apps\gradle\current\.gradle\caches\modules-2\files-2.1\org.slf4j\slf4j-api\2.0.1\f48d81adce2abf5ad3cfe463df517952749e03bc\slf4j-api-2.0.1.jar
[Architectury Transformer DEBUG]  - D:\minecraft_mod_repository_branches\backported_real_version\forge-1.20.1\.gradle\loom-cache\minecraftMaven\net\minecraft\minecraft-merged-3760f957dc\1.20.1-loom.mappings.1_20_1.layered+hash.40359-v2\minecraft-merged-3760f957dc-1.20.1-loom.mappings.1_20_1.layered+hash.40359-v2.jar
[Architectury Transformer DEBUG]  - C:\Users\dandi\scoop\apps\gradle\current\.gradle\caches\modules-2\files-2.1\io.netty\netty-transport-native-epoll\4.1.82.Final\c7350a71920f3ae9142945e25fed4846cce53374\netty-transport-native-epoll-4.1.82.Final-linux-x86_64.jar
[Architectury Transformer DEBUG]  - C:\Users\dandi\scoop\apps\gradle\current\.gradle\caches\modules-2\files-2.1\io.netty\netty-transport-native-epoll\4.1.82.Final\476409d6255001ca53a55f65b01c13822f8dc93a\netty-transport-native-epoll-4.1.82.Final-linux-aarch_64.jar
[Architectury Transformer DEBUG]  - D:\minecraft_mod_repository_branches\backported_real_version\forge-1.20.1\.gradle\loom-cache\remapped_mods\loom_mappings_1_20_1_layered_hash_40359_v2\dev\architectury\architectury\9.2.14\architectury-9.2.14.jar
[Architectury Transformer] Read classpath in 1.709 s
[Architectury Transformer DEBUG] Remapping Classes:
[Architectury Transformer DEBUG] Found class transformer
[Architectury Transformer DEBUG] Writing com/drd/backported/Backported with maxs=true frames=true
[Architectury Transformer DEBUG] Writing com/drd/backported/util/ModTags$Blocks with maxs=true frames=true
[Architectury Transformer DEBUG] Writing com/drd/backported/util/StrippableAccess with maxs=true frames=true
[Architectury Transformer DEBUG] Writing com/drd/backported/util/ModTags with maxs=true frames=true
[Architectury Transformer DEBUG] Writing com/drd/backported/util/ModTags$Items with maxs=true frames=true
[Architectury Transformer DEBUG] Writing com/drd/backported/util/ModSoundTypes with maxs=true frames=true
[Architectury Transformer DEBUG] Writing com/drd/backported/util/ModWoodTypes with maxs=true frames=true
[Architectury Transformer DEBUG] Writing com/drd/backported/util/ModStrippables with maxs=true frames=true
[Architectury Transformer DEBUG] Writing com/drd/backported/platform/CommonPlatformUtils with maxs=true frames=true
[Architectury Transformer DEBUG] Writing com/drd/backported/mixin/LivingEntityMixin with maxs=true frames=true
[Architectury Transformer DEBUG] Writing com/drd/backported/mixin/WoodTypeInvoker with maxs=true frames=true
[Architectury Transformer DEBUG] Writing com/drd/backported/mixin/ItemInHandRendererInvoker with maxs=true frames=true
[Architectury Transformer DEBUG] Writing com/drd/backported/mixin/ServerPlayerMixin with maxs=true frames=true
[Architectury Transformer DEBUG] Writing com/drd/backported/mixin/ItemRendererMixin with maxs=true frames=true
[Architectury Transformer DEBUG] Writing com/drd/backported/mixin/DamageEnchantmentMixin with maxs=true frames=true
[Architectury Transformer DEBUG] Writing com/drd/backported/mixin/WolfRendererMixin with maxs=true frames=true
[Architectury Transformer DEBUG] Writing com/drd/backported/mixin/HumanoidModelMixin with maxs=true frames=true
[Architectury Transformer DEBUG] Writing com/drd/backported/mixin/LocalPlayerMixin with maxs=true frames=true
[Architectury Transformer DEBUG] Writing com/drd/backported/mixin/EnchantmentMixin with maxs=true frames=true
[Architectury Transformer DEBUG] Writing com/drd/backported/mixin/ItemPropertiesMixin with maxs=true frames=true
[Architectury Transformer DEBUG] Writing com/drd/backported/mixin/HeldItemRendererMixin with maxs=true frames=true
[Architectury Transformer DEBUG] Writing com/drd/backported/mixin/EntityMixin with maxs=true frames=true
[Architectury Transformer DEBUG] Writing com/drd/backported/mixin/MinecraftMixin with maxs=true frames=true
[Architectury Transformer DEBUG] Writing com/drd/backported/mixin/ItemInHandLayerMixin with maxs=true frames=true
[Architectury Transformer DEBUG] Writing com/drd/backported/item/ModArmorMaterials with maxs=true frames=true
[Architectury Transformer DEBUG] Writing com/drd/backported/item/SpearItem with maxs=true frames=true
[Architectury Transformer DEBUG] Writing com/drd/backported/item/WindChargeItem with maxs=true frames=true
[Architectury Transformer DEBUG] Writing com/drd/backported/item/CustomBoatItem with maxs=true frames=true
[Architectury Transformer DEBUG] Writing com/drd/backported/item/MaceItem with maxs=true frames=true
[Architectury Transformer DEBUG] Writing com/drd/backported/item/ModToolTiers with maxs=true frames=true
[Architectury Transformer DEBUG] Writing com/drd/backported/item/spear/MovementFixer with maxs=true frames=true
[Architectury Transformer DEBUG] Writing com/drd/backported/item/spear/SpearUser with maxs=true frames=true
[Architectury Transformer DEBUG] Writing com/drd/backported/init/ModEntities with maxs=true frames=true
[Architectury Transformer DEBUG] Writing com/drd/backported/init/ModSounds with maxs=true frames=true
[Architectury Transformer DEBUG] Writing com/drd/backported/init/ModEnchantments with maxs=true frames=true
[Architectury Transformer DEBUG] Writing com/drd/backported/init/ModBlockEntities with maxs=true frames=true
[Architectury Transformer DEBUG] Writing com/drd/backported/init/ModItems with maxs=true frames=true
[Architectury Transformer DEBUG] Writing com/drd/backported/init/ModBlocks with maxs=true frames=true
[Architectury Transformer DEBUG] Writing com/drd/backported/init/ModPaintings with maxs=true frames=true
[Architectury Transformer DEBUG] Writing com/drd/backported/entity/CustomBoat with maxs=true frames=true
[Architectury Transformer DEBUG] Writing com/drd/backported/entity/WindCharge with maxs=true frames=true
[Architectury Transformer DEBUG] Writing com/drd/backported/entity/CustomBoat$Type with maxs=true frames=true
[Architectury Transformer DEBUG] Writing com/drd/backported/entity/CustomChestBoat with maxs=true frames=true
[Architectury Transformer DEBUG] Writing com/drd/backported/entity/variant/WolfVariant with maxs=true frames=true
[Architectury Transformer DEBUG] Writing com/drd/backported/entity/variant/VariantHolder with maxs=true frames=true
[Architectury Transformer DEBUG] Writing com/drd/backported/entity/variant/VariantBiomeMap with maxs=true frames=true
[Architectury Transformer DEBUG] Writing com/drd/backported/enchantment/LungeEnchantment with maxs=true frames=true
[Architectury Transformer DEBUG] Writing com/drd/backported/client/BackportedClient$holdUpAnimation with maxs=true frames=true
[Architectury Transformer DEBUG] Writing com/drd/backported/client/BackportedClient with maxs=true frames=true
[Architectury Transformer DEBUG] Writing com/drd/backported/client/renderer/WindChargeRenderer with maxs=true frames=true
[Architectury Transformer DEBUG] Writing com/drd/backported/client/renderer/CustomBoatRenderer with maxs=true frames=true
[Architectury Transformer DEBUG] Writing com/drd/backported/client/model/WindChargeModel with maxs=true frames=true
[Architectury Transformer DEBUG] Writing com/drd/backported/client/init/ModModelLayers with maxs=true frames=true
[Architectury Transformer DEBUG] Writing com/drd/backported/block/CustomCeilingHangingSignBlock with maxs=true frames=true
[Architectury Transformer DEBUG] Writing com/drd/backported/block/CustomStandingSignBlock with maxs=true frames=true
[Architectury Transformer DEBUG] Writing com/drd/backported/block/CustomWallSignBlock with maxs=true frames=true
[Architectury Transformer DEBUG] Writing com/drd/backported/block/HeavyCoreBlock with maxs=true frames=true
[Architectury Transformer DEBUG] Writing com/drd/backported/block/CustomWallHangingSignBlock with maxs=true frames=true
[Architectury Transformer DEBUG] Writing com/drd/backported/block/entity/CustomHangingSignBlockEntity with maxs=true frames=true
[Architectury Transformer DEBUG] Writing com/drd/backported/block/entity/CustomSignBlockEntity with maxs=true frames=true
[Architectury Transformer DEBUG] Writing com/drd/backported/block/base/IHangingSign with maxs=true frames=true
[Architectury Transformer DEBUG] Checking whether /backported.mixins.json is a mixin config.
[Architectury Transformer DEBUG] Checking whether /architectury.common.json is a mixin config.
[Architectury Transformer DEBUG] Checking whether /backported-common-common-refmap.json is a mixin config.
[Architectury Transformer DEBUG] Closed File Systems for D:\minecraft_mod_repository_branches\backported_real_version\forge-1.20.1\common\build\libs\backported-common-1.0.0-transformProductionFabric.jar
[Architectury Transformer] Transformed jar with 5 transformer(s) in 3.222 s
[Architectury Transformer DEBUG] 
[Architectury Transformer DEBUG] ============================
[Architectury Transformer DEBUG] Transforming from D:\minecraft_mod_repository_branches\backported_real_version\forge-1.20.1\common\build\devlibs\backported-common-1.0.0-dev.jar to D:\minecraft_mod_repository_branches\backported_real_version\forge-1.20.1\common\build\libs\backported-common-1.0.0-transformProductionForge.jar
[Architectury Transformer DEBUG] ============================
[Architectury Transformer DEBUG] 
[Architectury Transformer DEBUG] Transforming 7 transformer(s) from D:\minecraft_mod_repository_branches\backported_real_version\forge-1.20.1\common\build\devlibs\backported-common-1.0.0-dev.jar to D:\minecraft_mod_repository_branches\backported_real_version\forge-1.20.1\common\build\libs\backported-common-1.0.0-transformProductionForge.jar: 
[Architectury Transformer DEBUG]  - dev.architectury.transformer.transformers.TransformExpectPlatform@134d4ec5
[Architectury Transformer DEBUG]  - dev.architectury.transformer.transformers.RemapInjectables@3c9fb351
[Architectury Transformer DEBUG]  - AddRefmapName(enabled=() -> kotlin.Boolean)
[Architectury Transformer DEBUG]  - dev.architectury.transformer.transformers.TransformPlatformOnly@3ee8011e
[Architectury Transformer DEBUG]  - dev.architectury.transformer.transformers.TransformForgeAnnotations@254ac90
[Architectury Transformer DEBUG]  - dev.architectury.transformer.transformers.TransformForgeEnvironment@5e38587f
[Architectury Transformer DEBUG]  - dev.architectury.transformer.transformers.FixForgeMixin@40a4a44e
[Architectury Transformer DEBUG] Transforming from D:\minecraft_mod_repository_branches\backported_real_version\forge-1.20.1\common\build\devlibs\backported-common-1.0.0-dev.jar to D:\minecraft_mod_repository_branches\backported_real_version\forge-1.20.1\common\build\libs\backported-common-1.0.0-transformProductionForge.jar with 7 transformer(s) on dev.architectury.transformer.handler.SimpleTransformerHandler
[Architectury Transformer DEBUG] Reading mixin mappings file: D:\minecraft_mod_repository_branches\backported_real_version\forge-1.20.1\common\build\loom-cache\mixin-map-loom.mappings.1_20_1.layered+hash.40359-v2.main.tiny
[Architectury Transformer DEBUG] Reading mixin mappings file: D:\minecraft_mod_repository_branches\backported_real_version\forge-1.20.1\fabric\build\loom-cache\mixin-map-loom.mappings.1_20_1.layered+hash.40359-v2.main.tiny
[Architectury Transformer DEBUG] Remapping with 3 mapping provider(s):
[Architectury Transformer DEBUG]  - dev.architectury.transformer.transformers.TransformForgeEnvironment$$Lambda$3514/0x000001ca260ed8d8@7b4cc72
[Architectury Transformer DEBUG]  - dev.architectury.transformer.transformers.TransformForgeEnvironment$$Lambda$3514/0x000001ca260ed8d8@5025fe03
[Architectury Transformer DEBUG]  - dev.architectury.transformer.transformers.TransformForgeEnvironment$$Lambda$3515/0x000001ca260edaf8@45b904cf
[Architectury Transformer DEBUG] Provided 57 classpath jar(s):
[Architectury Transformer DEBUG]  - C:\Users\dandi\scoop\apps\gradle\current\.gradle\caches\modules-2\files-2.1\dev.architectury\architectury-injectables\1.0.10\62db2a366d662606d1b23ad02ccc3212ed37ec3\architectury-injectables-1.0.10.jar
[Architectury Transformer DEBUG]  - C:\Users\dandi\scoop\apps\gradle\current\.gradle\caches\modules-2\files-2.1\net.fabricmc\fabric-loader\0.18.4\dc4682125d5db647d6ce80a98b98945835adcd4b\fabric-loader-0.18.4.jar
[Architectury Transformer DEBUG]  - C:\Users\dandi\scoop\apps\gradle\current\.gradle\caches\modules-2\files-2.1\org.jetbrains\annotations\25.0.0\c1e6b966db352094ac3bf7f88f3bdef332fe43f0\annotations-25.0.0.jar
[Architectury Transformer DEBUG]  - C:\Users\dandi\scoop\apps\gradle\current\.gradle\caches\modules-2\files-2.1\org.ow2.asm\asm\9.9\c29635c8a7afa03d74b33c1884df8abb2b3f3dcc\asm-9.9.jar
[Architectury Transformer DEBUG]  - C:\Users\dandi\scoop\apps\gradle\current\.gradle\caches\modules-2\files-2.1\org.ow2.asm\asm-analysis\9.9\bf4fa6e66638851c1cd22c2caea0c3ee5d5f437\asm-analysis-9.9.jar
[Architectury Transformer DEBUG]  - C:\Users\dandi\scoop\apps\gradle\current\.gradle\caches\modules-2\files-2.1\org.ow2.asm\asm-commons\9.9\db9165a3bf908ded6b08612d583a15d1d0c7bda0\asm-commons-9.9.jar
[Architectury Transformer DEBUG]  - C:\Users\dandi\scoop\apps\gradle\current\.gradle\caches\modules-2\files-2.1\org.ow2.asm\asm-tree\9.9\f8de6eead6d24dd0f45bd065bbe112b2cda6ea21\asm-tree-9.9.jar
[Architectury Transformer DEBUG]  - C:\Users\dandi\scoop\apps\gradle\current\.gradle\caches\modules-2\files-2.1\org.ow2.asm\asm-util\9.9\42fdfc0508b43807c8078d6e82ecff2ce2112ae8\asm-util-9.9.jar
[Architectury Transformer DEBUG]  - C:\Users\dandi\scoop\apps\gradle\current\.gradle\caches\modules-2\files-2.1\net.fabricmc\sponge-mixin\0.17.0+mixin.0.8.7\cf31463202f72d03b0ef1e1e38e8ee71b7faaab6\sponge-mixin-0.17.0+mixin.0.8.7.jar
[Architectury Transformer DEBUG]  - C:\Users\dandi\scoop\apps\gradle\current\.gradle\caches\modules-2\files-2.1\io.github.llamalad7\mixinextras-fabric\0.5.0\91a83dfb7abd320f6236bd1fcf5c0ff143d59a13\mixinextras-fabric-0.5.0.jar
[Architectury Transformer DEBUG]  - C:\Users\dandi\scoop\apps\gradle\current\.gradle\caches\modules-2\files-2.1\com.github.oshi\oshi-core\6.2.2\54f5efc19bca95d709d9a37d19ffcbba3d21c1a6\oshi-core-6.2.2.jar
[Architectury Transformer DEBUG]  - C:\Users\dandi\scoop\apps\gradle\current\.gradle\caches\modules-2\files-2.1\com.google.code.gson\gson\2.10\dd9b193aef96e973d5a11ab13cd17430c2e4306b\gson-2.10.jar
[Architectury Transformer DEBUG]  - C:\Users\dandi\scoop\apps\gradle\current\.gradle\caches\modules-2\files-2.1\com.google.guava\failureaccess\1.0.1\1dcf1de382a0bf95a3d8b0849546c88bac1292c9\failureaccess-1.0.1.jar
[Architectury Transformer DEBUG]  - C:\Users\dandi\scoop\apps\gradle\current\.gradle\caches\modules-2\files-2.1\com.google.guava\guava\31.1-jre\60458f877d055d0c9114d9e1a2efb737b4bc282c\guava-31.1-jre.jar
[Architectury Transformer DEBUG]  - C:\Users\dandi\scoop\apps\gradle\current\.gradle\caches\modules-2\files-2.1\com.ibm.icu\icu4j\71.1\9e7d3304c23f9ba5cb71915f7cce23231a57a445\icu4j-71.1.jar
[Architectury Transformer DEBUG]  - C:\Users\dandi\scoop\apps\gradle\current\.gradle\caches\modules-2\files-2.1\com.mojang\authlib\4.0.43\2ff9d747a77570a07a60d32ac77eb6162ad2a2d9\authlib-4.0.43.jar
[Architectury Transformer DEBUG]  - C:\Users\dandi\scoop\apps\gradle\current\.gradle\caches\modules-2\files-2.1\com.mojang\blocklist\1.0.10\5c685c5ffa94c4cd39496c7184c1d122e515ecef\blocklist-1.0.10.jar
[Architectury Transformer DEBUG]  - C:\Users\dandi\scoop\apps\gradle\current\.gradle\caches\modules-2\files-2.1\com.mojang\brigadier\1.1.8\5244ce82c3337bba4a196a3ce858bfaecc74404a\brigadier-1.1.8.jar
[Architectury Transformer DEBUG]  - C:\Users\dandi\scoop\apps\gradle\current\.gradle\caches\modules-2\files-2.1\com.mojang\datafixerupper\6.0.8\3ba4a30557a9b057760af4011f909ba619fc5125\datafixerupper-6.0.8.jar
[Architectury Transformer DEBUG]  - C:\Users\dandi\scoop\apps\gradle\current\.gradle\caches\modules-2\files-2.1\com.mojang\logging\1.1.1\832b8e6674a9b325a5175a3a6267dfaf34c85139\logging-1.1.1.jar
[Architectury Transformer DEBUG]  - C:\Users\dandi\scoop\apps\gradle\current\.gradle\caches\modules-2\files-2.1\com.mojang\patchy\2.2.10\da05971b07cbb379d002cf7eaec6a2048211fefc\patchy-2.2.10.jar
[Architectury Transformer DEBUG]  - C:\Users\dandi\scoop\apps\gradle\current\.gradle\caches\modules-2\files-2.1\com.mojang\text2speech\1.17.9\3cad216e3a7f0c19b4b394388bc9ffc446f13b14\text2speech-1.17.9.jar
[Architectury Transformer DEBUG]  - C:\Users\dandi\scoop\apps\gradle\current\.gradle\caches\modules-2\files-2.1\commons-codec\commons-codec\1.15\49d94806b6e3dc933dacbd8acb0fdbab8ebd1e5d\commons-codec-1.15.jar
[Architectury Transformer DEBUG]  - C:\Users\dandi\scoop\apps\gradle\current\.gradle\caches\modules-2\files-2.1\commons-io\commons-io\2.11.0\a2503f302b11ebde7ebc3df41daebe0e4eea3689\commons-io-2.11.0.jar
[Architectury Transformer DEBUG]  - C:\Users\dandi\scoop\apps\gradle\current\.gradle\caches\modules-2\files-2.1\commons-logging\commons-logging\1.2\4bfc12adfe4842bf07b657f0369c4cb522955686\commons-logging-1.2.jar
[Architectury Transformer DEBUG]  - C:\Users\dandi\scoop\apps\gradle\current\.gradle\caches\modules-2\files-2.1\io.netty\netty-buffer\4.1.82.Final\a544270cf1ae8b8077082f5036436a9a9971ea71\netty-buffer-4.1.82.Final.jar
[Architectury Transformer DEBUG]  - C:\Users\dandi\scoop\apps\gradle\current\.gradle\caches\modules-2\files-2.1\io.netty\netty-codec\4.1.82.Final\b77200379acb345a9ffdece1c605e591ac3e4e0a\netty-codec-4.1.82.Final.jar
[Architectury Transformer DEBUG]  - C:\Users\dandi\scoop\apps\gradle\current\.gradle\caches\modules-2\files-2.1\io.netty\netty-common\4.1.82.Final\22d148e85c3f5ebdacc0ce1f5aabb1d420f73f3\netty-common-4.1.82.Final.jar
[Architectury Transformer DEBUG]  - C:\Users\dandi\scoop\apps\gradle\current\.gradle\caches\modules-2\files-2.1\io.netty\netty-handler\4.1.82.Final\644041d1fa96a5d3130a29e8978630d716d76e38\netty-handler-4.1.82.Final.jar
[Architectury Transformer DEBUG]  - C:\Users\dandi\scoop\apps\gradle\current\.gradle\caches\modules-2\files-2.1\io.netty\netty-resolver\4.1.82.Final\38f665ae8dcd29032eea31245ba7806bed2e0fa8\netty-resolver-4.1.82.Final.jar
[Architectury Transformer DEBUG]  - C:\Users\dandi\scoop\apps\gradle\current\.gradle\caches\modules-2\files-2.1\io.netty\netty-transport-classes-epoll\4.1.82.Final\e7c7dd18deac93105797f30057c912651ea76521\netty-transport-classes-epoll-4.1.82.Final.jar
[Architectury Transformer DEBUG]  - C:\Users\dandi\scoop\apps\gradle\current\.gradle\caches\modules-2\files-2.1\io.netty\netty-transport-native-unix-common\4.1.82.Final\3e895b35ca1b8a0eca56cacff4c2dde5d2c6abce\netty-transport-native-unix-common-4.1.82.Final.jar
[Architectury Transformer DEBUG]  - C:\Users\dandi\scoop\apps\gradle\current\.gradle\caches\modules-2\files-2.1\io.netty\netty-transport\4.1.82.Final\e431a218d91acb6476ccad5f5aafde50aa3945ca\netty-transport-4.1.82.Final.jar
[Architectury Transformer DEBUG]  - C:\Users\dandi\scoop\apps\gradle\current\.gradle\caches\modules-2\files-2.1\it.unimi.dsi\fastutil\8.5.9\bb7ea75ecdb216654237830b3a96d87ad91f8cc5\fastutil-8.5.9.jar
[Architectury Transformer DEBUG]  - C:\Users\dandi\scoop\apps\gradle\current\.gradle\caches\modules-2\files-2.1\net.java.dev.jna\jna-platform\5.12.1\97406a297c852f4a41e688a176ec675f72e8329\jna-platform-5.12.1.jar
[Architectury Transformer DEBUG]  - C:\Users\dandi\scoop\apps\gradle\current\.gradle\caches\modules-2\files-2.1\net.java.dev.jna\jna\5.12.1\b1e93a735caea94f503e95e6fe79bf9cdc1e985d\jna-5.12.1.jar
[Architectury Transformer DEBUG]  - C:\Users\dandi\scoop\apps\gradle\current\.gradle\caches\modules-2\files-2.1\net.sf.jopt-simple\jopt-simple\5.0.4\4fdac2fbe92dfad86aa6e9301736f6b4342a3f5c\jopt-simple-5.0.4.jar
[Architectury Transformer DEBUG]  - C:\Users\dandi\scoop\apps\gradle\current\.gradle\caches\modules-2\files-2.1\org.apache.commons\commons-compress\1.21\4ec95b60d4e86b5c95a0e919cb172a0af98011ef\commons-compress-1.21.jar
[Architectury Transformer DEBUG]  - C:\Users\dandi\scoop\apps\gradle\current\.gradle\caches\modules-2\files-2.1\org.apache.commons\commons-lang3\3.12.0\c6842c86792ff03b9f1d1fe2aab8dc23aa6c6f0e\commons-lang3-3.12.0.jar
[Architectury Transformer DEBUG]  - C:\Users\dandi\scoop\apps\gradle\current\.gradle\caches\modules-2\files-2.1\org.apache.httpcomponents\httpclient\4.5.13\e5f6cae5ca7ecaac1ec2827a9e2d65ae2869cada\httpclient-4.5.13.jar
[Architectury Transformer DEBUG]  - C:\Users\dandi\scoop\apps\gradle\current\.gradle\caches\modules-2\files-2.1\org.apache.httpcomponents\httpcore\4.4.15\7f2e0c573eaa7a74bac2e89b359e1f73d92a0a1d\httpcore-4.4.15.jar
[Architectury Transformer DEBUG]  - C:\Users\dandi\scoop\apps\gradle\current\.gradle\caches\modules-2\files-2.1\org.apache.logging.log4j\log4j-api\2.19.0\ea1b37f38c327596b216542bc636cfdc0b8036fa\log4j-api-2.19.0.jar
[Architectury Transformer DEBUG]  - C:\Users\dandi\scoop\apps\gradle\current\.gradle\caches\modules-2\files-2.1\org.apache.logging.log4j\log4j-core\2.19.0\3b6eeb4de4c49c0fe38a4ee27188ff5fee44d0bb\log4j-core-2.19.0.jar
[Architectury Transformer DEBUG]  - C:\Users\dandi\scoop\apps\gradle\current\.gradle\caches\modules-2\files-2.1\org.apache.logging.log4j\log4j-slf4j2-impl\2.19.0\5c04bfdd63ce9dceb2e284b81e96b6a70010ee10\log4j-slf4j2-impl-2.19.0.jar
[Architectury Transformer DEBUG]  - C:\Users\dandi\scoop\apps\gradle\current\.gradle\caches\modules-2\files-2.1\org.joml\joml\1.10.5\22566d58af70ad3d72308bab63b8339906deb649\joml-1.10.5.jar
[Architectury Transformer DEBUG]  - C:\Users\dandi\scoop\apps\gradle\current\.gradle\caches\modules-2\files-2.1\org.lwjgl\lwjgl-glfw\3.3.1\cbac1b8d30cb4795149c1ef540f912671a8616d0\lwjgl-glfw-3.3.1.jar
[Architectury Transformer DEBUG]  - C:\Users\dandi\scoop\apps\gradle\current\.gradle\caches\modules-2\files-2.1\org.lwjgl\lwjgl-jemalloc\3.3.1\a817bcf213db49f710603677457567c37d53e103\lwjgl-jemalloc-3.3.1.jar
[Architectury Transformer DEBUG]  - C:\Users\dandi\scoop\apps\gradle\current\.gradle\caches\modules-2\files-2.1\org.lwjgl\lwjgl-openal\3.3.1\2623a6b8ae1dfcd880738656a9f0243d2e6840bd\lwjgl-openal-3.3.1.jar
[Architectury Transformer DEBUG]  - C:\Users\dandi\scoop\apps\gradle\current\.gradle\caches\modules-2\files-2.1\org.lwjgl\lwjgl-opengl\3.3.1\831a5533a21a5f4f81bbc51bb13e9899319b5411\lwjgl-opengl-3.3.1.jar
[Architectury Transformer DEBUG]  - C:\Users\dandi\scoop\apps\gradle\current\.gradle\caches\modules-2\files-2.1\org.lwjgl\lwjgl-stb\3.3.1\b119297cf8ed01f247abe8685857f8e7fcf5980f\lwjgl-stb-3.3.1.jar
[Architectury Transformer DEBUG]  - C:\Users\dandi\scoop\apps\gradle\current\.gradle\caches\modules-2\files-2.1\org.lwjgl\lwjgl-tinyfd\3.3.1\ff1914111ef2e3e0110ef2dabc8d8cdaad82347\lwjgl-tinyfd-3.3.1.jar
[Architectury Transformer DEBUG]  - C:\Users\dandi\scoop\apps\gradle\current\.gradle\caches\modules-2\files-2.1\org.lwjgl\lwjgl\3.3.1\ae58664f88e18a9bb2c77b063833ca7aaec484cb\lwjgl-3.3.1.jar
[Architectury Transformer DEBUG]  - C:\Users\dandi\scoop\apps\gradle\current\.gradle\caches\modules-2\files-2.1\org.slf4j\slf4j-api\2.0.1\f48d81adce2abf5ad3cfe463df517952749e03bc\slf4j-api-2.0.1.jar
[Architectury Transformer DEBUG]  - D:\minecraft_mod_repository_branches\backported_real_version\forge-1.20.1\.gradle\loom-cache\minecraftMaven\net\minecraft\minecraft-merged-3760f957dc\1.20.1-loom.mappings.1_20_1.layered+hash.40359-v2\minecraft-merged-3760f957dc-1.20.1-loom.mappings.1_20_1.layered+hash.40359-v2.jar
[Architectury Transformer DEBUG]  - C:\Users\dandi\scoop\apps\gradle\current\.gradle\caches\modules-2\files-2.1\io.netty\netty-transport-native-epoll\4.1.82.Final\c7350a71920f3ae9142945e25fed4846cce53374\netty-transport-native-epoll-4.1.82.Final-linux-x86_64.jar
[Architectury Transformer DEBUG]  - C:\Users\dandi\scoop\apps\gradle\current\.gradle\caches\modules-2\files-2.1\io.netty\netty-transport-native-epoll\4.1.82.Final\476409d6255001ca53a55f65b01c13822f8dc93a\netty-transport-native-epoll-4.1.82.Final-linux-aarch_64.jar
[Architectury Transformer DEBUG]  - D:\minecraft_mod_repository_branches\backported_real_version\forge-1.20.1\.gradle\loom-cache\remapped_mods\loom_mappings_1_20_1_layered_hash_40359_v2\dev\architectury\architectury\9.2.14\architectury-9.2.14.jar
[Architectury Transformer] Read classpath in 1.104 s
[Architectury Transformer DEBUG] Remap mixin method com/drd/backported/mixin/HumanoidModelMixin#getArm(Lnet/minecraft/world/entity/HumanoidArm;)Lnet/minecraft/client/model/geom/ModelPart; -> m_102851_
[Architectury Transformer DEBUG] Remap mixin method com/drd/backported/mixin/ItemPropertiesMixin#registerGeneric(Lnet/minecraft/resources/ResourceLocation;Lnet/minecraft/client/renderer/item/ClampedItemPropertyFunction;)Lnet/minecraft/client/renderer/item/ClampedItemPropertyFunction; -> m_174581_
[Architectury Transformer DEBUG] Remap mixin method com/drd/backported/mixin/LivingEntityMixin#getMainHandItem()Lnet/minecraft/world/item/ItemStack; -> m_21205_
[Architectury Transformer DEBUG] Remap mixin method com/drd/backported/mixin/LivingEntityMixin#getOffhandItem()Lnet/minecraft/world/item/ItemStack; -> m_21206_
[Architectury Transformer DEBUG] Remap mixin method com/drd/backported/mixin/LivingEntityMixin#hasEffect(Lnet/minecraft/world/effect/MobEffect;)Z -> m_21023_
[Architectury Transformer DEBUG] Remap mixin method com/drd/backported/mixin/LivingEntityMixin#getEffect(Lnet/minecraft/world/effect/MobEffect;)Lnet/minecraft/world/effect/MobEffectInstance; -> m_21124_
[Architectury Transformer DEBUG] Remap mixin field com/drd/backported/mixin/EnchantmentMixin#category:Lnet/minecraft/world/item/enchantment/EnchantmentCategory; -> f_44672_
[Architectury Transformer DEBUG] Remap mixin field com/drd/backported/mixin/EntityMixin#xo:D -> f_19854_
[Architectury Transformer DEBUG] Remap mixin field com/drd/backported/mixin/EntityMixin#yo:D -> f_19855_
[Architectury Transformer DEBUG] Remap mixin field com/drd/backported/mixin/EntityMixin#zo:D -> f_19856_
[Architectury Transformer DEBUG] Remap mixin field com/drd/backported/mixin/HumanoidModelMixin#rightArm:Lnet/minecraft/client/model/geom/ModelPart; -> f_102811_
[Architectury Transformer DEBUG] Remap mixin field com/drd/backported/mixin/HumanoidModelMixin#leftArm:Lnet/minecraft/client/model/geom/ModelPart; -> f_102812_
[Architectury Transformer DEBUG] Remap mixin field com/drd/backported/mixin/HumanoidModelMixin#body:Lnet/minecraft/client/model/geom/ModelPart; -> f_102810_
[Architectury Transformer DEBUG] Remap mixin field com/drd/backported/mixin/HumanoidModelMixin#head:Lnet/minecraft/client/model/geom/ModelPart; -> f_102808_
[Architectury Transformer DEBUG] Remap mixin field com/drd/backported/mixin/HumanoidModelMixin#rightArmPose:Lnet/minecraft/client/model/HumanoidModel$ArmPose; -> f_102816_
[Architectury Transformer DEBUG] Remap mixin field com/drd/backported/mixin/HumanoidModelMixin#leftArmPose:Lnet/minecraft/client/model/HumanoidModel$ArmPose; -> f_102815_
[Architectury Transformer DEBUG] Remap mixin field com/drd/backported/mixin/ItemRendererMixin#itemModelShaper:Lnet/minecraft/client/renderer/ItemModelShaper; -> f_115095_
[Architectury Transformer DEBUG] Remap mixin field com/drd/backported/mixin/LocalPlayerMixin#input:Lnet/minecraft/client/player/Input; -> f_108618_
[Architectury Transformer DEBUG] Remap mixin field com/drd/backported/mixin/LocalPlayerMixin#minecraft:Lnet/minecraft/client/Minecraft; -> f_108619_
[Architectury Transformer DEBUG] Remap mixin field com/drd/backported/fabric/mixin/HangingSignEditScreenMixin#texture:Lnet/minecraft/resources/ResourceLocation; -> f_243720_
[Architectury Transformer DEBUG] Remapping Classes:
[Architectury Transformer DEBUG] net/fabricmc/api/EnvType -> net/minecraftforge/api/distmarker/Dist
[Architectury Transformer DEBUG] net/fabricmc/api/Environment -> net/minecraftforge/api/distmarker/OnlyIn
[Architectury Transformer DEBUG] Found class transformer
[Architectury Transformer DEBUG] Writing com/drd/backported/Backported with maxs=true frames=true
[Architectury Transformer DEBUG] Writing com/drd/backported/util/ModTags$Blocks with maxs=true frames=true
[Architectury Transformer DEBUG] Writing com/drd/backported/util/StrippableAccess with maxs=true frames=true
[Architectury Transformer DEBUG] Writing com/drd/backported/util/ModTags with maxs=true frames=true
[Architectury Transformer DEBUG] Writing com/drd/backported/util/ModTags$Items with maxs=true frames=true
[Architectury Transformer DEBUG] Writing com/drd/backported/util/ModSoundTypes with maxs=true frames=true
[Architectury Transformer DEBUG] Writing com/drd/backported/util/ModWoodTypes with maxs=true frames=true
[Architectury Transformer DEBUG] Writing com/drd/backported/util/ModStrippables with maxs=true frames=true
[Architectury Transformer DEBUG] Writing com/drd/backported/platform/CommonPlatformUtils with maxs=true frames=true
[Architectury Transformer DEBUG] Writing com/drd/backported/mixin/WoodTypeInvoker with maxs=true frames=true
[Architectury Transformer DEBUG] Writing com/drd/backported/mixin/ItemInHandRendererInvoker with maxs=true frames=true
[Architectury Transformer DEBUG] Writing com/drd/backported/mixin/ServerPlayerMixin with maxs=true frames=true
[Architectury Transformer DEBUG] Writing com/drd/backported/mixin/DamageEnchantmentMixin with maxs=true frames=true
[Architectury Transformer DEBUG] Writing com/drd/backported/mixin/ItemRendererMixin with maxs=true frames=true
[Architectury Transformer DEBUG] Writing com/drd/backported/mixin/WolfRendererMixin with maxs=true frames=true
[Architectury Transformer DEBUG] Writing com/drd/backported/mixin/HumanoidModelMixin with maxs=true frames=true
[Architectury Transformer DEBUG] Writing com/drd/backported/mixin/LivingEntityMixin with maxs=true frames=true
[Architectury Transformer DEBUG] Writing com/drd/backported/mixin/ItemInHandLayerMixin with maxs=true frames=true
[Architectury Transformer DEBUG] Writing com/drd/backported/mixin/LocalPlayerMixin with maxs=true frames=true
[Architectury Transformer DEBUG] Writing com/drd/backported/mixin/EnchantmentMixin with maxs=true frames=true
[Architectury Transformer DEBUG] Writing com/drd/backported/mixin/HeldItemRendererMixin with maxs=true frames=true
[Architectury Transformer DEBUG] Writing com/drd/backported/mixin/EntityMixin with maxs=true frames=true
[Architectury Transformer DEBUG] Writing com/drd/backported/mixin/MinecraftMixin with maxs=true frames=true
[Architectury Transformer DEBUG] Writing com/drd/backported/mixin/ItemPropertiesMixin with maxs=true frames=true
[Architectury Transformer DEBUG] Writing com/drd/backported/item/ModArmorMaterials with maxs=true frames=true
[Architectury Transformer DEBUG] Writing com/drd/backported/item/CustomBoatItem with maxs=true frames=true
[Architectury Transformer DEBUG] Writing com/drd/backported/item/WindChargeItem with maxs=true frames=true
[Architectury Transformer DEBUG] Writing com/drd/backported/item/MaceItem with maxs=true frames=true
[Architectury Transformer DEBUG] Writing com/drd/backported/item/SpearItem with maxs=true frames=true
[Architectury Transformer DEBUG] Writing com/drd/backported/item/ModToolTiers with maxs=true frames=true
[Architectury Transformer DEBUG] Writing com/drd/backported/item/spear/MovementFixer with maxs=true frames=true
[Architectury Transformer DEBUG] Writing com/drd/backported/item/spear/SpearUser with maxs=true frames=true
[Architectury Transformer DEBUG] Writing com/drd/backported/init/ModEntities with maxs=true frames=true
[Architectury Transformer DEBUG] Writing com/drd/backported/init/ModSounds with maxs=true frames=true
[Architectury Transformer DEBUG] Writing com/drd/backported/init/ModEnchantments with maxs=true frames=true
[Architectury Transformer DEBUG] Writing com/drd/backported/init/ModItems with maxs=true frames=true
[Architectury Transformer DEBUG] Writing com/drd/backported/init/ModPaintings with maxs=true frames=true
[Architectury Transformer DEBUG] Writing com/drd/backported/init/ModBlocks with maxs=true frames=true
[Architectury Transformer DEBUG] Writing com/drd/backported/init/ModBlockEntities with maxs=true frames=true
[Architectury Transformer DEBUG] Writing com/drd/backported/entity/CustomBoat with maxs=true frames=true
[Architectury Transformer DEBUG] Writing com/drd/backported/entity/WindCharge with maxs=true frames=true
[Architectury Transformer DEBUG] Writing com/drd/backported/entity/CustomBoat$Type with maxs=true frames=true
[Architectury Transformer DEBUG] Writing com/drd/backported/entity/CustomChestBoat with maxs=true frames=true
[Architectury Transformer DEBUG] Writing com/drd/backported/entity/variant/WolfVariant with maxs=true frames=true
[Architectury Transformer DEBUG] Writing com/drd/backported/entity/variant/VariantHolder with maxs=true frames=true
[Architectury Transformer DEBUG] Writing com/drd/backported/entity/variant/VariantBiomeMap with maxs=true frames=true
[Architectury Transformer DEBUG] Writing com/drd/backported/enchantment/LungeEnchantment with maxs=true frames=true
[Architectury Transformer DEBUG] Writing com/drd/backported/client/BackportedClient$holdUpAnimation with maxs=true frames=true
[Architectury Transformer DEBUG] Writing com/drd/backported/client/BackportedClient with maxs=true frames=true
[Architectury Transformer DEBUG] Writing com/drd/backported/client/renderer/WindChargeRenderer with maxs=true frames=true
[Architectury Transformer DEBUG] Writing com/drd/backported/client/renderer/CustomBoatRenderer with maxs=true frames=true
[Architectury Transformer DEBUG] Writing com/drd/backported/client/model/WindChargeModel with maxs=true frames=true
[Architectury Transformer DEBUG] Writing com/drd/backported/client/init/ModModelLayers with maxs=true frames=true
[Architectury Transformer DEBUG] Writing com/drd/backported/block/CustomCeilingHangingSignBlock with maxs=true frames=true
[Architectury Transformer DEBUG] Writing com/drd/backported/block/CustomStandingSignBlock with maxs=true frames=true
[Architectury Transformer DEBUG] Writing com/drd/backported/block/CustomWallSignBlock with maxs=true frames=true
[Architectury Transformer DEBUG] Writing com/drd/backported/block/HeavyCoreBlock with maxs=true frames=true
[Architectury Transformer DEBUG] Writing com/drd/backported/block/CustomWallHangingSignBlock with maxs=true frames=true
[Architectury Transformer DEBUG] Writing com/drd/backported/block/entity/CustomHangingSignBlockEntity with maxs=true frames=true
[Architectury Transformer DEBUG] Writing com/drd/backported/block/entity/CustomSignBlockEntity with maxs=true frames=true
[Architectury Transformer DEBUG] Writing com/drd/backported/block/base/IHangingSign with maxs=true frames=true
[Architectury Transformer DEBUG] Checking whether /backported.mixins.json is a mixin config.
[Architectury Transformer DEBUG] Checking whether /architectury.common.json is a mixin config.
[Architectury Transformer DEBUG] Checking whether /backported-common-common-refmap.json is a mixin config.
[Architectury Transformer DEBUG] Checking whether /backported.mixins.json is a mixin config.
[Architectury Transformer DEBUG] Checking whether /architectury.common.json is a mixin config.
[Architectury Transformer DEBUG] Checking whether /backported-common-common-refmap.json is a mixin config.
[Architectury Transformer DEBUG] Found mixin config(s): backported.mixins.json
[Architectury Transformer DEBUG] Injecting MixinConfigs into /META-INF/MANIFEST.MF
[Architectury Transformer DEBUG] Remapping refmap from intermediary to srg: backported-common-common-refmap.json
[Architectury Transformer DEBUG] Remapped refmap value Lnet/minecraft/class_1882;method_8192(Lnet/minecraft/class_1799;)Z -> Lnet/minecraft/world/item/enchantment/DamageEnchantment;m_6081_(Lnet/minecraft/world/item/ItemStack;)Z
[Architectury Transformer DEBUG] Remapped refmap value Lnet/minecraft/class_1887;method_8192(Lnet/minecraft/class_1799;)Z -> Lnet/minecraft/world/item/enchantment/Enchantment;m_6081_(Lnet/minecraft/world/item/ItemStack;)Z
[Architectury Transformer DEBUG] Remapped refmap value Lnet/minecraft/class_1297;method_5784(Lnet/minecraft/class_1313;Lnet/minecraft/class_243;)V -> Lnet/minecraft/world/entity/Entity;m_6478_(Lnet/minecraft/world/entity/MoverType;Lnet/minecraft/world/phys/Vec3;)V
[Architectury Transformer DEBUG] Remapped refmap value Lnet/minecraft/class_4587;method_46416(FFF)V -> Lcom/mojang/blaze3d/vertex/PoseStack;m_252880_(FFF)V
[Architectury Transformer DEBUG] Remapped refmap value Lnet/minecraft/class_759;method_3217(Lnet/minecraft/class_4587;Lnet/minecraft/class_1306;F)V -> Lnet/minecraft/client/renderer/ItemInHandRenderer;m_109335_(Lcom/mojang/blaze3d/vertex/PoseStack;Lnet/minecraft/world/entity/HumanoidArm;F)V
[Architectury Transformer DEBUG] Remapped refmap value Lnet/minecraft/class_759;method_3224(Lnet/minecraft/class_4587;Lnet/minecraft/class_1306;F)V -> Lnet/minecraft/client/renderer/ItemInHandRenderer;m_109382_(Lcom/mojang/blaze3d/vertex/PoseStack;Lnet/minecraft/world/entity/HumanoidArm;F)V
[Architectury Transformer DEBUG] Remapped refmap value Lnet/minecraft/class_1799;method_7976()Lnet/minecraft/class_1839; -> Lnet/minecraft/world/item/ItemStack;m_41780_()Lnet/minecraft/world/item/UseAnim;
[Architectury Transformer DEBUG] Remapped refmap value Lnet/minecraft/class_759;method_3228(Lnet/minecraft/class_742;FFLnet/minecraft/class_1268;FLnet/minecraft/class_1799;FLnet/minecraft/class_4587;Lnet/minecraft/class_4597;I)V -> Lnet/minecraft/client/renderer/ItemInHandRenderer;m_109371_(Lnet/minecraft/client/player/AbstractClientPlayer;FFLnet/minecraft/world/InteractionHand;FLnet/minecraft/world/item/ItemStack;FLcom/mojang/blaze3d/vertex/PoseStack;Lnet/minecraft/client/renderer/MultiBufferSource;I)V
[Architectury Transformer DEBUG] Remapped refmap value Lnet/minecraft/class_3532;method_15374(F)F -> Lnet/minecraft/util/Mth;m_14031_(F)F
[Architectury Transformer DEBUG] Remapped refmap value Lnet/minecraft/class_572;method_30155(Lnet/minecraft/class_1309;)V -> Lnet/minecraft/client/model/HumanoidModel;m_102878_(Lnet/minecraft/world/entity/LivingEntity;)V
[Architectury Transformer DEBUG] Remapped refmap value Lnet/minecraft/class_572;method_30154(Lnet/minecraft/class_1309;)V -> Lnet/minecraft/client/model/HumanoidModel;m_102875_(Lnet/minecraft/world/entity/LivingEntity;)V
[Architectury Transformer DEBUG] Remapped refmap value Lnet/minecraft/class_572;method_29353(Lnet/minecraft/class_1309;F)V -> Lnet/minecraft/client/model/HumanoidModel;m_7884_(Lnet/minecraft/world/entity/LivingEntity;F)V
[Architectury Transformer DEBUG] Remapped refmap value Lnet/minecraft/class_989;method_4192(Lnet/minecraft/class_1309;Lnet/minecraft/class_1799;Lnet/minecraft/class_811;Lnet/minecraft/class_1306;Lnet/minecraft/class_4587;Lnet/minecraft/class_4597;I)V -> Lnet/minecraft/client/renderer/entity/layers/ItemInHandLayer;m_117184_(Lnet/minecraft/world/entity/LivingEntity;Lnet/minecraft/world/item/ItemStack;Lnet/minecraft/world/item/ItemDisplayContext;Lnet/minecraft/world/entity/HumanoidArm;Lcom/mojang/blaze3d/vertex/PoseStack;Lnet/minecraft/client/renderer/MultiBufferSource;I)V
[Architectury Transformer DEBUG] Remapped refmap value method_3217(Lnet/minecraft/class_4587;Lnet/minecraft/class_1306;F)V -> m_109335_(Lcom/mojang/blaze3d/vertex/PoseStack;Lnet/minecraft/world/entity/HumanoidArm;F)V
[Architectury Transformer DEBUG] Remapped refmap value method_3224(Lnet/minecraft/class_4587;Lnet/minecraft/class_1306;F)V -> m_109382_(Lcom/mojang/blaze3d/vertex/PoseStack;Lnet/minecraft/world/entity/HumanoidArm;F)V
[Architectury Transformer DEBUG] Remapped refmap value Lnet/minecraft/class_918;method_23179(Lnet/minecraft/class_1799;Lnet/minecraft/class_811;ZLnet/minecraft/class_4587;Lnet/minecraft/class_4597;IILnet/minecraft/class_1087;)V -> Lnet/minecraft/client/renderer/entity/ItemRenderer;m_115143_(Lnet/minecraft/world/item/ItemStack;Lnet/minecraft/world/item/ItemDisplayContext;ZLcom/mojang/blaze3d/vertex/PoseStack;Lnet/minecraft/client/renderer/MultiBufferSource;IILnet/minecraft/client/resources/model/BakedModel;)V
[Architectury Transformer DEBUG] Remapped refmap value Lnet/minecraft/class_1309;method_32876(Lnet/minecraft/class_5712;)V -> Lnet/minecraft/world/entity/LivingEntity;m_146850_(Lnet/minecraft/world/level/gameevent/GameEvent;)V
[Architectury Transformer DEBUG] Remapped refmap value Lnet/minecraft/class_1309;method_6085(IZ)V -> Lnet/minecraft/world/entity/LivingEntity;m_21155_(IZ)V
[Architectury Transformer DEBUG] Remapped refmap value Lnet/minecraft/class_1309;method_6028()I -> Lnet/minecraft/world/entity/LivingEntity;m_21304_()I
[Architectury Transformer DEBUG] Remapped refmap value Lnet/minecraft/class_1309;method_5711(B)V -> Lnet/minecraft/world/entity/LivingEntity;m_7822_(B)V
[Architectury Transformer DEBUG] Remapped refmap value Lnet/minecraft/class_1309;method_6019(Lnet/minecraft/class_1268;)V -> Lnet/minecraft/world/entity/LivingEntity;m_6672_(Lnet/minecraft/world/InteractionHand;)V
[Architectury Transformer DEBUG] Remapped refmap value Lnet/minecraft/class_1309;method_6021()V -> Lnet/minecraft/world/entity/LivingEntity;m_5810_()V
[Architectury Transformer DEBUG] Remapped refmap value Lnet/minecraft/class_1309;method_5773()V -> Lnet/minecraft/world/entity/LivingEntity;m_8119_()V
[Architectury Transformer DEBUG] Remapped refmap value Lnet/minecraft/class_746;method_6115()Z -> Lnet/minecraft/client/player/LocalPlayer;m_6117_()Z
[Architectury Transformer DEBUG] Remapped refmap value Lnet/minecraft/class_746;method_6007()V -> Lnet/minecraft/client/player/LocalPlayer;m_8107_()V
[Architectury Transformer DEBUG] Remapped refmap value Lnet/minecraft/class_746;method_48300()Z -> Lnet/minecraft/client/player/LocalPlayer;m_264082_()Z
[Architectury Transformer DEBUG] Remapped refmap value Lnet/minecraft/class_746;method_5998(Lnet/minecraft/class_1268;)Lnet/minecraft/class_1799; -> Lnet/minecraft/client/player/LocalPlayer;m_21120_(Lnet/minecraft/world/InteractionHand;)Lnet/minecraft/world/item/ItemStack;
[Architectury Transformer DEBUG] Remapped refmap value Lnet/minecraft/class_310;method_1536()Z -> Lnet/minecraft/client/Minecraft;m_202354_()Z
[Architectury Transformer DEBUG] Remapped refmap value Lnet/minecraft/class_969;method_4165(Lnet/minecraft/class_1493;)Lnet/minecraft/class_2960; -> Lnet/minecraft/client/renderer/entity/WolfRenderer;m_5478_(Lnet/minecraft/world/entity/animal/Wolf;)Lnet/minecraft/resources/ResourceLocation;
[Architectury Transformer DEBUG] Remapped refmap value method_24027(Lnet/minecraft/class_4719;)Lnet/minecraft/class_4719; -> m_61844_(Lnet/minecraft/world/level/block/state/properties/WoodType;)Lnet/minecraft/world/level/block/state/properties/WoodType;
[Architectury Transformer DEBUG] Remapped refmap value Lnet/minecraft/class_1882;method_8192(Lnet/minecraft/class_1799;)Z -> Lnet/minecraft/world/item/enchantment/DamageEnchantment;m_6081_(Lnet/minecraft/world/item/ItemStack;)Z
[Architectury Transformer DEBUG] Remapped refmap value Lnet/minecraft/class_1887;method_8192(Lnet/minecraft/class_1799;)Z -> Lnet/minecraft/world/item/enchantment/Enchantment;m_6081_(Lnet/minecraft/world/item/ItemStack;)Z
[Architectury Transformer DEBUG] Remapped refmap value Lnet/minecraft/class_1297;method_5784(Lnet/minecraft/class_1313;Lnet/minecraft/class_243;)V -> Lnet/minecraft/world/entity/Entity;m_6478_(Lnet/minecraft/world/entity/MoverType;Lnet/minecraft/world/phys/Vec3;)V
[Architectury Transformer DEBUG] Remapped refmap value Lnet/minecraft/class_4587;method_46416(FFF)V -> Lcom/mojang/blaze3d/vertex/PoseStack;m_252880_(FFF)V
[Architectury Transformer DEBUG] Remapped refmap value Lnet/minecraft/class_759;method_3217(Lnet/minecraft/class_4587;Lnet/minecraft/class_1306;F)V -> Lnet/minecraft/client/renderer/ItemInHandRenderer;m_109335_(Lcom/mojang/blaze3d/vertex/PoseStack;Lnet/minecraft/world/entity/HumanoidArm;F)V
[Architectury Transformer DEBUG] Remapped refmap value Lnet/minecraft/class_759;method_3224(Lnet/minecraft/class_4587;Lnet/minecraft/class_1306;F)V -> Lnet/minecraft/client/renderer/ItemInHandRenderer;m_109382_(Lcom/mojang/blaze3d/vertex/PoseStack;Lnet/minecraft/world/entity/HumanoidArm;F)V
[Architectury Transformer DEBUG] Remapped refmap value Lnet/minecraft/class_1799;method_7976()Lnet/minecraft/class_1839; -> Lnet/minecraft/world/item/ItemStack;m_41780_()Lnet/minecraft/world/item/UseAnim;
[Architectury Transformer DEBUG] Remapped refmap value Lnet/minecraft/class_759;method_3228(Lnet/minecraft/class_742;FFLnet/minecraft/class_1268;FLnet/minecraft/class_1799;FLnet/minecraft/class_4587;Lnet/minecraft/class_4597;I)V -> Lnet/minecraft/client/renderer/ItemInHandRenderer;m_109371_(Lnet/minecraft/client/player/AbstractClientPlayer;FFLnet/minecraft/world/InteractionHand;FLnet/minecraft/world/item/ItemStack;FLcom/mojang/blaze3d/vertex/PoseStack;Lnet/minecraft/client/renderer/MultiBufferSource;I)V
[Architectury Transformer DEBUG] Remapped refmap value Lnet/minecraft/class_3532;method_15374(F)F -> Lnet/minecraft/util/Mth;m_14031_(F)F
[Architectury Transformer DEBUG] Remapped refmap value Lnet/minecraft/class_572;method_30155(Lnet/minecraft/class_1309;)V -> Lnet/minecraft/client/model/HumanoidModel;m_102878_(Lnet/minecraft/world/entity/LivingEntity;)V
[Architectury Transformer DEBUG] Remapped refmap value Lnet/minecraft/class_572;method_30154(Lnet/minecraft/class_1309;)V -> Lnet/minecraft/client/model/HumanoidModel;m_102875_(Lnet/minecraft/world/entity/LivingEntity;)V
[Architectury Transformer DEBUG] Remapped refmap value Lnet/minecraft/class_572;method_29353(Lnet/minecraft/class_1309;F)V -> Lnet/minecraft/client/model/HumanoidModel;m_7884_(Lnet/minecraft/world/entity/LivingEntity;F)V
[Architectury Transformer DEBUG] Remapped refmap value Lnet/minecraft/class_989;method_4192(Lnet/minecraft/class_1309;Lnet/minecraft/class_1799;Lnet/minecraft/class_811;Lnet/minecraft/class_1306;Lnet/minecraft/class_4587;Lnet/minecraft/class_4597;I)V -> Lnet/minecraft/client/renderer/entity/layers/ItemInHandLayer;m_117184_(Lnet/minecraft/world/entity/LivingEntity;Lnet/minecraft/world/item/ItemStack;Lnet/minecraft/world/item/ItemDisplayContext;Lnet/minecraft/world/entity/HumanoidArm;Lcom/mojang/blaze3d/vertex/PoseStack;Lnet/minecraft/client/renderer/MultiBufferSource;I)V
[Architectury Transformer DEBUG] Remapped refmap value method_3217(Lnet/minecraft/class_4587;Lnet/minecraft/class_1306;F)V -> m_109335_(Lcom/mojang/blaze3d/vertex/PoseStack;Lnet/minecraft/world/entity/HumanoidArm;F)V
[Architectury Transformer DEBUG] Remapped refmap value method_3224(Lnet/minecraft/class_4587;Lnet/minecraft/class_1306;F)V -> m_109382_(Lcom/mojang/blaze3d/vertex/PoseStack;Lnet/minecraft/world/entity/HumanoidArm;F)V
[Architectury Transformer DEBUG] Remapped refmap value Lnet/minecraft/class_918;method_23179(Lnet/minecraft/class_1799;Lnet/minecraft/class_811;ZLnet/minecraft/class_4587;Lnet/minecraft/class_4597;IILnet/minecraft/class_1087;)V -> Lnet/minecraft/client/renderer/entity/ItemRenderer;m_115143_(Lnet/minecraft/world/item/ItemStack;Lnet/minecraft/world/item/ItemDisplayContext;ZLcom/mojang/blaze3d/vertex/PoseStack;Lnet/minecraft/client/renderer/MultiBufferSource;IILnet/minecraft/client/resources/model/BakedModel;)V
[Architectury Transformer DEBUG] Remapped refmap value Lnet/minecraft/class_1309;method_32876(Lnet/minecraft/class_5712;)V -> Lnet/minecraft/world/entity/LivingEntity;m_146850_(Lnet/minecraft/world/level/gameevent/GameEvent;)V
[Architectury Transformer DEBUG] Remapped refmap value Lnet/minecraft/class_1309;method_6085(IZ)V -> Lnet/minecraft/world/entity/LivingEntity;m_21155_(IZ)V
[Architectury Transformer DEBUG] Remapped refmap value Lnet/minecraft/class_1309;method_6028()I -> Lnet/minecraft/world/entity/LivingEntity;m_21304_()I
[Architectury Transformer DEBUG] Remapped refmap value Lnet/minecraft/class_1309;method_5711(B)V -> Lnet/minecraft/world/entity/LivingEntity;m_7822_(B)V
[Architectury Transformer DEBUG] Remapped refmap value Lnet/minecraft/class_1309;method_6019(Lnet/minecraft/class_1268;)V -> Lnet/minecraft/world/entity/LivingEntity;m_6672_(Lnet/minecraft/world/InteractionHand;)V
[Architectury Transformer DEBUG] Remapped refmap value Lnet/minecraft/class_1309;method_6021()V -> Lnet/minecraft/world/entity/LivingEntity;m_5810_()V
[Architectury Transformer DEBUG] Remapped refmap value Lnet/minecraft/class_1309;method_5773()V -> Lnet/minecraft/world/entity/LivingEntity;m_8119_()V
[Architectury Transformer DEBUG] Remapped refmap value Lnet/minecraft/class_746;method_6115()Z -> Lnet/minecraft/client/player/LocalPlayer;m_6117_()Z
[Architectury Transformer DEBUG] Remapped refmap value Lnet/minecraft/class_746;method_6007()V -> Lnet/minecraft/client/player/LocalPlayer;m_8107_()V
[Architectury Transformer DEBUG] Remapped refmap value Lnet/minecraft/class_746;method_48300()Z -> Lnet/minecraft/client/player/LocalPlayer;m_264082_()Z
[Architectury Transformer DEBUG] Remapped refmap value Lnet/minecraft/class_746;method_5998(Lnet/minecraft/class_1268;)Lnet/minecraft/class_1799; -> Lnet/minecraft/client/player/LocalPlayer;m_21120_(Lnet/minecraft/world/InteractionHand;)Lnet/minecraft/world/item/ItemStack;
[Architectury Transformer DEBUG] Remapped refmap value Lnet/minecraft/class_310;method_1536()Z -> Lnet/minecraft/client/Minecraft;m_202354_()Z
[Architectury Transformer DEBUG] Remapped refmap value Lnet/minecraft/class_969;method_4165(Lnet/minecraft/class_1493;)Lnet/minecraft/class_2960; -> Lnet/minecraft/client/renderer/entity/WolfRenderer;m_5478_(Lnet/minecraft/world/entity/animal/Wolf;)Lnet/minecraft/resources/ResourceLocation;
[Architectury Transformer DEBUG] Remapped refmap value method_24027(Lnet/minecraft/class_4719;)Lnet/minecraft/class_4719; -> m_61844_(Lnet/minecraft/world/level/block/state/properties/WoodType;)Lnet/minecraft/world/level/block/state/properties/WoodType;
[Architectury Transformer DEBUG] Closed File Systems for D:\minecraft_mod_repository_branches\backported_real_version\forge-1.20.1\common\build\libs\backported-common-1.0.0-transformProductionForge.jar
[Architectury Transformer] Transformed jar with 7 transformer(s) in 2.152 s
