[11:38:33] [main/INFO] (Launcher) ModLauncher running: args [--launchTarget, forgeclientuserdev, --version, MOD_DEV, --assetIndex, 1.20.1-5, --assetsDir, C:\Users\dandi\scoop\apps\gradle\current\.gradle\caches\fabric-loom\assets, --gameDir, ., --fml.forgeVersion, 47.4.10, --fml.mcVersion, 1.20.1, --fml.forgeGroup, net.minecraftforge, --fml.mcpVersion, 20230612.114412, -mixin.config, backported.mixins.json, --mixin.config, backported.mixins.json]
[11:38:33] [main/INFO] (Launcher) ModLauncher 10.0.9+10.0.9+main.dcd20f30 starting: java version 17.0.12 by Oracle Corporation; OS Windows 10 arch amd64 version 10.0
[11:38:33] [main/INFO] (ImmediateWindowHandler) Loading ImmediateWindowProvider fmlearlywindow
[11:38:33] [main/INFO] (EARLYDISPLAY) Trying GL version 4.6
[11:38:33] [main/INFO] (EARLYDISPLAY) Requested GL version 4.6 got version 4.6
[11:38:33] [main/INFO] (mixin) SpongePowered MIXIN Subsystem Version=0.8.5 Source=union:/C:/Users/dandi/scoop/apps/gradle/current/.gradle/caches/modules-2/files-2.1/dev.architectury/mixin-patched/0.8.5.12/cf1f787f58d3b08b0cb53ecbba7928c09a1893c8/mixin-patched-0.8.5.12.jar%23127!/ Service=ModLauncher Env=CLIENT
[11:38:33] [pool-5-thread-1/INFO] (EARLYDISPLAY) GL info: AMD Radeon RX 6800 GL version 4.6.14757 Core Profile Forward-Compatible Context 20.12.1 27.20.14501.28009, ATI Technologies Inc.
[11:38:34] [main/WARN] (ModFileParser) Mod file C:\Users\dandi\scoop\apps\gradle\current\.gradle\caches\modules-2\files-2.1\net.minecraftforge\javafmllanguage\1.20.1-47.4.10\ccc533c7dd67e0983217197d7549c8b49e7ab453\javafmllanguage-1.20.1-47.4.10.jar is missing mods.toml file
[11:38:34] [main/WARN] (ModFileParser) Mod file C:\Users\dandi\scoop\apps\gradle\current\.gradle\caches\modules-2\files-2.1\net.minecraftforge\lowcodelanguage\1.20.1-47.4.10\e9a2879fe3612ea34b9728ec2633304a1e67d480\lowcodelanguage-1.20.1-47.4.10.jar is missing mods.toml file
[11:38:34] [main/WARN] (ModFileParser) Mod file C:\Users\dandi\scoop\apps\gradle\current\.gradle\caches\modules-2\files-2.1\net.minecraftforge\mclanguage\1.20.1-47.4.10\ec5cefbbc65c67302b8fac317010faab85fa14b9\mclanguage-1.20.1-47.4.10.jar is missing mods.toml file
[11:38:34] [main/WARN] (ModFileParser) Mod file C:\Users\dandi\scoop\apps\gradle\current\.gradle\caches\modules-2\files-2.1\net.minecraftforge\fmlcore\1.20.1-47.4.10\94dae566be650566ea9115a1414ab76bfcf5a804\fmlcore-1.20.1-47.4.10.jar is missing mods.toml file
[11:38:34] [main/INFO] (ModDiscoverer) Found mod file javafmllanguage-1.20.1-47.4.10.jar of type LANGPROVIDER with provider net.minecraftforge.fml.loading.moddiscovery.MinecraftLocator@c04b755
[11:38:34] [main/INFO] (ModDiscoverer) Found mod file lowcodelanguage-1.20.1-47.4.10.jar of type LANGPROVIDER with provider net.minecraftforge.fml.loading.moddiscovery.MinecraftLocator@c04b755
[11:38:34] [main/INFO] (ModDiscoverer) Found mod file mclanguage-1.20.1-47.4.10.jar of type LANGPROVIDER with provider net.minecraftforge.fml.loading.moddiscovery.MinecraftLocator@c04b755
[11:38:34] [main/INFO] (ModDiscoverer) Found mod file fmlcore-1.20.1-47.4.10.jar of type LIBRARY with provider net.minecraftforge.fml.loading.moddiscovery.MinecraftLocator@c04b755
[11:38:34] [main/INFO] (ModDiscoverer) Found mod file forge-1.20.1-47.4.10-minecraft-merged-1.20.1-loom.mappings.1_20_1.layered+hash.40359-v2-forge-1.20.1-47.4.10.jar of type MOD with provider net.minecraftforge.fml.loading.moddiscovery.MinecraftLocator@c04b755
[11:38:34] [main/INFO] (ModDiscoverer) Found mod file main of type MOD with provider net.minecraftforge.fml.loading.moddiscovery.MinecraftLocator@c04b755
[11:38:34] [main/INFO] (ModDiscoverer) Found mod file  of type MOD with provider net.minecraftforge.fml.loading.moddiscovery.MinecraftLocator@c04b755
[11:38:34] [main/INFO] (ModDiscoverer) Found mod file architectury-forge-9.2.14.jar of type MOD with provider net.minecraftforge.fml.loading.moddiscovery.ClasspathLocator@708ddfd3
[11:38:34] [main/INFO] (ModDiscoverer) Found mod file 931342264115297538.jar of type MOD with provider net.minecraftforge.fml.loading.moddiscovery.ClasspathLocator@708ddfd3
[11:38:34] [main/INFO] (ModDiscoverer) Found mod file architectury-forge-9.2.14.jar of type MOD with provider net.minecraftforge.fml.loading.moddiscovery.ClasspathLocator@708ddfd3
[11:38:34] [main/INFO] (ModDiscoverer) Found mod file 931342264115297538.jar of type MOD with provider net.minecraftforge.fml.loading.moddiscovery.ClasspathLocator@708ddfd3
[11:38:34] [main/INFO] (JarInJarDependencyLocator) No dependencies to load found. Skipping!
[11:38:35] [main/INFO] (mixin) Compatibility level set to JAVA_17
[11:38:35] [main/INFO] (LaunchServiceHandler) Launching target 'forgeclientuserdev' with arguments [--version, MOD_DEV, --gameDir, ., --assetsDir, C:\Users\dandi\scoop\apps\gradle\current\.gradle\caches\fabric-loom\assets, --assetIndex, 1.20.1-5]
[11:38:35] [main/WARN] (mixin) Reference map 'backported.refmap.json' for backported.mixins.json could not be read. If this is a development environment you can ignore this message
[11:38:35] [main/INFO] (unprotect) Found 7423 Minecraft classes
[11:38:35] [main/INFO] (mixin) Remapping refMap architectury-forge-refmap.json using RemapperChain (Architectury Patched)
[11:38:35] [main/INFO] (mixin) Remapping refMap architectury-common-refmap.json using RemapperChain (Architectury Patched)
[11:38:36] [main/FATAL] (mixin) Mixin apply failed backported.mixins.json:MinecraftMixin -> net.minecraft.client.Minecraft: org.spongepowered.asm.mixin.transformer.throwables.InvalidMixinException @Shadow field localPlayer was not located in the target class net.minecraft.client.Minecraft. No refMap loaded.
org.spongepowered.asm.mixin.transformer.throwables.InvalidMixinException: @Shadow field localPlayer was not located in the target class net.minecraft.client.Minecraft. No refMap loaded.
	at org.spongepowered.asm.mixin.transformer.MixinPreProcessorStandard.attachFields(MixinPreProcessorStandard.java:629) ~[mixin-patched-0.8.5.12.jar:?]
	at org.spongepowered.asm.mixin.transformer.MixinPreProcessorStandard.attach(MixinPreProcessorStandard.java:305) ~[mixin-patched-0.8.5.12.jar:?]
	at org.spongepowered.asm.mixin.transformer.MixinPreProcessorStandard.createContextFor(MixinPreProcessorStandard.java:280) ~[mixin-patched-0.8.5.12.jar:?]
	at org.spongepowered.asm.mixin.transformer.MixinInfo.createContextFor(MixinInfo.java:1288) ~[mixin-patched-0.8.5.12.jar:?]
	at org.spongepowered.asm.mixin.transformer.MixinApplicatorStandard.apply(MixinApplicatorStandard.java:292) ~[mixin-patched-0.8.5.12.jar:?]
	at org.spongepowered.asm.mixin.transformer.TargetClassContext.apply(TargetClassContext.java:383) ~[mixin-patched-0.8.5.12.jar:?]
	at org.spongepowered.asm.mixin.transformer.TargetClassContext.applyMixins(TargetClassContext.java:365) ~[mixin-patched-0.8.5.12.jar:?]
	at org.spongepowered.asm.mixin.transformer.MixinProcessor.applyMixins(MixinProcessor.java:363) ~[mixin-patched-0.8.5.12.jar:?]
	at org.spongepowered.asm.mixin.transformer.MixinTransformer.transformClass(MixinTransformer.java:250) ~[mixin-patched-0.8.5.12.jar:?]
	at org.spongepowered.asm.service.modlauncher.MixinTransformationHandler.processClass(MixinTransformationHandler.java:131) ~[mixin-patched-0.8.5.12.jar:?]
	at org.spongepowered.asm.launch.MixinLaunchPluginLegacy.processClass(MixinLaunchPluginLegacy.java:131) ~[mixin-patched-0.8.5.12.jar:?]
	at cpw.mods.modlauncher.serviceapi.ILaunchPluginService.processClassWithFlags(ILaunchPluginService.java:156) ~[modlauncher-10.0.9.jar:10.0.9+10.0.9+main.dcd20f30]
	at cpw.mods.modlauncher.LaunchPluginHandler.offerClassNodeToPlugins(LaunchPluginHandler.java:88) ~[modlauncher-10.0.9.jar:?]
	at cpw.mods.modlauncher.ClassTransformer.transform(ClassTransformer.java:120) ~[modlauncher-10.0.9.jar:?]
	at cpw.mods.modlauncher.TransformingClassLoader.maybeTransformClassBytes(TransformingClassLoader.java:50) ~[modlauncher-10.0.9.jar:?]
	at cpw.mods.cl.ModuleClassLoader.readerToClass(ModuleClassLoader.java:113) ~[securejarhandler-2.1.10.jar:?]
	at cpw.mods.cl.ModuleClassLoader.lambda$findClass$15(ModuleClassLoader.java:219) ~[securejarhandler-2.1.10.jar:?]
	at cpw.mods.cl.ModuleClassLoader.loadFromModule(ModuleClassLoader.java:229) ~[securejarhandler-2.1.10.jar:?]
	at cpw.mods.cl.ModuleClassLoader.findClass(ModuleClassLoader.java:219) ~[securejarhandler-2.1.10.jar:?]
	at cpw.mods.cl.ModuleClassLoader.loadClass(ModuleClassLoader.java:135) ~[securejarhandler-2.1.10.jar:?]
	at java.lang.ClassLoader.loadClass(ClassLoader.java:525) ~[?:?]
	at java.lang.Class.getDeclaredMethods0(Native Method) ~[?:?]
	at java.lang.Class.privateGetDeclaredMethods(Class.java:3402) ~[?:?]
	at java.lang.Class.privateGetPublicMethods(Class.java:3427) ~[?:?]
	at java.lang.Class.privateGetPublicMethods(Class.java:3433) ~[?:?]
	at java.lang.Class.getMethods(Class.java:2019) ~[?:?]
	at net.minecraftforge.fml.earlydisplay.DisplayWindow.updateModuleReads(DisplayWindow.java:616) ~[fmlearlydisplay-1.20.1-47.4.10.jar%23106!/:1.0]
	at net.minecraftforge.fml.loading.ImmediateWindowHandler.acceptGameLayer(ImmediateWindowHandler.java:71) ~[fmlloader-1.20.1-47.4.10.jar%23107!/:1.0]
	at net.minecraftforge.fml.loading.FMLLoader.beforeStart(FMLLoader.java:216) ~[fmlloader-1.20.1-47.4.10.jar%23107!/:1.0]
	at net.minecraftforge.fml.loading.targets.CommonLaunchHandler.launchService(CommonLaunchHandler.java:92) ~[fmlloader-1.20.1-47.4.10.jar%23107!/:?]
	at cpw.mods.modlauncher.LaunchServiceHandlerDecorator.launch(LaunchServiceHandlerDecorator.java:30) ~[modlauncher-10.0.9.jar%23111!/:?]
	at cpw.mods.modlauncher.LaunchServiceHandler.launch(LaunchServiceHandler.java:53) ~[modlauncher-10.0.9.jar%23111!/:?]
	at cpw.mods.modlauncher.LaunchServiceHandler.launch(LaunchServiceHandler.java:71) ~[modlauncher-10.0.9.jar%23111!/:?]
	at cpw.mods.modlauncher.Launcher.run(Launcher.java:108) ~[modlauncher-10.0.9.jar%23111!/:?]
	at cpw.mods.modlauncher.Launcher.main(Launcher.java:78) ~[modlauncher-10.0.9.jar%23111!/:?]
	at cpw.mods.modlauncher.BootstrapLaunchConsumer.accept(BootstrapLaunchConsumer.java:26) ~[modlauncher-10.0.9.jar%23111!/:?]
	at cpw.mods.modlauncher.BootstrapLaunchConsumer.accept(BootstrapLaunchConsumer.java:23) ~[modlauncher-10.0.9.jar%23111!/:?]
	at cpw.mods.bootstraplauncher.BootstrapLauncher.main(BootstrapLauncher.java:141) ~[?:?]
	at net.fabricmc.devlaunchinjector.Main.main(Main.java:86) ~[dev-launch-injector-0.2.1+build.8.jar%23197!/:?]
	at dev.architectury.transformer.TransformerRuntime.main(TransformerRuntime.java:220) ~[?:?]
