[16:43:34] [main/INFO] (FabricLoader/GameProvider) Loading Minecraft 1.20.1 with Fabric Loader 0.18.4
[16:43:34] [main/INFO] (FabricLoader) Loading 61 mods:
	- architectury 9.2.14
	- backported 1.0.0
	- fabric-api 0.92.7+1.20.1
	- fabric-api-base 0.4.32+1802ada577
	- fabric-api-lookup-api-v1 1.6.37+1802ada577
	- fabric-biome-api-v1 13.0.15+93aa238b77
	- fabric-block-api-v1 1.0.12+1802ada577
	- fabric-block-view-api-v2 1.0.3+924f046a77
	- fabric-blockrenderlayer-v1 1.1.42+1802ada577
	- fabric-client-tags-api-v1 1.1.3+1802ada577
	- fabric-command-api-v1 1.2.35+f71b366f77
	- fabric-command-api-v2 2.2.14+1802ada577
	- fabric-commands-v0 0.2.52+df3654b377
	- fabric-containers-v0 0.1.67+df3654b377
	- fabric-content-registries-v0 4.0.13+1802ada577
	- fabric-convention-tags-v1 1.5.6+1802ada577
	- fabric-crash-report-info-v1 0.2.20+1802ada577
	- fabric-data-attachment-api-v1 1.0.2+de0fd6d177
	- fabric-data-generation-api-v1 12.3.7+1802ada577
	- fabric-dimensions-v1 2.1.55+1802ada577
	- fabric-entity-events-v1 1.6.1+1c78457f77
	- fabric-events-interaction-v0 0.6.5+13a40c6677
	- fabric-events-lifecycle-v0 0.2.64+df3654b377
	- fabric-game-rule-api-v1 1.0.41+1802ada577
	- fabric-gametest-api-v1 1.2.15+1802ada577
	- fabric-item-api-v1 2.1.29+1802ada577
	- fabric-item-group-api-v1 4.0.14+1802ada577
	- fabric-key-binding-api-v1 1.0.38+1802ada577
	- fabric-keybindings-v0 0.2.36+df3654b377
	- fabric-lifecycle-events-v1 2.2.23+1802ada577
	- fabric-loot-api-v2 1.2.3+1802ada577
	- fabric-loot-tables-v1 1.1.47+9e7660c677
	- fabric-message-api-v1 5.1.10+1802ada577
	- fabric-mining-level-api-v1 2.1.52+1802ada577
	- fabric-model-loading-api-v1 1.0.4+1802ada577
	- fabric-models-v0 0.4.3+9386d8a777
	- fabric-networking-api-v1 1.3.14+a158aa0477
	- fabric-networking-v0 0.3.54+df3654b377
	- fabric-object-builder-api-v1 11.1.5+e35120df77
	- fabric-particles-v1 1.1.3+1802ada577
	- fabric-recipe-api-v1 1.0.24+1802ada577
	- fabric-registry-sync-v0 2.3.6+1802ada577
	- fabric-renderer-api-v1 3.2.2+1802ada577
	- fabric-renderer-indigo 1.5.3+85287f9f77
	- fabric-renderer-registries-v1 3.2.47+df3654b377
	- fabric-rendering-data-attachment-v1 0.3.39+92a0d36777
	- fabric-rendering-fluids-v1 3.0.29+1802ada577
	- fabric-rendering-v0 1.1.50+df3654b377
	- fabric-rendering-v1 3.0.9+1802ada577
	- fabric-resource-conditions-api-v1 2.3.9+1802ada577
	- fabric-resource-loader-v0 0.11.12+fb82e9d777
	- fabric-screen-api-v1 2.0.9+1802ada577
	- fabric-screen-handler-api-v1 1.3.33+1802ada577
	- fabric-sound-api-v1 1.0.14+1802ada577
	- fabric-transfer-api-v1 3.3.6+8dd72ea377
	- fabric-transitive-access-wideners-v1 4.3.2+1802ada577
	- fabricloader 0.18.4
	- generated_fdf98c8 1.0.0
	- java 17
	- minecraft 1.20.1
	- mixinextras 0.5.0
[16:43:34] [main/INFO] (FabricLoader/Mixin) SpongePowered MIXIN Subsystem Version=0.8.7 Source=file:/C:/Users/dandi/scoop/apps/gradle/current/.gradle/caches/modules-2/files-2.1/net.fabricmc/sponge-mixin/0.17.0+mixin.0.8.7/cf31463202f72d03b0ef1e1e38e8ee71b7faaab6/sponge-mixin-0.17.0+mixin.0.8.7.jar Service=Knot/Fabric Env=CLIENT
[16:43:34] [main/INFO] (FabricLoader/Mixin) Loaded Fabric development mappings for mixin remapper!
[16:43:34] [main/INFO] (FabricLoader/Mixin) Compatibility level set to JAVA_16
[16:43:34] [main/INFO] (FabricLoader/Mixin) Compatibility level set to JAVA_17
[16:43:34] [main/WARN] (FabricLoader/Mixin) Reference map 'backported.refmap.json' for backported.mixins.json could not be read. If this is a development environment you can ignore this message
[16:43:34] [main/WARN] (FabricLoader/Mixin) Reference map 'backported.refmap.json' for backported.fabric.mixins.json could not be read. If this is a development environment you can ignore this message
[16:43:35] [main/INFO] (FabricLoader/MixinExtras|Service) Initializing MixinExtras via com.llamalad7.mixinextras.service.MixinExtrasServiceImpl(version=0.5.0).
[16:43:36] [main/WARN] (PerfmonDisabled) Invalid registry value type detected for PerfOS counters. Should be REG_DWORD. Ignoring: HKEY_LOCAL_MACHINE\SYSTEM\CurrentControlSet\Services\PerfOS\Performance\Disable Performance Counters.
[16:43:40] [Datafixer Bootstrap/INFO] (Minecraft) 188 Datafixer optimizations took 171 milliseconds
[16:43:42] [Render thread/INFO] (Minecraft) Environment: authHost='https://authserver.mojang.com', accountsHost='https://api.mojang.com', sessionHost='https://sessionserver.mojang.com', servicesHost='https://api.minecraftservices.com', name='PROD'
[16:43:42] [Render thread/ERROR] (Minecraft) Failed to verify authentication
com.mojang.authlib.exceptions.InvalidCredentialsException: Status: 401
	at com.mojang.authlib.exceptions.MinecraftClientHttpException.toAuthenticationException(MinecraftClientHttpException.java:56) ~[authlib-4.0.43.jar:?]
	at com.mojang.authlib.yggdrasil.YggdrasilUserApiService.fetchProperties(YggdrasilUserApiService.java:156) ~[authlib-4.0.43.jar:?]
	at com.mojang.authlib.yggdrasil.YggdrasilUserApiService.<init>(YggdrasilUserApiService.java:55) ~[authlib-4.0.43.jar:?]
	at com.mojang.authlib.yggdrasil.YggdrasilAuthenticationService.createUserApiService(YggdrasilAuthenticationService.java:124) ~[authlib-4.0.43.jar:?]
	at net.minecraft.client.Minecraft.createUserApiService(Minecraft.java:733) ~[minecraft-merged-9b38c06a74-1.20.1-loom.mappings.1_20_1.layered+hash.40359-v2.jar:?]
	at net.minecraft.client.Minecraft.<init>(Minecraft.java:442) ~[minecraft-merged-9b38c06a74-1.20.1-loom.mappings.1_20_1.layered+hash.40359-v2.jar:?]
	at net.minecraft.client.main.Main.main(Main.java:211) ~[minecraft-merged-9b38c06a74-1.20.1-loom.mappings.1_20_1.layered+hash.40359-v2.jar:?]
	at net.fabricmc.loader.impl.game.minecraft.MinecraftGameProvider.launch(MinecraftGameProvider.java:514) ~[fabric-loader-0.18.4.jar:?]
	at net.fabricmc.loader.impl.launch.knot.Knot.launch(Knot.java:72) ~[fabric-loader-0.18.4.jar:?]
	at net.fabricmc.loader.impl.launch.knot.KnotClient.main(KnotClient.java:23) ~[fabric-loader-0.18.4.jar:?]
	at net.fabricmc.devlaunchinjector.Main.main(Main.java:86) ~[dev-launch-injector-0.2.1+build.8.jar:?]
	at dev.architectury.transformer.TransformerRuntime.main(TransformerRuntime.java:220) ~[architectury-transformer-5.2.87-runtime.jar:?]
Caused by: com.mojang.authlib.exceptions.MinecraftClientHttpException: Status: 401
	at com.mojang.authlib.minecraft.client.MinecraftClient.readInputStream(MinecraftClient.java:85) ~[authlib-4.0.43.jar:?]
	at com.mojang.authlib.minecraft.client.MinecraftClient.get(MinecraftClient.java:48) ~[authlib-4.0.43.jar:?]
	at com.mojang.authlib.yggdrasil.YggdrasilUserApiService.fetchProperties(YggdrasilUserApiService.java:129) ~[authlib-4.0.43.jar:?]
	... 10 more
[16:43:42] [Render thread/INFO] (Minecraft) Setting user: Player610
[16:43:42] [Render thread/ERROR] (Minecraft) No data fixer registered for wind_charge
[16:43:43] [Render thread/INFO] (Indigo) [Indigo] Registering Indigo renderer!
[16:43:43] [Render thread/INFO] (NetworkManagerImpl) Registering S2C receiver with id architectury:spawn_entity_packet
[16:43:43] [Render thread/INFO] (Minecraft) Backend library: LWJGL version 3.3.1 SNAPSHOT
[16:43:45] [Render thread/INFO] (Minecraft) Reloading ResourceManager: vanilla, fabric (fabric-events-interaction-v0, fabric-rendering-v0, generated_fdf98c8, fabric-item-api-v1, fabric-resource-loader-v0, fabric-keybindings-v0, fabric-model-loading-api-v1, fabric-data-generation-api-v1, fabric-game-rule-api-v1, fabric-rendering-v1, fabric-networking-v0, fabric-containers-v0, fabric-loot-tables-v1, fabric-block-api-v1, fabric-command-api-v2, fabric-biome-api-v1, fabric-item-group-api-v1, fabric-transfer-api-v1, fabric-block-view-api-v2, fabric-message-api-v1, fabric-content-registries-v0, fabric-recipe-api-v1, fabric-gametest-api-v1, fabric-api, fabric-rendering-data-attachment-v1, backported, fabric-screen-api-v1, fabric-commands-v0, fabric-renderer-api-v1, fabric-models-v0, fabric-resource-conditions-api-v1, fabric-sound-api-v1, fabric-key-binding-api-v1, fabric-transitive-access-wideners-v1, fabric-registry-sync-v0, fabric-command-api-v1, fabric-blockrenderlayer-v1, fabric-networking-api-v1, fabric-client-tags-api-v1, fabric-data-attachment-api-v1, fabric-dimensions-v1, fabric-renderer-registries-v1, fabric-api-lookup-api-v1, fabric-loot-api-v2, fabric-entity-events-v1, fabric-renderer-indigo, fabric-rendering-fluids-v1, fabric-crash-report-info-v1, fabric-api-base, fabricloader, fabric-screen-handler-api-v1, fabric-object-builder-api-v1, fabric-events-lifecycle-v0, fabric-convention-tags-v1, fabric-lifecycle-events-v1, fabric-mining-level-api-v1, fabric-particles-v1)
[16:43:45] [Worker-Main-1/INFO] (Minecraft) Found unifont_all_no_pua-15.0.06.hex, loading
[16:43:45] [Realms Notification Availability checker #1/INFO] (Minecraft) Could not authorize you against Realms server: java.lang.RuntimeException: Failed to parse into SignedJWT: FabricMC
[16:43:46] [Worker-Main-3/WARN] (Minecraft) Unable to load model: 'minecraft:block/template_torch_unlit' referenced from: minecraft:redstone_torch#lit=true: java.io.FileNotFoundException: minecraft:models/block/template_torch_unlit.json
[16:43:47] [Render thread/WARN] (Minecraft) Missing sound for event: minecraft:item.goat_horn.play
[16:43:47] [Render thread/WARN] (Minecraft) Missing sound for event: minecraft:entity.goat.screaming.horn_break
[16:43:47] [Render thread/INFO] (Minecraft) OpenAL initialized on device OpenAL Soft on Speakers (Realtek High Definition Audio)
[16:43:47] [Render thread/INFO] (Minecraft) Sound engine started
[16:43:47] [Render thread/INFO] (Minecraft) Created: 1024x512x4 minecraft:textures/atlas/blocks.png-atlas
[16:43:47] [Render thread/INFO] (Minecraft) Created: 256x256x4 minecraft:textures/atlas/signs.png-atlas
[16:43:47] [Render thread/INFO] (Minecraft) Created: 512x512x4 minecraft:textures/atlas/banner_patterns.png-atlas
[16:43:47] [Render thread/INFO] (Minecraft) Created: 512x512x4 minecraft:textures/atlas/shield_patterns.png-atlas
[16:43:47] [Render thread/INFO] (Minecraft) Created: 1024x1024x4 minecraft:textures/atlas/armor_trims.png-atlas
[16:43:47] [Render thread/INFO] (Minecraft) Created: 256x256x4 minecraft:textures/atlas/chest.png-atlas
[16:43:47] [Render thread/INFO] (Minecraft) Created: 128x64x4 minecraft:textures/atlas/decorated_pot.png-atlas
[16:43:47] [Render thread/INFO] (Minecraft) Created: 512x256x4 minecraft:textures/atlas/beds.png-atlas
[16:43:47] [Render thread/INFO] (Minecraft) Created: 512x256x4 minecraft:textures/atlas/shulker_boxes.png-atlas
[16:43:47] [Render thread/WARN] (Minecraft) Shader rendertype_entity_translucent_emissive could not find sampler named Sampler2 in the specified shader program.
[16:43:48] [Render thread/INFO] (Minecraft) Created: 256x256x0 minecraft:textures/atlas/particles.png-atlas
[16:43:48] [Render thread/INFO] (Minecraft) Created: 512x256x0 minecraft:textures/atlas/paintings.png-atlas
[16:43:48] [Render thread/INFO] (Minecraft) Created: 128x128x0 minecraft:textures/atlas/mob_effects.png-atlas
[16:43:50] [Worker-Main-2/ERROR] (Minecraft) Exception reading D:\minecraft_mod_repository_branches\backported_real_version\forge-1.20.1\fabric\run\saves\New World\level.dat
java.io.EOFException: null
	at java.util.zip.GZIPInputStream.readUByte(GZIPInputStream.java:268) ~[?:?]
	at java.util.zip.GZIPInputStream.readUShort(GZIPInputStream.java:258) ~[?:?]
	at java.util.zip.GZIPInputStream.readHeader(GZIPInputStream.java:164) ~[?:?]
	at java.util.zip.GZIPInputStream.<init>(GZIPInputStream.java:79) ~[?:?]
	at java.util.zip.GZIPInputStream.<init>(GZIPInputStream.java:91) ~[?:?]
	at net.minecraft.nbt.NbtIo.createDecompressorStream(NbtIo.java:31) ~[minecraft-merged-9b38c06a74-1.20.1-loom.mappings.1_20_1.layered+hash.40359-v2.jar:?]
	at net.minecraft.nbt.NbtIo.parseCompressed(NbtIo.java:47) ~[minecraft-merged-9b38c06a74-1.20.1-loom.mappings.1_20_1.layered+hash.40359-v2.jar:?]
	at net.minecraft.nbt.NbtIo.parseCompressed(NbtIo.java:42) ~[minecraft-merged-9b38c06a74-1.20.1-loom.mappings.1_20_1.layered+hash.40359-v2.jar:?]
	at net.minecraft.world.level.storage.LevelStorageSource.readLightweightData(LevelStorageSource.java:340) ~[minecraft-merged-9b38c06a74-1.20.1-loom.mappings.1_20_1.layered+hash.40359-v2.jar:?]
	at net.minecraft.world.level.storage.LevelStorageSource.method_29015(LevelStorageSource.java:297) ~[minecraft-merged-9b38c06a74-1.20.1-loom.mappings.1_20_1.layered+hash.40359-v2.jar:?]
	at net.minecraft.world.level.storage.LevelStorageSource.readLevelData(LevelStorageSource.java:234) ~[minecraft-merged-9b38c06a74-1.20.1-loom.mappings.1_20_1.layered+hash.40359-v2.jar:?]
	at net.minecraft.world.level.storage.LevelStorageSource.method_43418(LevelStorageSource.java:195) ~[minecraft-merged-9b38c06a74-1.20.1-loom.mappings.1_20_1.layered+hash.40359-v2.jar:?]
	at java.util.concurrent.CompletableFuture$AsyncSupply.run(CompletableFuture.java:1768) ~[?:?]
	at java.util.concurrent.CompletableFuture$AsyncSupply.exec(CompletableFuture.java:1760) ~[?:?]
	at java.util.concurrent.ForkJoinTask.doExec(ForkJoinTask.java:373) ~[?:?]
	at java.util.concurrent.ForkJoinPool$WorkQueue.topLevelExec(ForkJoinPool.java:1182) ~[?:?]
	at java.util.concurrent.ForkJoinPool.scan(ForkJoinPool.java:1655) ~[?:?]
	at java.util.concurrent.ForkJoinPool.runWorker(ForkJoinPool.java:1622) ~[?:?]
	at java.util.concurrent.ForkJoinWorkerThread.run(ForkJoinWorkerThread.java:165) ~[?:?]
[16:43:50] [Worker-Main-2/ERROR] (Minecraft) Exception reading D:\minecraft_mod_repository_branches\backported_real_version\forge-1.20.1\fabric\run\saves\New World\level.dat_old
java.io.EOFException: null
	at java.util.zip.GZIPInputStream.readUByte(GZIPInputStream.java:268) ~[?:?]
	at java.util.zip.GZIPInputStream.readUShort(GZIPInputStream.java:258) ~[?:?]
	at java.util.zip.GZIPInputStream.readHeader(GZIPInputStream.java:164) ~[?:?]
	at java.util.zip.GZIPInputStream.<init>(GZIPInputStream.java:79) ~[?:?]
	at java.util.zip.GZIPInputStream.<init>(GZIPInputStream.java:91) ~[?:?]
	at net.minecraft.nbt.NbtIo.createDecompressorStream(NbtIo.java:31) ~[minecraft-merged-9b38c06a74-1.20.1-loom.mappings.1_20_1.layered+hash.40359-v2.jar:?]
	at net.minecraft.nbt.NbtIo.parseCompressed(NbtIo.java:47) ~[minecraft-merged-9b38c06a74-1.20.1-loom.mappings.1_20_1.layered+hash.40359-v2.jar:?]
	at net.minecraft.nbt.NbtIo.parseCompressed(NbtIo.java:42) ~[minecraft-merged-9b38c06a74-1.20.1-loom.mappings.1_20_1.layered+hash.40359-v2.jar:?]
	at net.minecraft.world.level.storage.LevelStorageSource.readLightweightData(LevelStorageSource.java:340) ~[minecraft-merged-9b38c06a74-1.20.1-loom.mappings.1_20_1.layered+hash.40359-v2.jar:?]
	at net.minecraft.world.level.storage.LevelStorageSource.method_29015(LevelStorageSource.java:297) ~[minecraft-merged-9b38c06a74-1.20.1-loom.mappings.1_20_1.layered+hash.40359-v2.jar:?]
	at net.minecraft.world.level.storage.LevelStorageSource.readLevelData(LevelStorageSource.java:242) ~[minecraft-merged-9b38c06a74-1.20.1-loom.mappings.1_20_1.layered+hash.40359-v2.jar:?]
	at net.minecraft.world.level.storage.LevelStorageSource.method_43418(LevelStorageSource.java:195) ~[minecraft-merged-9b38c06a74-1.20.1-loom.mappings.1_20_1.layered+hash.40359-v2.jar:?]
	at java.util.concurrent.CompletableFuture$AsyncSupply.run(CompletableFuture.java:1768) ~[?:?]
	at java.util.concurrent.CompletableFuture$AsyncSupply.exec(CompletableFuture.java:1760) ~[?:?]
	at java.util.concurrent.ForkJoinTask.doExec(ForkJoinTask.java:373) ~[?:?]
	at java.util.concurrent.ForkJoinPool$WorkQueue.topLevelExec(ForkJoinPool.java:1182) ~[?:?]
	at java.util.concurrent.ForkJoinPool.scan(ForkJoinPool.java:1655) ~[?:?]
	at java.util.concurrent.ForkJoinPool.runWorker(ForkJoinPool.java:1622) ~[?:?]
	at java.util.concurrent.ForkJoinWorkerThread.run(ForkJoinWorkerThread.java:165) ~[?:?]
[16:43:52] [Render thread/INFO] (Minecraft) Deleting level New World (1)
[16:43:52] [Render thread/INFO] (Minecraft) Attempt 1...
[16:43:52] [Worker-Main-3/ERROR] (Minecraft) Exception reading D:\minecraft_mod_repository_branches\backported_real_version\forge-1.20.1\fabric\run\saves\New World\level.dat
java.io.EOFException: null
	at java.util.zip.GZIPInputStream.readUByte(GZIPInputStream.java:268) ~[?:?]
	at java.util.zip.GZIPInputStream.readUShort(GZIPInputStream.java:258) ~[?:?]
	at java.util.zip.GZIPInputStream.readHeader(GZIPInputStream.java:164) ~[?:?]
	at java.util.zip.GZIPInputStream.<init>(GZIPInputStream.java:79) ~[?:?]
	at java.util.zip.GZIPInputStream.<init>(GZIPInputStream.java:91) ~[?:?]
	at net.minecraft.nbt.NbtIo.createDecompressorStream(NbtIo.java:31) ~[minecraft-merged-9b38c06a74-1.20.1-loom.mappings.1_20_1.layered+hash.40359-v2.jar:?]
	at net.minecraft.nbt.NbtIo.parseCompressed(NbtIo.java:47) ~[minecraft-merged-9b38c06a74-1.20.1-loom.mappings.1_20_1.layered+hash.40359-v2.jar:?]
	at net.minecraft.nbt.NbtIo.parseCompressed(NbtIo.java:42) ~[minecraft-merged-9b38c06a74-1.20.1-loom.mappings.1_20_1.layered+hash.40359-v2.jar:?]
	at net.minecraft.world.level.storage.LevelStorageSource.readLightweightData(LevelStorageSource.java:340) ~[minecraft-merged-9b38c06a74-1.20.1-loom.mappings.1_20_1.layered+hash.40359-v2.jar:?]
	at net.minecraft.world.level.storage.LevelStorageSource.method_29015(LevelStorageSource.java:297) ~[minecraft-merged-9b38c06a74-1.20.1-loom.mappings.1_20_1.layered+hash.40359-v2.jar:?]
	at net.minecraft.world.level.storage.LevelStorageSource.readLevelData(LevelStorageSource.java:234) ~[minecraft-merged-9b38c06a74-1.20.1-loom.mappings.1_20_1.layered+hash.40359-v2.jar:?]
	at net.minecraft.world.level.storage.LevelStorageSource.method_43418(LevelStorageSource.java:195) ~[minecraft-merged-9b38c06a74-1.20.1-loom.mappings.1_20_1.layered+hash.40359-v2.jar:?]
	at java.util.concurrent.CompletableFuture$AsyncSupply.run(CompletableFuture.java:1768) ~[?:?]
	at java.util.concurrent.CompletableFuture$AsyncSupply.exec(CompletableFuture.java:1760) ~[?:?]
	at java.util.concurrent.ForkJoinTask.doExec(ForkJoinTask.java:373) ~[?:?]
	at java.util.concurrent.ForkJoinPool$WorkQueue.topLevelExec(ForkJoinPool.java:1182) ~[?:?]
	at java.util.concurrent.ForkJoinPool.scan(ForkJoinPool.java:1655) ~[?:?]
	at java.util.concurrent.ForkJoinPool.runWorker(ForkJoinPool.java:1622) ~[?:?]
	at java.util.concurrent.ForkJoinWorkerThread.run(ForkJoinWorkerThread.java:165) ~[?:?]
[16:43:52] [Worker-Main-3/ERROR] (Minecraft) Exception reading D:\minecraft_mod_repository_branches\backported_real_version\forge-1.20.1\fabric\run\saves\New World\level.dat_old
java.io.EOFException: null
	at java.util.zip.GZIPInputStream.readUByte(GZIPInputStream.java:268) ~[?:?]
	at java.util.zip.GZIPInputStream.readUShort(GZIPInputStream.java:258) ~[?:?]
	at java.util.zip.GZIPInputStream.readHeader(GZIPInputStream.java:164) ~[?:?]
	at java.util.zip.GZIPInputStream.<init>(GZIPInputStream.java:79) ~[?:?]
	at java.util.zip.GZIPInputStream.<init>(GZIPInputStream.java:91) ~[?:?]
	at net.minecraft.nbt.NbtIo.createDecompressorStream(NbtIo.java:31) ~[minecraft-merged-9b38c06a74-1.20.1-loom.mappings.1_20_1.layered+hash.40359-v2.jar:?]
	at net.minecraft.nbt.NbtIo.parseCompressed(NbtIo.java:47) ~[minecraft-merged-9b38c06a74-1.20.1-loom.mappings.1_20_1.layered+hash.40359-v2.jar:?]
	at net.minecraft.nbt.NbtIo.parseCompressed(NbtIo.java:42) ~[minecraft-merged-9b38c06a74-1.20.1-loom.mappings.1_20_1.layered+hash.40359-v2.jar:?]
	at net.minecraft.world.level.storage.LevelStorageSource.readLightweightData(LevelStorageSource.java:340) ~[minecraft-merged-9b38c06a74-1.20.1-loom.mappings.1_20_1.layered+hash.40359-v2.jar:?]
	at net.minecraft.world.level.storage.LevelStorageSource.method_29015(LevelStorageSource.java:297) ~[minecraft-merged-9b38c06a74-1.20.1-loom.mappings.1_20_1.layered+hash.40359-v2.jar:?]
	at net.minecraft.world.level.storage.LevelStorageSource.readLevelData(LevelStorageSource.java:242) ~[minecraft-merged-9b38c06a74-1.20.1-loom.mappings.1_20_1.layered+hash.40359-v2.jar:?]
	at net.minecraft.world.level.storage.LevelStorageSource.method_43418(LevelStorageSource.java:195) ~[minecraft-merged-9b38c06a74-1.20.1-loom.mappings.1_20_1.layered+hash.40359-v2.jar:?]
	at java.util.concurrent.CompletableFuture$AsyncSupply.run(CompletableFuture.java:1768) ~[?:?]
	at java.util.concurrent.CompletableFuture$AsyncSupply.exec(CompletableFuture.java:1760) ~[?:?]
	at java.util.concurrent.ForkJoinTask.doExec(ForkJoinTask.java:373) ~[?:?]
	at java.util.concurrent.ForkJoinPool$WorkQueue.topLevelExec(ForkJoinPool.java:1182) ~[?:?]
	at java.util.concurrent.ForkJoinPool.scan(ForkJoinPool.java:1655) ~[?:?]
	at java.util.concurrent.ForkJoinPool.runWorker(ForkJoinPool.java:1622) ~[?:?]
	at java.util.concurrent.ForkJoinWorkerThread.run(ForkJoinWorkerThread.java:165) ~[?:?]
[16:43:54] [Render thread/INFO] (Minecraft) Loaded 7 recipes
[16:43:54] [Render thread/INFO] (Minecraft) Loaded 1308 advancements
[16:43:55] [Render thread/INFO] (BiomeModificationImpl) Applied 62 biome modifications to 53 of 64 new biomes in 8.924 ms
[16:43:55] [Server thread/INFO] (Minecraft) Starting integrated minecraft server version 1.20.1
[16:43:55] [Server thread/INFO] (Minecraft) Generating keypair
[16:44:01] [Server thread/INFO] (Minecraft) Preparing start region for dimension minecraft:overworld
[16:44:02] [Render thread/INFO] (Minecraft) Preparing spawn area: 0%
[16:44:02] [Render thread/INFO] (Minecraft) Preparing spawn area: 0%
[16:44:02] [Render thread/INFO] (Minecraft) Preparing spawn area: 0%
[16:44:02] [Render thread/INFO] (Minecraft) Preparing spawn area: 0%
[16:44:03] [Render thread/INFO] (Minecraft) Preparing spawn area: 0%
[16:44:03] [Render thread/INFO] (Minecraft) Preparing spawn area: 0%
[16:44:04] [Render thread/INFO] (Minecraft) Preparing spawn area: 1%
[16:44:04] [Render thread/INFO] (Minecraft) Preparing spawn area: 2%
[16:44:05] [Render thread/INFO] (Minecraft) Preparing spawn area: 3%
[16:44:05] [Render thread/INFO] (Minecraft) Preparing spawn area: 4%
[16:44:06] [Render thread/INFO] (Minecraft) Preparing spawn area: 6%
[16:44:06] [Render thread/INFO] (Minecraft) Preparing spawn area: 7%
[16:44:07] [Render thread/INFO] (Minecraft) Preparing spawn area: 9%
[16:44:07] [Render thread/INFO] (Minecraft) Preparing spawn area: 12%
[16:44:08] [Render thread/INFO] (Minecraft) Preparing spawn area: 15%
[16:44:08] [Render thread/INFO] (Minecraft) Preparing spawn area: 17%
[16:44:09] [Render thread/INFO] (Minecraft) Preparing spawn area: 19%
[16:44:09] [Render thread/INFO] (Minecraft) Preparing spawn area: 22%
[16:44:10] [Render thread/INFO] (Minecraft) Preparing spawn area: 25%
[16:44:10] [Render thread/INFO] (Minecraft) Preparing spawn area: 27%
[16:44:11] [Render thread/INFO] (Minecraft) Preparing spawn area: 31%
[16:44:11] [Render thread/INFO] (Minecraft) Preparing spawn area: 32%
[16:44:12] [Render thread/INFO] (Minecraft) Preparing spawn area: 36%
[16:44:12] [Render thread/INFO] (Minecraft) Preparing spawn area: 40%
[16:44:13] [Render thread/INFO] (Minecraft) Preparing spawn area: 42%
[16:44:13] [Render thread/INFO] (Minecraft) Preparing spawn area: 46%
[16:44:14] [Render thread/INFO] (Minecraft) Preparing spawn area: 50%
[16:44:14] [Render thread/INFO] (Minecraft) Preparing spawn area: 53%
[16:44:15] [Render thread/INFO] (Minecraft) Preparing spawn area: 55%
[16:44:15] [Render thread/INFO] (Minecraft) Preparing spawn area: 57%
[16:44:16] [Render thread/INFO] (Minecraft) Preparing spawn area: 61%
[16:44:16] [Render thread/INFO] (Minecraft) Preparing spawn area: 64%
[16:44:17] [Render thread/INFO] (Minecraft) Preparing spawn area: 68%
[16:44:17] [Render thread/INFO] (Minecraft) Preparing spawn area: 70%
[16:44:18] [Render thread/INFO] (Minecraft) Preparing spawn area: 74%
[16:44:18] [Render thread/INFO] (Minecraft) Preparing spawn area: 78%
[16:44:19] [Render thread/INFO] (Minecraft) Preparing spawn area: 82%
[16:44:19] [Render thread/INFO] (Minecraft) Preparing spawn area: 84%
[16:44:20] [Render thread/INFO] (Minecraft) Preparing spawn area: 87%
[16:44:20] [Render thread/INFO] (Minecraft) Preparing spawn area: 91%
[16:44:21] [Render thread/INFO] (Minecraft) Preparing spawn area: 94%
[16:44:21] [Render thread/INFO] (Minecraft) Preparing spawn area: 97%
[16:44:21] [Render thread/INFO] (Minecraft) Time elapsed: 20704 ms
[16:44:21] [Server thread/INFO] (Minecraft) Changing view distance to 12, from 10
[16:44:21] [Server thread/INFO] (Minecraft) Changing simulation distance to 12, from 0
[16:44:22] [Server thread/INFO] (Minecraft) Player610[local:E:eb9f5751] logged in with entity id 133 at (-7.5, 71.0, 24.5)
[16:44:22] [Server thread/INFO] (Minecraft) Player610 joined the game
[16:44:23] [Render thread/INFO] (Minecraft) Loaded 2 advancements
[16:44:37] [Server thread/INFO] (Minecraft) [Player610: Set own game mode to Survival Mode]
[16:44:37] [Render thread/INFO] (Minecraft) [System] [CHAT] Set own game mode to Survival Mode
[16:44:46] [Server thread/INFO] (Minecraft) Player610 has completed the challenge [Return to Sender]
[16:44:46] [Server thread/INFO] (Minecraft) Player610 has made the advancement [Monster Hunter]
[16:44:46] [Server thread/INFO] (Minecraft) Player610 has completed the challenge [Uneasy Alliance]
[16:44:46] [Render thread/INFO] (Minecraft) [System] [CHAT] Player610 has completed the challenge [Return to Sender]
[16:44:46] [Render thread/INFO] (Minecraft) [System] [CHAT] Player610 has made the advancement [Monster Hunter]
[16:44:46] [Render thread/INFO] (Minecraft) [System] [CHAT] Player610 has completed the challenge [Uneasy Alliance]
[16:44:46] [Render thread/INFO] (Minecraft) Loaded 36 advancements
[16:44:49] [Render thread/INFO] (Minecraft) Loaded 38 advancements
[16:44:52] [Server thread/INFO] (Minecraft) [Player610: Set own game mode to Creative Mode]
[16:44:52] [Render thread/INFO] (Minecraft) [System] [CHAT] Set own game mode to Creative Mode
[16:44:53] [Server thread/INFO] (Minecraft) Saving and pausing game...
[16:44:54] [Server thread/INFO] (Minecraft) Saving chunks for level 'ServerLevel[New World]'/minecraft:overworld
[16:44:54] [Server thread/INFO] (Minecraft) Saving chunks for level 'ServerLevel[New World]'/minecraft:the_end
[16:44:54] [Server thread/INFO] (Minecraft) Saving chunks for level 'ServerLevel[New World]'/minecraft:the_nether
[16:44:54] [Server thread/INFO] (Minecraft) Player610 lost connection: Disconnected
[16:44:54] [Server thread/INFO] (Minecraft) Player610 left the game
[16:44:54] [Server thread/INFO] (Minecraft) Stopping singleplayer server as player logged out
[16:44:54] [Server thread/INFO] (Minecraft) Stopping server
[16:44:54] [Server thread/INFO] (Minecraft) Saving players
[16:44:54] [Server thread/INFO] (Minecraft) Saving worlds
[16:44:55] [Server thread/INFO] (Minecraft) Saving chunks for level 'ServerLevel[New World]'/minecraft:overworld
[16:45:01] [Server thread/INFO] (Minecraft) Saving chunks for level 'ServerLevel[New World]'/minecraft:the_end
[16:45:01] [Server thread/INFO] (Minecraft) Saving chunks for level 'ServerLevel[New World]'/minecraft:the_nether
[16:45:01] [Server thread/INFO] (Minecraft) ThreadedAnvilChunkStorage (New World (1)): All chunks are saved
[16:45:01] [Server thread/INFO] (Minecraft) ThreadedAnvilChunkStorage (DIM1): All chunks are saved
[16:45:01] [Server thread/INFO] (Minecraft) ThreadedAnvilChunkStorage (DIM-1): All chunks are saved
[16:45:01] [Server thread/INFO] (Minecraft) ThreadedAnvilChunkStorage: All dimensions are saved
[16:45:01] [Render thread/INFO] (Minecraft) Stopping!
