[Architectury Transformer] Architectury Runtime 5.2.87
[Architectury Transformer DEBUG] Closed File Systems for D:\minecraft_mod_repository_branches\backported_real_version\forge-1.20.1\common\build\devlibs\backported-common-1.0.0-dev.jar
[Architectury Transformer DEBUG] Preparing tiny remapper prepared transformer: dev.architectury.transformer.handler.TinyRemapperPreparedTransformerHandler
[Architectury Transformer DEBUG] Provided 112 classpath jar(s):
[Architectury Transformer DEBUG]  - C:\Users\dandi\scoop\apps\gradle\current\.gradle\caches\modules-2\files-2.1\dev.architectury\architectury-injectables\1.0.10\62db2a366d662606d1b23ad02ccc3212ed37ec3\architectury-injectables-1.0.10.jar
[Architectury Transformer DEBUG]  - C:\Users\dandi\scoop\apps\gradle\current\.gradle\caches\modules-2\files-2.1\net.fabricmc\fabric-loader\0.18.4\dc4682125d5db647d6ce80a98b98945835adcd4b\fabric-loader-0.18.4.jar
[Architectury Transformer DEBUG]  - C:\Users\dandi\scoop\apps\gradle\current\.gradle\caches\modules-2\files-2.1\org.jetbrains\annotations\25.0.0\c1e6b966db352094ac3bf7f88f3bdef332fe43f0\annotations-25.0.0.jar
[Architectury Transformer DEBUG]  - C:\Users\dandi\scoop\apps\gradle\current\.gradle\caches\modules-2\files-2.1\org.ow2.asm\asm\9.9\c29635c8a7afa03d74b33c1884df8abb2b3f3dcc\asm-9.9.jar
[Architectury Transformer DEBUG]  - C:\Users\dandi\scoop\apps\gradle\current\.gradle\caches\modules-2\files-2.1\org.ow2.asm\asm-analysis\9.9\bf4fa6e66638851c1cd22c2caea0c3ee5d5f437\asm-analysis-9.9.jar
[Architectury Transformer DEBUG]  - C:\Users\dandi\scoop\apps\gradle\current\.gradle\caches\modules-2\files-2.1\org.ow2.asm\asm-commons\9.9\db9165a3bf908ded6b08612d583a15d1d0c7bda0\asm-commons-9.9.jar
[Architectury Transformer DEBUG]  - C:\Users\dandi\scoop\apps\gradle\current\.gradle\caches\modules-2\files-2.1\org.ow2.asm\asm-tree\9.9\f8de6eead6d24dd0f45bd065bbe112b2cda6ea21\asm-tree-9.9.jar
[Architectury Transformer DEBUG]  - C:\Users\dandi\scoop\apps\gradle\current\.gradle\caches\modules-2\files-2.1\org.ow2.asm\asm-util\9.9\42fdfc0508b43807c8078d6e82ecff2ce2112ae8\asm-util-9.9.jar
[Architectury Transformer DEBUG]  - C:\Users\dandi\scoop\apps\gradle\current\.gradle\caches\modules-2\files-2.1\net.fabricmc\sponge-mixin\0.17.0+mixin.0.8.7\cf31463202f72d03b0ef1e1e38e8ee71b7faaab6\sponge-mixin-0.17.0+mixin.0.8.7.jar
[Architectury Transformer DEBUG]  - C:\Users\dandi\scoop\apps\gradle\current\.gradle\caches\modules-2\files-2.1\io.github.llamalad7\mixinextras-fabric\0.5.0\91a83dfb7abd320f6236bd1fcf5c0ff143d59a13\mixinextras-fabric-0.5.0.jar
[Architectury Transformer DEBUG]  - C:\Users\dandi\scoop\apps\gradle\current\.gradle\caches\modules-2\files-2.1\com.github.oshi\oshi-core\6.2.2\54f5efc19bca95d709d9a37d19ffcbba3d21c1a6\oshi-core-6.2.2.jar
[Architectury Transformer DEBUG]  - C:\Users\dandi\scoop\apps\gradle\current\.gradle\caches\modules-2\files-2.1\com.google.code.gson\gson\2.10\dd9b193aef96e973d5a11ab13cd17430c2e4306b\gson-2.10.jar
[Architectury Transformer DEBUG]  - C:\Users\dandi\scoop\apps\gradle\current\.gradle\caches\modules-2\files-2.1\com.google.guava\failureaccess\1.0.1\1dcf1de382a0bf95a3d8b0849546c88bac1292c9\failureaccess-1.0.1.jar
[Architectury Transformer DEBUG]  - C:\Users\dandi\scoop\apps\gradle\current\.gradle\caches\modules-2\files-2.1\com.google.guava\guava\31.1-jre\60458f877d055d0c9114d9e1a2efb737b4bc282c\guava-31.1-jre.jar
[Architectury Transformer DEBUG]  - C:\Users\dandi\scoop\apps\gradle\current\.gradle\caches\modules-2\files-2.1\com.ibm.icu\icu4j\71.1\9e7d3304c23f9ba5cb71915f7cce23231a57a445\icu4j-71.1.jar
[Architectury Transformer DEBUG]  - C:\Users\dandi\scoop\apps\gradle\current\.gradle\caches\modules-2\files-2.1\com.mojang\authlib\4.0.43\2ff9d747a77570a07a60d32ac77eb6162ad2a2d9\authlib-4.0.43.jar
[Architectury Transformer DEBUG]  - C:\Users\dandi\scoop\apps\gradle\current\.gradle\caches\modules-2\files-2.1\com.mojang\blocklist\1.0.10\5c685c5ffa94c4cd39496c7184c1d122e515ecef\blocklist-1.0.10.jar
[Architectury Transformer DEBUG]  - C:\Users\dandi\scoop\apps\gradle\current\.gradle\caches\modules-2\files-2.1\com.mojang\brigadier\1.1.8\5244ce82c3337bba4a196a3ce858bfaecc74404a\brigadier-1.1.8.jar
[Architectury Transformer DEBUG]  - C:\Users\dandi\scoop\apps\gradle\current\.gradle\caches\modules-2\files-2.1\com.mojang\datafixerupper\6.0.8\3ba4a30557a9b057760af4011f909ba619fc5125\datafixerupper-6.0.8.jar
[Architectury Transformer DEBUG]  - C:\Users\dandi\scoop\apps\gradle\current\.gradle\caches\modules-2\files-2.1\com.mojang\logging\1.1.1\832b8e6674a9b325a5175a3a6267dfaf34c85139\logging-1.1.1.jar
[Architectury Transformer DEBUG]  - C:\Users\dandi\scoop\apps\gradle\current\.gradle\caches\modules-2\files-2.1\com.mojang\patchy\2.2.10\da05971b07cbb379d002cf7eaec6a2048211fefc\patchy-2.2.10.jar
[Architectury Transformer DEBUG]  - C:\Users\dandi\scoop\apps\gradle\current\.gradle\caches\modules-2\files-2.1\com.mojang\text2speech\1.17.9\3cad216e3a7f0c19b4b394388bc9ffc446f13b14\text2speech-1.17.9.jar
[Architectury Transformer DEBUG]  - C:\Users\dandi\scoop\apps\gradle\current\.gradle\caches\modules-2\files-2.1\commons-codec\commons-codec\1.15\49d94806b6e3dc933dacbd8acb0fdbab8ebd1e5d\commons-codec-1.15.jar
[Architectury Transformer DEBUG]  - C:\Users\dandi\scoop\apps\gradle\current\.gradle\caches\modules-2\files-2.1\commons-io\commons-io\2.11.0\a2503f302b11ebde7ebc3df41daebe0e4eea3689\commons-io-2.11.0.jar
[Architectury Transformer DEBUG]  - C:\Users\dandi\scoop\apps\gradle\current\.gradle\caches\modules-2\files-2.1\commons-logging\commons-logging\1.2\4bfc12adfe4842bf07b657f0369c4cb522955686\commons-logging-1.2.jar
[Architectury Transformer DEBUG]  - C:\Users\dandi\scoop\apps\gradle\current\.gradle\caches\modules-2\files-2.1\io.netty\netty-buffer\4.1.82.Final\a544270cf1ae8b8077082f5036436a9a9971ea71\netty-buffer-4.1.82.Final.jar
[Architectury Transformer DEBUG]  - C:\Users\dandi\scoop\apps\gradle\current\.gradle\caches\modules-2\files-2.1\io.netty\netty-codec\4.1.82.Final\b77200379acb345a9ffdece1c605e591ac3e4e0a\netty-codec-4.1.82.Final.jar
[Architectury Transformer DEBUG]  - C:\Users\dandi\scoop\apps\gradle\current\.gradle\caches\modules-2\files-2.1\io.netty\netty-common\4.1.82.Final\22d148e85c3f5ebdacc0ce1f5aabb1d420f73f3\netty-common-4.1.82.Final.jar
[Architectury Transformer DEBUG]  - C:\Users\dandi\scoop\apps\gradle\current\.gradle\caches\modules-2\files-2.1\io.netty\netty-handler\4.1.82.Final\644041d1fa96a5d3130a29e8978630d716d76e38\netty-handler-4.1.82.Final.jar
[Architectury Transformer DEBUG]  - C:\Users\dandi\scoop\apps\gradle\current\.gradle\caches\modules-2\files-2.1\io.netty\netty-resolver\4.1.82.Final\38f665ae8dcd29032eea31245ba7806bed2e0fa8\netty-resolver-4.1.82.Final.jar
[Architectury Transformer DEBUG]  - C:\Users\dandi\scoop\apps\gradle\current\.gradle\caches\modules-2\files-2.1\io.netty\netty-transport-classes-epoll\4.1.82.Final\e7c7dd18deac93105797f30057c912651ea76521\netty-transport-classes-epoll-4.1.82.Final.jar
[Architectury Transformer DEBUG]  - C:\Users\dandi\scoop\apps\gradle\current\.gradle\caches\modules-2\files-2.1\io.netty\netty-transport-native-unix-common\4.1.82.Final\3e895b35ca1b8a0eca56cacff4c2dde5d2c6abce\netty-transport-native-unix-common-4.1.82.Final.jar
[Architectury Transformer DEBUG]  - C:\Users\dandi\scoop\apps\gradle\current\.gradle\caches\modules-2\files-2.1\io.netty\netty-transport\4.1.82.Final\e431a218d91acb6476ccad5f5aafde50aa3945ca\netty-transport-4.1.82.Final.jar
[Architectury Transformer DEBUG]  - C:\Users\dandi\scoop\apps\gradle\current\.gradle\caches\modules-2\files-2.1\it.unimi.dsi\fastutil\8.5.9\bb7ea75ecdb216654237830b3a96d87ad91f8cc5\fastutil-8.5.9.jar
[Architectury Transformer DEBUG]  - C:\Users\dandi\scoop\apps\gradle\current\.gradle\caches\modules-2\files-2.1\net.java.dev.jna\jna-platform\5.12.1\97406a297c852f4a41e688a176ec675f72e8329\jna-platform-5.12.1.jar
[Architectury Transformer DEBUG]  - C:\Users\dandi\scoop\apps\gradle\current\.gradle\caches\modules-2\files-2.1\net.java.dev.jna\jna\5.12.1\b1e93a735caea94f503e95e6fe79bf9cdc1e985d\jna-5.12.1.jar
[Architectury Transformer DEBUG]  - C:\Users\dandi\scoop\apps\gradle\current\.gradle\caches\modules-2\files-2.1\net.sf.jopt-simple\jopt-simple\5.0.4\4fdac2fbe92dfad86aa6e9301736f6b4342a3f5c\jopt-simple-5.0.4.jar
[Architectury Transformer DEBUG]  - C:\Users\dandi\scoop\apps\gradle\current\.gradle\caches\modules-2\files-2.1\org.apache.commons\commons-compress\1.21\4ec95b60d4e86b5c95a0e919cb172a0af98011ef\commons-compress-1.21.jar
[Architectury Transformer DEBUG]  - C:\Users\dandi\scoop\apps\gradle\current\.gradle\caches\modules-2\files-2.1\org.apache.commons\commons-lang3\3.12.0\c6842c86792ff03b9f1d1fe2aab8dc23aa6c6f0e\commons-lang3-3.12.0.jar
[Architectury Transformer DEBUG]  - C:\Users\dandi\scoop\apps\gradle\current\.gradle\caches\modules-2\files-2.1\org.apache.httpcomponents\httpclient\4.5.13\e5f6cae5ca7ecaac1ec2827a9e2d65ae2869cada\httpclient-4.5.13.jar
[Architectury Transformer DEBUG]  - C:\Users\dandi\scoop\apps\gradle\current\.gradle\caches\modules-2\files-2.1\org.apache.httpcomponents\httpcore\4.4.15\7f2e0c573eaa7a74bac2e89b359e1f73d92a0a1d\httpcore-4.4.15.jar
[Architectury Transformer DEBUG]  - C:\Users\dandi\scoop\apps\gradle\current\.gradle\caches\modules-2\files-2.1\org.apache.logging.log4j\log4j-api\2.19.0\ea1b37f38c327596b216542bc636cfdc0b8036fa\log4j-api-2.19.0.jar
[Architectury Transformer DEBUG]  - C:\Users\dandi\scoop\apps\gradle\current\.gradle\caches\modules-2\files-2.1\org.apache.logging.log4j\log4j-core\2.19.0\3b6eeb4de4c49c0fe38a4ee27188ff5fee44d0bb\log4j-core-2.19.0.jar
[Architectury Transformer DEBUG]  - C:\Users\dandi\scoop\apps\gradle\current\.gradle\caches\modules-2\files-2.1\org.apache.logging.log4j\log4j-slf4j2-impl\2.19.0\5c04bfdd63ce9dceb2e284b81e96b6a70010ee10\log4j-slf4j2-impl-2.19.0.jar
[Architectury Transformer DEBUG]  - C:\Users\dandi\scoop\apps\gradle\current\.gradle\caches\modules-2\files-2.1\org.joml\joml\1.10.5\22566d58af70ad3d72308bab63b8339906deb649\joml-1.10.5.jar
[Architectury Transformer DEBUG]  - C:\Users\dandi\scoop\apps\gradle\current\.gradle\caches\modules-2\files-2.1\org.lwjgl\lwjgl-glfw\3.3.1\cbac1b8d30cb4795149c1ef540f912671a8616d0\lwjgl-glfw-3.3.1.jar
[Architectury Transformer DEBUG]  - C:\Users\dandi\scoop\apps\gradle\current\.gradle\caches\modules-2\files-2.1\org.lwjgl\lwjgl-jemalloc\3.3.1\a817bcf213db49f710603677457567c37d53e103\lwjgl-jemalloc-3.3.1.jar
[Architectury Transformer DEBUG]  - C:\Users\dandi\scoop\apps\gradle\current\.gradle\caches\modules-2\files-2.1\org.lwjgl\lwjgl-openal\3.3.1\2623a6b8ae1dfcd880738656a9f0243d2e6840bd\lwjgl-openal-3.3.1.jar
[Architectury Transformer DEBUG]  - C:\Users\dandi\scoop\apps\gradle\current\.gradle\caches\modules-2\files-2.1\org.lwjgl\lwjgl-opengl\3.3.1\831a5533a21a5f4f81bbc51bb13e9899319b5411\lwjgl-opengl-3.3.1.jar
[Architectury Transformer DEBUG]  - C:\Users\dandi\scoop\apps\gradle\current\.gradle\caches\modules-2\files-2.1\org.lwjgl\lwjgl-stb\3.3.1\b119297cf8ed01f247abe8685857f8e7fcf5980f\lwjgl-stb-3.3.1.jar
[Architectury Transformer DEBUG]  - C:\Users\dandi\scoop\apps\gradle\current\.gradle\caches\modules-2\files-2.1\org.lwjgl\lwjgl-tinyfd\3.3.1\ff1914111ef2e3e0110ef2dabc8d8cdaad82347\lwjgl-tinyfd-3.3.1.jar
[Architectury Transformer DEBUG]  - C:\Users\dandi\scoop\apps\gradle\current\.gradle\caches\modules-2\files-2.1\org.lwjgl\lwjgl\3.3.1\ae58664f88e18a9bb2c77b063833ca7aaec484cb\lwjgl-3.3.1.jar
[Architectury Transformer DEBUG]  - C:\Users\dandi\scoop\apps\gradle\current\.gradle\caches\modules-2\files-2.1\org.slf4j\slf4j-api\2.0.1\f48d81adce2abf5ad3cfe463df517952749e03bc\slf4j-api-2.0.1.jar
[Architectury Transformer DEBUG]  - D:\minecraft_mod_repository_branches\backported_real_version\forge-1.20.1\.gradle\loom-cache\minecraftMaven\net\minecraft\minecraft-merged-8d86a724c3\1.20.1-loom.mappings.1_20_1.layered+hash.40359-v2\minecraft-merged-8d86a724c3-1.20.1-loom.mappings.1_20_1.layered+hash.40359-v2.jar
[Architectury Transformer DEBUG]  - C:\Users\dandi\scoop\apps\gradle\current\.gradle\caches\modules-2\files-2.1\io.netty\netty-transport-native-epoll\4.1.82.Final\c7350a71920f3ae9142945e25fed4846cce53374\netty-transport-native-epoll-4.1.82.Final-linux-x86_64.jar
[Architectury Transformer DEBUG]  - C:\Users\dandi\scoop\apps\gradle\current\.gradle\caches\modules-2\files-2.1\io.netty\netty-transport-native-epoll\4.1.82.Final\476409d6255001ca53a55f65b01c13822f8dc93a\netty-transport-native-epoll-4.1.82.Final-linux-aarch_64.jar
[Architectury Transformer DEBUG]  - D:\minecraft_mod_repository_branches\backported_real_version\forge-1.20.1\.gradle\loom-cache\remapped_mods\loom_mappings_1_20_1_layered_hash_40359_v2\net\fabricmc\fabric-api\fabric-api\0.92.7+1.20.1\fabric-api-0.92.7+1.20.1.jar
[Architectury Transformer DEBUG]  - D:\minecraft_mod_repository_branches\backported_real_version\forge-1.20.1\.gradle\loom-cache\remapped_mods\loom_mappings_1_20_1_layered_hash_40359_v2\dev\architectury\architectury-fabric\9.2.14\architectury-fabric-9.2.14.jar
[Architectury Transformer DEBUG]  - D:\minecraft_mod_repository_branches\backported_real_version\forge-1.20.1\.gradle\loom-cache\remapped_mods\loom_mappings_1_20_1_layered_hash_40359_v2\maven\modrinth\trimmed\1.20.1-2.1.4+fabric\trimmed-1.20.1-2.1.4+fabric.jar
[Architectury Transformer DEBUG]  - D:\minecraft_mod_repository_branches\backported_real_version\forge-1.20.1\.gradle\loom-cache\remapped_mods\loom_mappings_1_20_1_layered_hash_40359_v2\net\fabricmc\fabric-api\fabric-transfer-api-v1\3.3.6+8dd72ea377\fabric-transfer-api-v1-3.3.6+8dd72ea377.jar
[Architectury Transformer DEBUG]  - D:\minecraft_mod_repository_branches\backported_real_version\forge-1.20.1\.gradle\loom-cache\remapped_mods\loom_mappings_1_20_1_layered_hash_40359_v2\net\fabricmc\fabric-api\fabric-api-lookup-api-v1\1.6.37+1802ada577\fabric-api-lookup-api-v1-1.6.37+1802ada577.jar
[Architectury Transformer DEBUG]  - D:\minecraft_mod_repository_branches\backported_real_version\forge-1.20.1\.gradle\loom-cache\remapped_mods\loom_mappings_1_20_1_layered_hash_40359_v2\net\fabricmc\fabric-api\fabric-blockrenderlayer-v1\1.1.42+1802ada577\fabric-blockrenderlayer-v1-1.1.42+1802ada577.jar
[Architectury Transformer DEBUG]  - D:\minecraft_mod_repository_branches\backported_real_version\forge-1.20.1\.gradle\loom-cache\remapped_mods\loom_mappings_1_20_1_layered_hash_40359_v2\net\fabricmc\fabric-api\fabric-client-tags-api-v1\1.1.3+1802ada577\fabric-client-tags-api-v1-1.1.3+1802ada577.jar
[Architectury Transformer DEBUG]  - D:\minecraft_mod_repository_branches\backported_real_version\forge-1.20.1\.gradle\loom-cache\remapped_mods\loom_mappings_1_20_1_layered_hash_40359_v2\net\fabricmc\fabric-api\fabric-command-api-v1\1.2.35+f71b366f77\fabric-command-api-v1-1.2.35+f71b366f77.jar
[Architectury Transformer DEBUG]  - D:\minecraft_mod_repository_branches\backported_real_version\forge-1.20.1\.gradle\loom-cache\remapped_mods\loom_mappings_1_20_1_layered_hash_40359_v2\net\fabricmc\fabric-api\fabric-commands-v0\0.2.52+df3654b377\fabric-commands-v0-0.2.52+df3654b377.jar
[Architectury Transformer DEBUG]  - D:\minecraft_mod_repository_branches\backported_real_version\forge-1.20.1\.gradle\loom-cache\remapped_mods\loom_mappings_1_20_1_layered_hash_40359_v2\net\fabricmc\fabric-api\fabric-command-api-v2\2.2.14+1802ada577\fabric-command-api-v2-2.2.14+1802ada577.jar
[Architectury Transformer DEBUG]  - D:\minecraft_mod_repository_branches\backported_real_version\forge-1.20.1\.gradle\loom-cache\remapped_mods\loom_mappings_1_20_1_layered_hash_40359_v2\net\fabricmc\fabric-api\fabric-content-registries-v0\4.0.13+1802ada577\fabric-content-registries-v0-4.0.13+1802ada577.jar
[Architectury Transformer DEBUG]  - D:\minecraft_mod_repository_branches\backported_real_version\forge-1.20.1\.gradle\loom-cache\remapped_mods\loom_mappings_1_20_1_layered_hash_40359_v2\net\fabricmc\fabric-api\fabric-convention-tags-v1\1.5.6+1802ada577\fabric-convention-tags-v1-1.5.6+1802ada577.jar
[Architectury Transformer DEBUG]  - D:\minecraft_mod_repository_branches\backported_real_version\forge-1.20.1\.gradle\loom-cache\remapped_mods\loom_mappings_1_20_1_layered_hash_40359_v2\net\fabricmc\fabric-api\fabric-data-attachment-api-v1\1.0.2+de0fd6d177\fabric-data-attachment-api-v1-1.0.2+de0fd6d177.jar
[Architectury Transformer DEBUG]  - D:\minecraft_mod_repository_branches\backported_real_version\forge-1.20.1\.gradle\loom-cache\remapped_mods\loom_mappings_1_20_1_layered_hash_40359_v2\net\fabricmc\fabric-api\fabric-data-generation-api-v1\12.3.7+1802ada577\fabric-data-generation-api-v1-12.3.7+1802ada577.jar
[Architectury Transformer DEBUG]  - D:\minecraft_mod_repository_branches\backported_real_version\forge-1.20.1\.gradle\loom-cache\remapped_mods\loom_mappings_1_20_1_layered_hash_40359_v2\net\fabricmc\fabric-api\fabric-dimensions-v1\2.1.55+1802ada577\fabric-dimensions-v1-2.1.55+1802ada577.jar
[Architectury Transformer DEBUG]  - D:\minecraft_mod_repository_branches\backported_real_version\forge-1.20.1\.gradle\loom-cache\remapped_mods\loom_mappings_1_20_1_layered_hash_40359_v2\net\fabricmc\fabric-api\fabric-entity-events-v1\1.6.1+1c78457f77\fabric-entity-events-v1-1.6.1+1c78457f77.jar
[Architectury Transformer DEBUG]  - D:\minecraft_mod_repository_branches\backported_real_version\forge-1.20.1\.gradle\loom-cache\remapped_mods\loom_mappings_1_20_1_layered_hash_40359_v2\net\fabricmc\fabric-api\fabric-events-interaction-v0\0.6.5+13a40c6677\fabric-events-interaction-v0-0.6.5+13a40c6677.jar
[Architectury Transformer DEBUG]  - D:\minecraft_mod_repository_branches\backported_real_version\forge-1.20.1\.gradle\loom-cache\remapped_mods\loom_mappings_1_20_1_layered_hash_40359_v2\net\fabricmc\fabric-api\fabric-gametest-api-v1\1.2.15+1802ada577\fabric-gametest-api-v1-1.2.15+1802ada577.jar
[Architectury Transformer DEBUG]  - D:\minecraft_mod_repository_branches\backported_real_version\forge-1.20.1\.gradle\loom-cache\remapped_mods\loom_mappings_1_20_1_layered_hash_40359_v2\net\fabricmc\fabric-api\fabric-events-lifecycle-v0\0.2.64+df3654b377\fabric-events-lifecycle-v0-0.2.64+df3654b377.jar
[Architectury Transformer DEBUG]  - D:\minecraft_mod_repository_branches\backported_real_version\forge-1.20.1\.gradle\loom-cache\remapped_mods\loom_mappings_1_20_1_layered_hash_40359_v2\net\fabricmc\fabric-api\fabric-item-api-v1\2.1.29+1802ada577\fabric-item-api-v1-2.1.29+1802ada577.jar
[Architectury Transformer DEBUG]  - D:\minecraft_mod_repository_branches\backported_real_version\forge-1.20.1\.gradle\loom-cache\remapped_mods\loom_mappings_1_20_1_layered_hash_40359_v2\net\fabricmc\fabric-api\fabric-item-group-api-v1\4.0.14+1802ada577\fabric-item-group-api-v1-4.0.14+1802ada577.jar
[Architectury Transformer DEBUG]  - D:\minecraft_mod_repository_branches\backported_real_version\forge-1.20.1\.gradle\loom-cache\remapped_mods\loom_mappings_1_20_1_layered_hash_40359_v2\net\fabricmc\fabric-api\fabric-mining-level-api-v1\2.1.52+1802ada577\fabric-mining-level-api-v1-2.1.52+1802ada577.jar
[Architectury Transformer DEBUG]  - D:\minecraft_mod_repository_branches\backported_real_version\forge-1.20.1\.gradle\loom-cache\remapped_mods\loom_mappings_1_20_1_layered_hash_40359_v2\net\fabricmc\fabric-api\fabric-lifecycle-events-v1\2.2.23+1802ada577\fabric-lifecycle-events-v1-2.2.23+1802ada577.jar
[Architectury Transformer DEBUG]  - D:\minecraft_mod_repository_branches\backported_real_version\forge-1.20.1\.gradle\loom-cache\remapped_mods\loom_mappings_1_20_1_layered_hash_40359_v2\net\fabricmc\fabric-api\fabric-loot-tables-v1\1.1.47+9e7660c677\fabric-loot-tables-v1-1.1.47+9e7660c677.jar
[Architectury Transformer DEBUG]  - D:\minecraft_mod_repository_branches\backported_real_version\forge-1.20.1\.gradle\loom-cache\remapped_mods\loom_mappings_1_20_1_layered_hash_40359_v2\net\fabricmc\fabric-api\fabric-loot-api-v2\1.2.3+1802ada577\fabric-loot-api-v2-1.2.3+1802ada577.jar
[Architectury Transformer DEBUG]  - D:\minecraft_mod_repository_branches\backported_real_version\forge-1.20.1\.gradle\loom-cache\remapped_mods\loom_mappings_1_20_1_layered_hash_40359_v2\net\fabricmc\fabric-api\fabric-message-api-v1\5.1.10+1802ada577\fabric-message-api-v1-5.1.10+1802ada577.jar
[Architectury Transformer DEBUG]  - D:\minecraft_mod_repository_branches\backported_real_version\forge-1.20.1\.gradle\loom-cache\remapped_mods\loom_mappings_1_20_1_layered_hash_40359_v2\net\fabricmc\fabric-api\fabric-models-v0\0.4.3+9386d8a777\fabric-models-v0-0.4.3+9386d8a777.jar
[Architectury Transformer DEBUG]  - D:\minecraft_mod_repository_branches\backported_real_version\forge-1.20.1\.gradle\loom-cache\remapped_mods\loom_mappings_1_20_1_layered_hash_40359_v2\net\fabricmc\fabric-api\fabric-model-loading-api-v1\1.0.4+1802ada577\fabric-model-loading-api-v1-1.0.4+1802ada577.jar
[Architectury Transformer DEBUG]  - D:\minecraft_mod_repository_branches\backported_real_version\forge-1.20.1\.gradle\loom-cache\remapped_mods\loom_mappings_1_20_1_layered_hash_40359_v2\net\fabricmc\fabric-api\fabric-recipe-api-v1\1.0.24+1802ada577\fabric-recipe-api-v1-1.0.24+1802ada577.jar
[Architectury Transformer DEBUG]  - D:\minecraft_mod_repository_branches\backported_real_version\forge-1.20.1\.gradle\loom-cache\remapped_mods\loom_mappings_1_20_1_layered_hash_40359_v2\net\fabricmc\fabric-api\fabric-registry-sync-v0\2.3.6+1802ada577\fabric-registry-sync-v0-2.3.6+1802ada577.jar
[Architectury Transformer DEBUG]  - D:\minecraft_mod_repository_branches\backported_real_version\forge-1.20.1\.gradle\loom-cache\remapped_mods\loom_mappings_1_20_1_layered_hash_40359_v2\net\fabricmc\fabric-api\fabric-screen-handler-api-v1\1.3.33+1802ada577\fabric-screen-handler-api-v1-1.3.33+1802ada577.jar
[Architectury Transformer DEBUG]  - D:\minecraft_mod_repository_branches\backported_real_version\forge-1.20.1\.gradle\loom-cache\remapped_mods\loom_mappings_1_20_1_layered_hash_40359_v2\net\fabricmc\fabric-api\fabric-containers-v0\0.1.67+df3654b377\fabric-containers-v0-0.1.67+df3654b377.jar
[Architectury Transformer DEBUG]  - D:\minecraft_mod_repository_branches\backported_real_version\forge-1.20.1\.gradle\loom-cache\remapped_mods\loom_mappings_1_20_1_layered_hash_40359_v2\net\fabricmc\fabric-api\fabric-networking-v0\0.3.54+df3654b377\fabric-networking-v0-0.3.54+df3654b377.jar
[Architectury Transformer DEBUG]  - D:\minecraft_mod_repository_branches\backported_real_version\forge-1.20.1\.gradle\loom-cache\remapped_mods\loom_mappings_1_20_1_layered_hash_40359_v2\net\fabricmc\fabric-api\fabric-networking-api-v1\1.3.14+a158aa0477\fabric-networking-api-v1-1.3.14+a158aa0477.jar
[Architectury Transformer DEBUG]  - D:\minecraft_mod_repository_branches\backported_real_version\forge-1.20.1\.gradle\loom-cache\remapped_mods\loom_mappings_1_20_1_layered_hash_40359_v2\net\fabricmc\fabric-api\fabric-object-builder-api-v1\11.1.5+e35120df77\fabric-object-builder-api-v1-11.1.5+e35120df77.jar
[Architectury Transformer DEBUG]  - D:\minecraft_mod_repository_branches\backported_real_version\forge-1.20.1\.gradle\loom-cache\remapped_mods\loom_mappings_1_20_1_layered_hash_40359_v2\net\fabricmc\fabric-api\fabric-particles-v1\1.1.3+1802ada577\fabric-particles-v1-1.1.3+1802ada577.jar
[Architectury Transformer DEBUG]  - D:\minecraft_mod_repository_branches\backported_real_version\forge-1.20.1\.gradle\loom-cache\remapped_mods\loom_mappings_1_20_1_layered_hash_40359_v2\net\fabricmc\fabric-api\fabric-renderer-indigo\1.5.3+85287f9f77\fabric-renderer-indigo-1.5.3+85287f9f77.jar
[Architectury Transformer DEBUG]  - D:\minecraft_mod_repository_branches\backported_real_version\forge-1.20.1\.gradle\loom-cache\remapped_mods\loom_mappings_1_20_1_layered_hash_40359_v2\net\fabricmc\fabric-api\fabric-renderer-api-v1\3.2.2+1802ada577\fabric-renderer-api-v1-3.2.2+1802ada577.jar
[Architectury Transformer DEBUG]  - D:\minecraft_mod_repository_branches\backported_real_version\forge-1.20.1\.gradle\loom-cache\remapped_mods\loom_mappings_1_20_1_layered_hash_40359_v2\net\fabricmc\fabric-api\fabric-rendering-fluids-v1\3.0.29+1802ada577\fabric-rendering-fluids-v1-3.0.29+1802ada577.jar
[Architectury Transformer DEBUG]  - D:\minecraft_mod_repository_branches\backported_real_version\forge-1.20.1\.gradle\loom-cache\remapped_mods\loom_mappings_1_20_1_layered_hash_40359_v2\net\fabricmc\fabric-api\fabric-renderer-registries-v1\3.2.47+df3654b377\fabric-renderer-registries-v1-3.2.47+df3654b377.jar
[Architectury Transformer DEBUG]  - D:\minecraft_mod_repository_branches\backported_real_version\forge-1.20.1\.gradle\loom-cache\remapped_mods\loom_mappings_1_20_1_layered_hash_40359_v2\net\fabricmc\fabric-api\fabric-rendering-v0\1.1.50+df3654b377\fabric-rendering-v0-1.1.50+df3654b377.jar
[Architectury Transformer DEBUG]  - D:\minecraft_mod_repository_branches\backported_real_version\forge-1.20.1\.gradle\loom-cache\remapped_mods\loom_mappings_1_20_1_layered_hash_40359_v2\net\fabricmc\fabric-api\fabric-rendering-v1\3.0.9+1802ada577\fabric-rendering-v1-3.0.9+1802ada577.jar
[Architectury Transformer DEBUG]  - D:\minecraft_mod_repository_branches\backported_real_version\forge-1.20.1\.gradle\loom-cache\remapped_mods\loom_mappings_1_20_1_layered_hash_40359_v2\net\fabricmc\fabric-api\fabric-screen-api-v1\2.0.9+1802ada577\fabric-screen-api-v1-2.0.9+1802ada577.jar
[Architectury Transformer DEBUG]  - D:\minecraft_mod_repository_branches\backported_real_version\forge-1.20.1\.gradle\loom-cache\remapped_mods\loom_mappings_1_20_1_layered_hash_40359_v2\net\fabricmc\fabric-api\fabric-api-base\0.4.32+1802ada577\fabric-api-base-0.4.32+1802ada577.jar
[Architectury Transformer DEBUG]  - D:\minecraft_mod_repository_branches\backported_real_version\forge-1.20.1\.gradle\loom-cache\remapped_mods\loom_mappings_1_20_1_layered_hash_40359_v2\net\fabricmc\fabric-api\fabric-biome-api-v1\13.0.15+93aa238b77\fabric-biome-api-v1-13.0.15+93aa238b77.jar
[Architectury Transformer DEBUG]  - D:\minecraft_mod_repository_branches\backported_real_version\forge-1.20.1\.gradle\loom-cache\remapped_mods\loom_mappings_1_20_1_layered_hash_40359_v2\net\fabricmc\fabric-api\fabric-block-api-v1\1.0.12+1802ada577\fabric-block-api-v1-1.0.12+1802ada577.jar
[Architectury Transformer DEBUG]  - D:\minecraft_mod_repository_branches\backported_real_version\forge-1.20.1\.gradle\loom-cache\remapped_mods\loom_mappings_1_20_1_layered_hash_40359_v2\net\fabricmc\fabric-api\fabric-rendering-data-attachment-v1\0.3.39+92a0d36777\fabric-rendering-data-attachment-v1-0.3.39+92a0d36777.jar
[Architectury Transformer DEBUG]  - D:\minecraft_mod_repository_branches\backported_real_version\forge-1.20.1\.gradle\loom-cache\remapped_mods\loom_mappings_1_20_1_layered_hash_40359_v2\net\fabricmc\fabric-api\fabric-block-view-api-v2\1.0.3+924f046a77\fabric-block-view-api-v2-1.0.3+924f046a77.jar
[Architectury Transformer DEBUG]  - D:\minecraft_mod_repository_branches\backported_real_version\forge-1.20.1\.gradle\loom-cache\remapped_mods\loom_mappings_1_20_1_layered_hash_40359_v2\net\fabricmc\fabric-api\fabric-crash-report-info-v1\0.2.20+1802ada577\fabric-crash-report-info-v1-0.2.20+1802ada577.jar
[Architectury Transformer DEBUG]  - D:\minecraft_mod_repository_branches\backported_real_version\forge-1.20.1\.gradle\loom-cache\remapped_mods\loom_mappings_1_20_1_layered_hash_40359_v2\net\fabricmc\fabric-api\fabric-game-rule-api-v1\1.0.41+1802ada577\fabric-game-rule-api-v1-1.0.41+1802ada577.jar
[Architectury Transformer DEBUG]  - D:\minecraft_mod_repository_branches\backported_real_version\forge-1.20.1\.gradle\loom-cache\remapped_mods\loom_mappings_1_20_1_layered_hash_40359_v2\net\fabricmc\fabric-api\fabric-keybindings-v0\0.2.36+df3654b377\fabric-keybindings-v0-0.2.36+df3654b377.jar
[Architectury Transformer DEBUG]  - D:\minecraft_mod_repository_branches\backported_real_version\forge-1.20.1\.gradle\loom-cache\remapped_mods\loom_mappings_1_20_1_layered_hash_40359_v2\net\fabricmc\fabric-api\fabric-key-binding-api-v1\1.0.38+1802ada577\fabric-key-binding-api-v1-1.0.38+1802ada577.jar
[Architectury Transformer DEBUG]  - D:\minecraft_mod_repository_branches\backported_real_version\forge-1.20.1\.gradle\loom-cache\remapped_mods\loom_mappings_1_20_1_layered_hash_40359_v2\net\fabricmc\fabric-api\fabric-resource-conditions-api-v1\2.3.9+1802ada577\fabric-resource-conditions-api-v1-2.3.9+1802ada577.jar
[Architectury Transformer DEBUG]  - D:\minecraft_mod_repository_branches\backported_real_version\forge-1.20.1\.gradle\loom-cache\remapped_mods\loom_mappings_1_20_1_layered_hash_40359_v2\net\fabricmc\fabric-api\fabric-resource-loader-v0\0.11.12+fb82e9d777\fabric-resource-loader-v0-0.11.12+fb82e9d777.jar
[Architectury Transformer DEBUG]  - D:\minecraft_mod_repository_branches\backported_real_version\forge-1.20.1\.gradle\loom-cache\remapped_mods\loom_mappings_1_20_1_layered_hash_40359_v2\net\fabricmc\fabric-api\fabric-sound-api-v1\1.0.14+1802ada577\fabric-sound-api-v1-1.0.14+1802ada577.jar
[Architectury Transformer DEBUG]  - D:\minecraft_mod_repository_branches\backported_real_version\forge-1.20.1\.gradle\loom-cache\remapped_mods\loom_mappings_1_20_1_layered_hash_40359_v2\net\fabricmc\fabric-api\fabric-transitive-access-wideners-v1\4.3.2+1802ada577\fabric-transitive-access-wideners-v1-4.3.2+1802ada577.jar
[Architectury Transformer] Read classpath in 1.200 s
[Architectury Transformer DEBUG] Closed File Systems for D:\minecraft_mod_repository_branches\backported_real_version\forge-1.20.1\common\build\devlibs\backported-common-1.0.0-dev.jar
[Architectury Transformer DEBUG] Transforming 5 transformer(s) from D:\minecraft_mod_repository_branches\backported_real_version\forge-1.20.1\common\build\devlibs\backported-common-1.0.0-dev.jar to C:\Users\dandi\AppData\Local\Temp\17033812430969624833.jar: 
[Architectury Transformer DEBUG]  - dev.architectury.transformer.transformers.RuntimeMixinRefmapDetector@5b07730f
[Architectury Transformer DEBUG]  - dev.architectury.transformer.transformers.GenerateFakeFabricMod@1fdfafd2
[Architectury Transformer DEBUG]  - dev.architectury.transformer.transformers.TransformExpectPlatform@a4b2d8f
[Architectury Transformer DEBUG]  - dev.architectury.transformer.transformers.RemapInjectables@dcfda20
[Architectury Transformer DEBUG]  - dev.architectury.transformer.transformers.TransformPlatformOnly@6d304f9d
[Architectury Transformer DEBUG] Transforming from D:\minecraft_mod_repository_branches\backported_real_version\forge-1.20.1\common\build\devlibs\backported-common-1.0.0-dev.jar to C:\Users\dandi\AppData\Local\Temp\17033812430969624833.jar with 5 transformer(s) on dev.architectury.transformer.handler.SimpleTransformerHandler
[Architectury Transformer DEBUG] Found class transformer
[Architectury Transformer DEBUG] Writing com/drd/backported/Backported with maxs=true frames=true
[Architectury Transformer DEBUG] Writing com/drd/backported/block/base/IHangingSign with maxs=true frames=true
[Architectury Transformer DEBUG] Writing com/drd/backported/block/base/ListBackedContainer with maxs=true frames=true
[Architectury Transformer DEBUG] Writing com/drd/backported/block/base/SelectableSlotContainer$1 with maxs=true frames=true
[Architectury Transformer DEBUG] Writing com/drd/backported/block/base/SelectableSlotContainer with maxs=true frames=true
[Architectury Transformer DEBUG] Writing com/drd/backported/block/base/SideChainPartBlock$EmptyNeighbor with maxs=true frames=true
[Architectury Transformer DEBUG] Writing com/drd/backported/block/base/SideChainPartBlock$Neighbor with maxs=true frames=true
[Architectury Transformer DEBUG] Writing com/drd/backported/block/base/SideChainPartBlock$Neighbors with maxs=true frames=true
[Architectury Transformer DEBUG] Writing com/drd/backported/block/base/SideChainPartBlock$SideChainNeighbor with maxs=true frames=true
[Architectury Transformer DEBUG] Writing com/drd/backported/block/base/SideChainPartBlock with maxs=true frames=true
[Architectury Transformer DEBUG] Writing com/drd/backported/block/base/WeatheringCopper$WeatherState with maxs=true frames=true
[Architectury Transformer DEBUG] Writing com/drd/backported/block/base/WeatheringCopper with maxs=true frames=true
[Architectury Transformer DEBUG] Writing com/drd/backported/block/CopperBulbBlock with maxs=true frames=true
[Architectury Transformer DEBUG] Writing com/drd/backported/block/CustomCeilingHangingSignBlock with maxs=true frames=true
[Architectury Transformer DEBUG] Writing com/drd/backported/block/CustomStandingSignBlock with maxs=true frames=true
[Architectury Transformer DEBUG] Writing com/drd/backported/block/CustomWallHangingSignBlock with maxs=true frames=true
[Architectury Transformer DEBUG] Writing com/drd/backported/block/CustomWallSignBlock with maxs=true frames=true
[Architectury Transformer DEBUG] Writing com/drd/backported/block/CustomWeatheringCopperFullBlock with maxs=true frames=true
[Architectury Transformer DEBUG] Writing com/drd/backported/block/entity/CustomHangingSignBlockEntity with maxs=true frames=true
[Architectury Transformer DEBUG] Writing com/drd/backported/block/entity/CustomSignBlockEntity with maxs=true frames=true
[Architectury Transformer DEBUG] Writing com/drd/backported/block/entity/ShelfBlockEntity with maxs=true frames=true
[Architectury Transformer DEBUG] Writing com/drd/backported/block/FireflyBushBlock with maxs=true frames=true
[Architectury Transformer DEBUG] Writing com/drd/backported/block/HeavyCoreBlock with maxs=true frames=true
[Architectury Transformer DEBUG] Writing com/drd/backported/block/ResinClumpBlock$NoOpSpreadConfig with maxs=true frames=true
[Architectury Transformer DEBUG] Writing com/drd/backported/block/ResinClumpBlock with maxs=true frames=true
[Architectury Transformer DEBUG] Writing com/drd/backported/block/ShelfBlock$1 with maxs=true frames=true
[Architectury Transformer DEBUG] Writing com/drd/backported/block/ShelfBlock with maxs=true frames=true
[Architectury Transformer DEBUG] Writing com/drd/backported/block/SideChainPart$1 with maxs=true frames=true
[Architectury Transformer DEBUG] Writing com/drd/backported/block/SideChainPart with maxs=true frames=true
[Architectury Transformer DEBUG] Writing com/drd/backported/block/SpreadableBonemealableBlock with maxs=true frames=true
[Architectury Transformer DEBUG] Writing com/drd/backported/block/SpringToLifeBushBlock with maxs=true frames=true
[Architectury Transformer DEBUG] Writing com/drd/backported/block/WaterloggedTransparentBlock with maxs=true frames=true
[Architectury Transformer DEBUG] Writing com/drd/backported/block/WeatheringCopperBarsBlock with maxs=true frames=true
[Architectury Transformer DEBUG] Writing com/drd/backported/block/WeatheringCopperBulbBlock with maxs=true frames=true
[Architectury Transformer DEBUG] Writing com/drd/backported/block/WeatheringCopperChainBlock with maxs=true frames=true
[Architectury Transformer DEBUG] Writing com/drd/backported/block/WeatheringCopperDoorBlock with maxs=true frames=true
[Architectury Transformer DEBUG] Writing com/drd/backported/block/WeatheringCopperGrateBlock with maxs=true frames=true
[Architectury Transformer DEBUG] Writing com/drd/backported/block/WeatheringCopperTrapdoorBlock with maxs=true frames=true
[Architectury Transformer DEBUG] Writing com/drd/backported/client/BackportedClient$holdUpAnimation with maxs=true frames=true
[Architectury Transformer DEBUG] Writing com/drd/backported/client/BackportedClient with maxs=true frames=true
[Architectury Transformer DEBUG] Writing com/drd/backported/client/emissive/EmissiveModelWrapper with maxs=true frames=true
[Architectury Transformer DEBUG] Writing com/drd/backported/client/emissive/EmissiveQuad with maxs=true frames=true
[Architectury Transformer DEBUG] Writing com/drd/backported/client/init/ModModelLayers with maxs=true frames=true
[Architectury Transformer DEBUG] Writing com/drd/backported/client/model/WindChargeModel with maxs=true frames=true
[Architectury Transformer DEBUG] Writing com/drd/backported/client/renderer/CustomBoatRenderer with maxs=true frames=true
[Architectury Transformer DEBUG] Writing com/drd/backported/client/renderer/ShelfRenderer with maxs=true frames=true
[Architectury Transformer DEBUG] Writing com/drd/backported/client/renderer/WindChargeRenderer with maxs=true frames=true
[Architectury Transformer DEBUG] Writing com/drd/backported/enchantment/LungeEnchantment with maxs=true frames=true
[Architectury Transformer DEBUG] Writing com/drd/backported/entity/CustomBoat$Type with maxs=true frames=true
[Architectury Transformer DEBUG] Writing com/drd/backported/entity/CustomBoat with maxs=true frames=true
[Architectury Transformer DEBUG] Writing com/drd/backported/entity/CustomChestBoat with maxs=true frames=true
[Architectury Transformer DEBUG] Writing com/drd/backported/entity/handler/ChickenJockeyDropHandler with maxs=true frames=true
[Architectury Transformer DEBUG] Writing com/drd/backported/entity/handler/GhastDropHandler with maxs=true frames=true
[Architectury Transformer DEBUG] Writing com/drd/backported/entity/variant/ChickenVariant with maxs=true frames=true
[Architectury Transformer DEBUG] Writing com/drd/backported/entity/variant/CowVariant with maxs=true frames=true
[Architectury Transformer DEBUG] Writing com/drd/backported/entity/variant/PigVariant with maxs=true frames=true
[Architectury Transformer DEBUG] Writing com/drd/backported/entity/variant/WolfVariant with maxs=true frames=true
[Architectury Transformer DEBUG] Writing com/drd/backported/entity/WindCharge with maxs=true frames=true
[Architectury Transformer DEBUG] Writing com/drd/backported/init/ModBannerPatterns with maxs=true frames=true
[Architectury Transformer DEBUG] Writing com/drd/backported/init/ModBlockEntities with maxs=true frames=true
[Architectury Transformer DEBUG] Writing com/drd/backported/init/ModBlocks with maxs=true frames=true
[Architectury Transformer DEBUG] Writing com/drd/backported/init/ModEnchantments with maxs=true frames=true
[Architectury Transformer DEBUG] Writing com/drd/backported/init/ModEntities with maxs=true frames=true
[Architectury Transformer DEBUG] Writing com/drd/backported/init/ModItems with maxs=true frames=true
[Architectury Transformer DEBUG] Writing com/drd/backported/init/ModPaintings with maxs=true frames=true
[Architectury Transformer DEBUG] Writing com/drd/backported/init/ModParticles with maxs=true frames=true
[Architectury Transformer DEBUG] Writing com/drd/backported/init/ModSounds with maxs=true frames=true
[Architectury Transformer DEBUG] Writing com/drd/backported/item/CustomBoatItem with maxs=true frames=true
[Architectury Transformer DEBUG] Writing com/drd/backported/item/MaceItem with maxs=true frames=true
[Architectury Transformer DEBUG] Writing com/drd/backported/item/ModArmorMaterials with maxs=true frames=true
[Architectury Transformer DEBUG] Writing com/drd/backported/item/ModToolTiers with maxs=true frames=true
[Architectury Transformer DEBUG] Writing com/drd/backported/item/spear/MovementFixer with maxs=true frames=true
[Architectury Transformer DEBUG] Writing com/drd/backported/item/spear/SpearUser with maxs=true frames=true
[Architectury Transformer DEBUG] Writing com/drd/backported/item/SpearItem with maxs=true frames=true
[Architectury Transformer DEBUG] Writing com/drd/backported/item/TrimmedSmithingTemplateItem with maxs=true frames=true
[Architectury Transformer DEBUG] Writing com/drd/backported/item/WindChargeItem with maxs=true frames=true
[Architectury Transformer DEBUG] Writing com/drd/backported/mixin/DamageEnchantmentMixin with maxs=true frames=true
[Architectury Transformer DEBUG] Writing com/drd/backported/mixin/EnchantmentMixin with maxs=true frames=true
[Architectury Transformer DEBUG] Writing com/drd/backported/mixin/EntityMixin with maxs=true frames=true
[Architectury Transformer DEBUG] Writing com/drd/backported/mixin/HeldItemRendererMixin with maxs=true frames=true
[Architectury Transformer DEBUG] Writing com/drd/backported/mixin/HumanoidModelMixin with maxs=true frames=true
[Architectury Transformer DEBUG] Writing com/drd/backported/mixin/ItemInHandLayerMixin with maxs=true frames=true
[Architectury Transformer DEBUG] Writing com/drd/backported/mixin/ItemInHandRendererInvoker with maxs=true frames=true
[Architectury Transformer DEBUG] Writing com/drd/backported/mixin/ItemPropertiesMixin with maxs=true frames=true
[Architectury Transformer DEBUG] Writing com/drd/backported/mixin/ItemRendererMixin with maxs=true frames=true
[Architectury Transformer DEBUG] Writing com/drd/backported/mixin/LivingEntityMixin with maxs=true frames=true
[Architectury Transformer DEBUG] Writing com/drd/backported/mixin/LocalPlayerMixin with maxs=true frames=true
[Architectury Transformer DEBUG] Writing com/drd/backported/mixin/MinecraftMixin with maxs=true frames=true
[Architectury Transformer DEBUG] Writing com/drd/backported/mixin/MobMixin with maxs=true frames=true
[Architectury Transformer DEBUG] Writing com/drd/backported/mixin/ServerPlayerMixin with maxs=true frames=true
[Architectury Transformer DEBUG] Writing com/drd/backported/mixin/WolfMixin with maxs=true frames=true
[Architectury Transformer DEBUG] Writing com/drd/backported/mixin/WolfRendererMixin with maxs=true frames=true
[Architectury Transformer DEBUG] Writing com/drd/backported/mixin/WoodTypeInvoker with maxs=true frames=true
[Architectury Transformer DEBUG] Writing com/drd/backported/particle/base/ModSimpleParticleType with maxs=true frames=true
[Architectury Transformer DEBUG] Writing com/drd/backported/platform/CommonPlatformUtils with maxs=true frames=true
[Architectury Transformer DEBUG] Writing com/drd/backported/util/LevelUtils with maxs=true frames=true
[Architectury Transformer DEBUG] Writing com/drd/backported/util/ModBlockSetTypes with maxs=true frames=true
[Architectury Transformer DEBUG] Writing com/drd/backported/util/ModFuels with maxs=true frames=true
[Architectury Transformer DEBUG] Writing com/drd/backported/util/ModSoundTypes with maxs=true frames=true
[Architectury Transformer DEBUG] Writing com/drd/backported/util/ModStrippables with maxs=true frames=true
[Architectury Transformer DEBUG] Writing com/drd/backported/util/ModTags$BannerPatterns with maxs=true frames=true
[Architectury Transformer DEBUG] Writing com/drd/backported/util/ModTags$Biomes with maxs=true frames=true
[Architectury Transformer DEBUG] Writing com/drd/backported/util/ModTags$Blocks with maxs=true frames=true
[Architectury Transformer DEBUG] Writing com/drd/backported/util/ModTags$Items with maxs=true frames=true
[Architectury Transformer DEBUG] Writing com/drd/backported/util/ModTags with maxs=true frames=true
[Architectury Transformer DEBUG] Writing com/drd/backported/util/ModWoodTypes with maxs=true frames=true
[Architectury Transformer DEBUG] Writing com/drd/backported/util/StrippableAccess with maxs=true frames=true
[Architectury Transformer DEBUG] Writing com/drd/backported/worldgen/ModPlacedFeatures with maxs=true frames=true
[Architectury Transformer DEBUG] Checking whether /backported-common-common-refmap.json is a mixin config.
[Architectury Transformer DEBUG] Checking whether /architectury.common.json is a mixin config.
[Architectury Transformer DEBUG] Checking whether /backported.mixins.json is a mixin config.
[Architectury Transformer] Mixin Config [backported.mixins.json] contains 'refmap', please remove it so it works in development environment!
[Architectury Transformer DEBUG] Closed File Systems for C:\Users\dandi\AppData\Local\Temp\17033812430969624833.jar
[Architectury Transformer] Listening at D:\minecraft_mod_repository_branches\backported_real_version\forge-1.20.1\common\build\devlibs\backported-common-1.0.0-dev.jar
[Architectury Transformer DEBUG] Temporary jar [C:\Users\dandi\AppData\Local\Temp\17033812430969624833.jar] contains packages: com.drd.backported.block.base, com.drd.backported.client, com.drd.backported.enchantment, com.drd.backported.item.spear, com.drd.backported.mixin, com.drd.backported.util, com.drd.backported.entity.variant, com.drd.backported.client.init, com.drd.backported.item, com.drd.backported, com.drd.backported.particle.base, com.drd.backported.client.renderer, com.drd.backported.client.emissive, com.drd.backported.block, com.drd.backported.init, com.drd.backported.block.entity, com.drd.backported.worldgen, com.drd.backported.client.model, com.drd.backported.platform, com.drd.backported.entity.handler, com.drd.backported.entity
[Architectury Transformer DEBUG] Closed File Systems for D:\minecraft_mod_repository_branches\backported_real_version\forge-1.20.1\common\build\devlibs\backported-common-1.0.0-dev.jar
[Architectury Transformer DEBUG] Classpath entry [D:\minecraft_mod_repository_branches\backported_real_version\forge-1.20.1\fabric\build\resources\main] contains packages: 
[Architectury Transformer DEBUG] Classpath entry [D:\minecraft_mod_repository_branches\backported_real_version\forge-1.20.1\common\build\resources\main] contains packages: 
[Architectury Transformer DEBUG] Transforming from com/drd/backported/item/spear/MovementFixer.class to com/drd/backported/item/spear/MovementFixer.class with 5 transformer(s) on dev.architectury.transformer.handler.TinyRemapperPreparedTransformerHandler
[Architectury Transformer DEBUG] Found class transformer
[Architectury Transformer DEBUG] Writing com/drd/backported/item/spear/MovementFixer with maxs=true frames=true
[Architectury Transformer DEBUG] Transformed com/drd/backported/item/spear/MovementFixer in 1.034 ms
[Architectury Transformer DEBUG] Transforming from com/drd/backported/item/spear/SpearUser.class to com/drd/backported/item/spear/SpearUser.class with 5 transformer(s) on dev.architectury.transformer.handler.TinyRemapperPreparedTransformerHandler
[Architectury Transformer DEBUG] Found class transformer
[Architectury Transformer DEBUG] Writing com/drd/backported/item/spear/SpearUser with maxs=true frames=true
[Architectury Transformer DEBUG] Transformed com/drd/backported/item/spear/SpearUser in 470.1 μs
[Architectury Transformer DEBUG] Transforming from com/drd/backported/mixin/WoodTypeInvoker.class to com/drd/backported/mixin/WoodTypeInvoker.class with 5 transformer(s) on dev.architectury.transformer.handler.TinyRemapperPreparedTransformerHandler
[Architectury Transformer DEBUG] Found class transformer
[Architectury Transformer DEBUG] Writing com/drd/backported/mixin/WoodTypeInvoker with maxs=true frames=true
[Architectury Transformer DEBUG] Transformed com/drd/backported/mixin/WoodTypeInvoker in 610.3 μs
[Architectury Transformer DEBUG] Transforming from com/drd/backported/Backported.class to com/drd/backported/Backported.class with 5 transformer(s) on dev.architectury.transformer.handler.TinyRemapperPreparedTransformerHandler
[Architectury Transformer DEBUG] Found class transformer
[Architectury Transformer DEBUG] Writing com/drd/backported/Backported with maxs=true frames=true
[Architectury Transformer DEBUG] Transformed com/drd/backported/Backported in 573.1 μs
[Architectury Transformer DEBUG] Transforming from com/drd/backported/init/ModSounds.class to com/drd/backported/init/ModSounds.class with 5 transformer(s) on dev.architectury.transformer.handler.TinyRemapperPreparedTransformerHandler
[Architectury Transformer DEBUG] Found class transformer
[Architectury Transformer DEBUG] Writing com/drd/backported/init/ModSounds with maxs=true frames=true
[Architectury Transformer DEBUG] Transformed com/drd/backported/init/ModSounds in 2.025 ms
[Architectury Transformer DEBUG] Transforming from com/drd/backported/init/ModBannerPatterns.class to com/drd/backported/init/ModBannerPatterns.class with 5 transformer(s) on dev.architectury.transformer.handler.TinyRemapperPreparedTransformerHandler
[Architectury Transformer DEBUG] Found class transformer
[Architectury Transformer DEBUG] Writing com/drd/backported/init/ModBannerPatterns with maxs=true frames=true
[Architectury Transformer DEBUG] Transformed com/drd/backported/init/ModBannerPatterns in 342.4 μs
[Architectury Transformer DEBUG] Transforming from com/drd/backported/init/ModBlocks.class to com/drd/backported/init/ModBlocks.class with 5 transformer(s) on dev.architectury.transformer.handler.TinyRemapperPreparedTransformerHandler
[Architectury Transformer DEBUG] Found class transformer
[Architectury Transformer DEBUG] Writing com/drd/backported/init/ModBlocks with maxs=true frames=true
[Architectury Transformer DEBUG] Transformed com/drd/backported/init/ModBlocks in 5.989 ms
[Architectury Transformer DEBUG] Transforming from com/drd/backported/block/CustomWeatheringCopperFullBlock.class to com/drd/backported/block/CustomWeatheringCopperFullBlock.class with 5 transformer(s) on dev.architectury.transformer.handler.TinyRemapperPreparedTransformerHandler
[Architectury Transformer DEBUG] Found class transformer
[Architectury Transformer DEBUG] Writing com/drd/backported/block/CustomWeatheringCopperFullBlock with maxs=true frames=true
[Architectury Transformer DEBUG] Transformed com/drd/backported/block/CustomWeatheringCopperFullBlock in 296.5 μs
[Architectury Transformer DEBUG] Transforming from com/drd/backported/block/base/WeatheringCopper.class to com/drd/backported/block/base/WeatheringCopper.class with 5 transformer(s) on dev.architectury.transformer.handler.TinyRemapperPreparedTransformerHandler
[Architectury Transformer DEBUG] Found class transformer
[Architectury Transformer DEBUG] Writing com/drd/backported/block/base/WeatheringCopper with maxs=true frames=true
[Architectury Transformer DEBUG] Transformed com/drd/backported/block/base/WeatheringCopper in 1.292 ms
[Architectury Transformer DEBUG] Transforming from com/drd/backported/block/WeatheringCopperGrateBlock.class to com/drd/backported/block/WeatheringCopperGrateBlock.class with 5 transformer(s) on dev.architectury.transformer.handler.TinyRemapperPreparedTransformerHandler
[Architectury Transformer DEBUG] Found class transformer
[Architectury Transformer DEBUG] Writing com/drd/backported/block/WeatheringCopperGrateBlock with maxs=true frames=true
[Architectury Transformer DEBUG] Transformed com/drd/backported/block/WeatheringCopperGrateBlock in 205.7 μs
[Architectury Transformer DEBUG] Transforming from com/drd/backported/block/WaterloggedTransparentBlock.class to com/drd/backported/block/WaterloggedTransparentBlock.class with 5 transformer(s) on dev.architectury.transformer.handler.TinyRemapperPreparedTransformerHandler
[Architectury Transformer DEBUG] Found class transformer
[Architectury Transformer DEBUG] Writing com/drd/backported/block/WaterloggedTransparentBlock with maxs=true frames=true
[Architectury Transformer DEBUG] Transformed com/drd/backported/block/WaterloggedTransparentBlock in 146.9 μs
[Architectury Transformer DEBUG] Transforming from com/drd/backported/block/WeatheringCopperDoorBlock.class to com/drd/backported/block/WeatheringCopperDoorBlock.class with 5 transformer(s) on dev.architectury.transformer.handler.TinyRemapperPreparedTransformerHandler
[Architectury Transformer DEBUG] Found class transformer
[Architectury Transformer DEBUG] Writing com/drd/backported/block/WeatheringCopperDoorBlock with maxs=true frames=true
[Architectury Transformer DEBUG] Transformed com/drd/backported/block/WeatheringCopperDoorBlock in 215.3 μs
[Architectury Transformer DEBUG] Transforming from com/drd/backported/block/WeatheringCopperBulbBlock.class to com/drd/backported/block/WeatheringCopperBulbBlock.class with 5 transformer(s) on dev.architectury.transformer.handler.TinyRemapperPreparedTransformerHandler
[Architectury Transformer DEBUG] Found class transformer
[Architectury Transformer DEBUG] Writing com/drd/backported/block/WeatheringCopperBulbBlock with maxs=true frames=true
[Architectury Transformer DEBUG] Transformed com/drd/backported/block/WeatheringCopperBulbBlock in 197.3 μs
[Architectury Transformer DEBUG] Transforming from com/drd/backported/block/CopperBulbBlock.class to com/drd/backported/block/CopperBulbBlock.class with 5 transformer(s) on dev.architectury.transformer.handler.TinyRemapperPreparedTransformerHandler
[Architectury Transformer DEBUG] Found class transformer
[Architectury Transformer DEBUG] Writing com/drd/backported/block/CopperBulbBlock with maxs=true frames=true
[Architectury Transformer DEBUG] Transformed com/drd/backported/block/CopperBulbBlock in 1.069 ms
[Architectury Transformer DEBUG] Transforming from com/drd/backported/block/WeatheringCopperTrapdoorBlock.class to com/drd/backported/block/WeatheringCopperTrapdoorBlock.class with 5 transformer(s) on dev.architectury.transformer.handler.TinyRemapperPreparedTransformerHandler
[Architectury Transformer DEBUG] Found class transformer
[Architectury Transformer DEBUG] Writing com/drd/backported/block/WeatheringCopperTrapdoorBlock with maxs=true frames=true
[Architectury Transformer DEBUG] Transformed com/drd/backported/block/WeatheringCopperTrapdoorBlock in 346.5 μs
[Architectury Transformer DEBUG] Transforming from com/drd/backported/block/ShelfBlock.class to com/drd/backported/block/ShelfBlock.class with 5 transformer(s) on dev.architectury.transformer.handler.TinyRemapperPreparedTransformerHandler
[Architectury Transformer DEBUG] Found class transformer
[Architectury Transformer DEBUG] Writing com/drd/backported/block/ShelfBlock with maxs=true frames=true
[Architectury Transformer DEBUG] Transformed com/drd/backported/block/ShelfBlock in 1.545 ms
[Architectury Transformer DEBUG] Transforming from com/drd/backported/block/base/SelectableSlotContainer.class to com/drd/backported/block/base/SelectableSlotContainer.class with 5 transformer(s) on dev.architectury.transformer.handler.TinyRemapperPreparedTransformerHandler
[Architectury Transformer DEBUG] Found class transformer
[Architectury Transformer DEBUG] Writing com/drd/backported/block/base/SelectableSlotContainer with maxs=true frames=true
[Architectury Transformer DEBUG] Transformed com/drd/backported/block/base/SelectableSlotContainer in 389.0 μs
[Architectury Transformer DEBUG] Transforming from com/drd/backported/block/base/SideChainPartBlock.class to com/drd/backported/block/base/SideChainPartBlock.class with 5 transformer(s) on dev.architectury.transformer.handler.TinyRemapperPreparedTransformerHandler
[Architectury Transformer DEBUG] Found class transformer
[Architectury Transformer DEBUG] Writing com/drd/backported/block/base/SideChainPartBlock with maxs=true frames=true
[Architectury Transformer DEBUG] Transformed com/drd/backported/block/base/SideChainPartBlock in 1.202 ms
[Architectury Transformer DEBUG] Transforming from com/drd/backported/block/CustomCeilingHangingSignBlock.class to com/drd/backported/block/CustomCeilingHangingSignBlock.class with 5 transformer(s) on dev.architectury.transformer.handler.TinyRemapperPreparedTransformerHandler
[Architectury Transformer DEBUG] Found class transformer
[Architectury Transformer DEBUG] Writing com/drd/backported/block/CustomCeilingHangingSignBlock with maxs=true frames=true
[Architectury Transformer DEBUG] Transformed com/drd/backported/block/CustomCeilingHangingSignBlock in 201.5 μs
[Architectury Transformer DEBUG] Transforming from com/drd/backported/block/base/IHangingSign.class to com/drd/backported/block/base/IHangingSign.class with 5 transformer(s) on dev.architectury.transformer.handler.TinyRemapperPreparedTransformerHandler
[Architectury Transformer DEBUG] Found class transformer
[Architectury Transformer DEBUG] Writing com/drd/backported/block/base/IHangingSign with maxs=true frames=true
[Architectury Transformer DEBUG] Transformed com/drd/backported/block/base/IHangingSign in 126.4 μs
[Architectury Transformer DEBUG] Transforming from com/drd/backported/block/CustomWallHangingSignBlock.class to com/drd/backported/block/CustomWallHangingSignBlock.class with 5 transformer(s) on dev.architectury.transformer.handler.TinyRemapperPreparedTransformerHandler
[Architectury Transformer DEBUG] Found class transformer
[Architectury Transformer DEBUG] Writing com/drd/backported/block/CustomWallHangingSignBlock with maxs=true frames=true
[Architectury Transformer DEBUG] Transformed com/drd/backported/block/CustomWallHangingSignBlock in 241.2 μs
[Architectury Transformer DEBUG] Transforming from com/drd/backported/block/CustomWallSignBlock.class to com/drd/backported/block/CustomWallSignBlock.class with 5 transformer(s) on dev.architectury.transformer.handler.TinyRemapperPreparedTransformerHandler
[Architectury Transformer DEBUG] Found class transformer
[Architectury Transformer DEBUG] Writing com/drd/backported/block/CustomWallSignBlock with maxs=true frames=true
[Architectury Transformer DEBUG] Transformed com/drd/backported/block/CustomWallSignBlock in 153.6 μs
[Architectury Transformer DEBUG] Transforming from com/drd/backported/block/CustomStandingSignBlock.class to com/drd/backported/block/CustomStandingSignBlock.class with 5 transformer(s) on dev.architectury.transformer.handler.TinyRemapperPreparedTransformerHandler
[Architectury Transformer DEBUG] Found class transformer
[Architectury Transformer DEBUG] Writing com/drd/backported/block/CustomStandingSignBlock with maxs=true frames=true
[Architectury Transformer DEBUG] Transformed com/drd/backported/block/CustomStandingSignBlock in 143.9 μs
[Architectury Transformer DEBUG] Transforming from com/drd/backported/block/WeatheringCopperBarsBlock.class to com/drd/backported/block/WeatheringCopperBarsBlock.class with 5 transformer(s) on dev.architectury.transformer.handler.TinyRemapperPreparedTransformerHandler
[Architectury Transformer DEBUG] Found class transformer
[Architectury Transformer DEBUG] Writing com/drd/backported/block/WeatheringCopperBarsBlock with maxs=true frames=true
[Architectury Transformer DEBUG] Transformed com/drd/backported/block/WeatheringCopperBarsBlock in 197.4 μs
[Architectury Transformer DEBUG] Transforming from com/drd/backported/block/FireflyBushBlock.class to com/drd/backported/block/FireflyBushBlock.class with 5 transformer(s) on dev.architectury.transformer.handler.TinyRemapperPreparedTransformerHandler
[Architectury Transformer DEBUG] Found class transformer
[Architectury Transformer DEBUG] Writing com/drd/backported/block/FireflyBushBlock with maxs=true frames=true
[Architectury Transformer DEBUG] Transformed com/drd/backported/block/FireflyBushBlock in 423.3 μs
[Architectury Transformer DEBUG] Transforming from com/drd/backported/block/SpreadableBonemealableBlock.class to com/drd/backported/block/SpreadableBonemealableBlock.class with 5 transformer(s) on dev.architectury.transformer.handler.TinyRemapperPreparedTransformerHandler
[Architectury Transformer DEBUG] Found class transformer
[Architectury Transformer DEBUG] Writing com/drd/backported/block/SpreadableBonemealableBlock with maxs=true frames=true
[Architectury Transformer DEBUG] Transformed com/drd/backported/block/SpreadableBonemealableBlock in 244.5 μs
[Architectury Transformer DEBUG] Transforming from com/drd/backported/block/ResinClumpBlock.class to com/drd/backported/block/ResinClumpBlock.class with 5 transformer(s) on dev.architectury.transformer.handler.TinyRemapperPreparedTransformerHandler
[Architectury Transformer DEBUG] Found class transformer
[Architectury Transformer DEBUG] Writing com/drd/backported/block/ResinClumpBlock with maxs=true frames=true
[Architectury Transformer DEBUG] Transformed com/drd/backported/block/ResinClumpBlock in 300.4 μs
[Architectury Transformer DEBUG] Transforming from com/drd/backported/block/WeatheringCopperChainBlock.class to com/drd/backported/block/WeatheringCopperChainBlock.class with 5 transformer(s) on dev.architectury.transformer.handler.TinyRemapperPreparedTransformerHandler
[Architectury Transformer DEBUG] Found class transformer
[Architectury Transformer DEBUG] Writing com/drd/backported/block/WeatheringCopperChainBlock with maxs=true frames=true
[Architectury Transformer DEBUG] Transformed com/drd/backported/block/WeatheringCopperChainBlock in 193.4 μs
[Architectury Transformer DEBUG] Transforming from com/drd/backported/block/SpringToLifeBushBlock.class to com/drd/backported/block/SpringToLifeBushBlock.class with 5 transformer(s) on dev.architectury.transformer.handler.TinyRemapperPreparedTransformerHandler
[Architectury Transformer DEBUG] Found class transformer
[Architectury Transformer DEBUG] Writing com/drd/backported/block/SpringToLifeBushBlock with maxs=true frames=true
[Architectury Transformer DEBUG] Transformed com/drd/backported/block/SpringToLifeBushBlock in 263.4 μs
[Architectury Transformer DEBUG] Transforming from com/drd/backported/block/HeavyCoreBlock.class to com/drd/backported/block/HeavyCoreBlock.class with 5 transformer(s) on dev.architectury.transformer.handler.TinyRemapperPreparedTransformerHandler
[Architectury Transformer DEBUG] Found class transformer
[Architectury Transformer DEBUG] Writing com/drd/backported/block/HeavyCoreBlock with maxs=true frames=true
[Architectury Transformer DEBUG] Transformed com/drd/backported/block/HeavyCoreBlock in 363.8 μs
[Architectury Transformer DEBUG] Transforming from com/drd/backported/init/ModItems.class to com/drd/backported/init/ModItems.class with 5 transformer(s) on dev.architectury.transformer.handler.TinyRemapperPreparedTransformerHandler
[Architectury Transformer DEBUG] Found class transformer
[Architectury Transformer DEBUG] Writing com/drd/backported/init/ModItems with maxs=true frames=true
[Architectury Transformer DEBUG] Transformed com/drd/backported/init/ModItems in 1.830 ms
[Architectury Transformer DEBUG] Transforming from com/drd/backported/item/WindChargeItem.class to com/drd/backported/item/WindChargeItem.class with 5 transformer(s) on dev.architectury.transformer.handler.TinyRemapperPreparedTransformerHandler
[Architectury Transformer DEBUG] Found class transformer
[Architectury Transformer DEBUG] Writing com/drd/backported/item/WindChargeItem with maxs=true frames=true
[Architectury Transformer DEBUG] Transformed com/drd/backported/item/WindChargeItem in 579.3 μs
[Architectury Transformer DEBUG] Transforming from com/drd/backported/item/MaceItem.class to com/drd/backported/item/MaceItem.class with 5 transformer(s) on dev.architectury.transformer.handler.TinyRemapperPreparedTransformerHandler
[Architectury Transformer DEBUG] Found class transformer
[Architectury Transformer DEBUG] Writing com/drd/backported/item/MaceItem with maxs=true frames=true
[Architectury Transformer DEBUG] Transformed com/drd/backported/item/MaceItem in 609.7 μs
[Architectury Transformer DEBUG] Transforming from com/drd/backported/item/CustomBoatItem.class to com/drd/backported/item/CustomBoatItem.class with 5 transformer(s) on dev.architectury.transformer.handler.TinyRemapperPreparedTransformerHandler
[Architectury Transformer DEBUG] Found class transformer
[Architectury Transformer DEBUG] Writing com/drd/backported/item/CustomBoatItem with maxs=true frames=true
[Architectury Transformer DEBUG] Transformed com/drd/backported/item/CustomBoatItem in 509.2 μs
[Architectury Transformer DEBUG] Transforming from com/drd/backported/item/TrimmedSmithingTemplateItem.class to com/drd/backported/item/TrimmedSmithingTemplateItem.class with 5 transformer(s) on dev.architectury.transformer.handler.TinyRemapperPreparedTransformerHandler
[Architectury Transformer DEBUG] Found class transformer
[Architectury Transformer DEBUG] Writing com/drd/backported/item/TrimmedSmithingTemplateItem with maxs=true frames=true
[Architectury Transformer DEBUG] Transformed com/drd/backported/item/TrimmedSmithingTemplateItem in 370.6 μs
[Architectury Transformer DEBUG] Transforming from com/drd/backported/item/SpearItem.class to com/drd/backported/item/SpearItem.class with 5 transformer(s) on dev.architectury.transformer.handler.TinyRemapperPreparedTransformerHandler
[Architectury Transformer DEBUG] Found class transformer
[Architectury Transformer DEBUG] Writing com/drd/backported/item/SpearItem with maxs=true frames=true
[Architectury Transformer DEBUG] Transformed com/drd/backported/item/SpearItem in 1.891 ms
[Architectury Transformer DEBUG] Transforming from com/drd/backported/util/ModTags$BannerPatterns.class to com/drd/backported/util/ModTags$BannerPatterns.class with 5 transformer(s) on dev.architectury.transformer.handler.TinyRemapperPreparedTransformerHandler
[Architectury Transformer DEBUG] Found class transformer
[Architectury Transformer DEBUG] Writing com/drd/backported/util/ModTags$BannerPatterns with maxs=true frames=true
[Architectury Transformer DEBUG] Transformed com/drd/backported/util/ModTags$BannerPatterns in 175.6 μs
[Architectury Transformer DEBUG] Transforming from com/drd/backported/item/ModToolTiers.class to com/drd/backported/item/ModToolTiers.class with 5 transformer(s) on dev.architectury.transformer.handler.TinyRemapperPreparedTransformerHandler
[Architectury Transformer DEBUG] Found class transformer
[Architectury Transformer DEBUG] Writing com/drd/backported/item/ModToolTiers with maxs=true frames=true
[Architectury Transformer DEBUG] Transformed com/drd/backported/item/ModToolTiers in 231.9 μs
[Architectury Transformer DEBUG] Transforming from com/drd/backported/item/ModArmorMaterials.class to com/drd/backported/item/ModArmorMaterials.class with 5 transformer(s) on dev.architectury.transformer.handler.TinyRemapperPreparedTransformerHandler
[Architectury Transformer DEBUG] Found class transformer
[Architectury Transformer DEBUG] Writing com/drd/backported/item/ModArmorMaterials with maxs=true frames=true
[Architectury Transformer DEBUG] Transformed com/drd/backported/item/ModArmorMaterials in 433.5 μs
[Architectury Transformer DEBUG] Transforming from com/drd/backported/util/ModWoodTypes.class to com/drd/backported/util/ModWoodTypes.class with 5 transformer(s) on dev.architectury.transformer.handler.TinyRemapperPreparedTransformerHandler
[Architectury Transformer DEBUG] Found class transformer
[Architectury Transformer DEBUG] Writing com/drd/backported/util/ModWoodTypes with maxs=true frames=true
[Architectury Transformer DEBUG] Transformed com/drd/backported/util/ModWoodTypes in 290.0 μs
[Architectury Transformer DEBUG] Transforming from com/drd/backported/block/base/WeatheringCopper$WeatherState.class to com/drd/backported/block/base/WeatheringCopper$WeatherState.class with 5 transformer(s) on dev.architectury.transformer.handler.TinyRemapperPreparedTransformerHandler
[Architectury Transformer DEBUG] Found class transformer
[Architectury Transformer DEBUG] Writing com/drd/backported/block/base/WeatheringCopper$WeatherState with maxs=true frames=true
[Architectury Transformer DEBUG] Transformed com/drd/backported/block/base/WeatheringCopper$WeatherState in 232.6 μs
[Architectury Transformer DEBUG] Transforming from com/drd/backported/util/ModSoundTypes.class to com/drd/backported/util/ModSoundTypes.class with 5 transformer(s) on dev.architectury.transformer.handler.TinyRemapperPreparedTransformerHandler
[Architectury Transformer DEBUG] Found class transformer
[Architectury Transformer DEBUG] Writing com/drd/backported/util/ModSoundTypes with maxs=true frames=true
[Architectury Transformer DEBUG] Transformed com/drd/backported/util/ModSoundTypes in 280.2 μs
[Architectury Transformer DEBUG] Transforming from com/drd/backported/util/ModBlockSetTypes.class to com/drd/backported/util/ModBlockSetTypes.class with 5 transformer(s) on dev.architectury.transformer.handler.TinyRemapperPreparedTransformerHandler
[Architectury Transformer DEBUG] Found class transformer
[Architectury Transformer DEBUG] Writing com/drd/backported/util/ModBlockSetTypes with maxs=true frames=true
[Architectury Transformer DEBUG] Transformed com/drd/backported/util/ModBlockSetTypes in 180.0 μs
[Architectury Transformer DEBUG] Transforming from com/drd/backported/block/entity/CustomSignBlockEntity.class to com/drd/backported/block/entity/CustomSignBlockEntity.class with 5 transformer(s) on dev.architectury.transformer.handler.TinyRemapperPreparedTransformerHandler
[Architectury Transformer DEBUG] Found class transformer
[Architectury Transformer DEBUG] Writing com/drd/backported/block/entity/CustomSignBlockEntity with maxs=true frames=true
[Architectury Transformer DEBUG] Transformed com/drd/backported/block/entity/CustomSignBlockEntity in 341.3 μs
[Architectury Transformer DEBUG] Transforming from com/drd/backported/block/entity/CustomHangingSignBlockEntity.class to com/drd/backported/block/entity/CustomHangingSignBlockEntity.class with 5 transformer(s) on dev.architectury.transformer.handler.TinyRemapperPreparedTransformerHandler
[Architectury Transformer DEBUG] Found class transformer
[Architectury Transformer DEBUG] Writing com/drd/backported/block/entity/CustomHangingSignBlockEntity with maxs=true frames=true
[Architectury Transformer DEBUG] Transformed com/drd/backported/block/entity/CustomHangingSignBlockEntity in 655.9 μs
[Architectury Transformer DEBUG] Transforming from com/drd/backported/block/entity/ShelfBlockEntity.class to com/drd/backported/block/entity/ShelfBlockEntity.class with 5 transformer(s) on dev.architectury.transformer.handler.TinyRemapperPreparedTransformerHandler
[Architectury Transformer DEBUG] Found class transformer
[Architectury Transformer DEBUG] Writing com/drd/backported/block/entity/ShelfBlockEntity with maxs=true frames=true
[Architectury Transformer DEBUG] Transformed com/drd/backported/block/entity/ShelfBlockEntity in 712.5 μs
[Architectury Transformer DEBUG] Transforming from com/drd/backported/block/base/ListBackedContainer.class to com/drd/backported/block/base/ListBackedContainer.class with 5 transformer(s) on dev.architectury.transformer.handler.TinyRemapperPreparedTransformerHandler
[Architectury Transformer DEBUG] Found class transformer
[Architectury Transformer DEBUG] Writing com/drd/backported/block/base/ListBackedContainer with maxs=true frames=true
[Architectury Transformer DEBUG] Transformed com/drd/backported/block/base/ListBackedContainer in 378.9 μs
[Architectury Transformer DEBUG] Transforming from com/drd/backported/block/SideChainPart.class to com/drd/backported/block/SideChainPart.class with 5 transformer(s) on dev.architectury.transformer.handler.TinyRemapperPreparedTransformerHandler
[Architectury Transformer DEBUG] Found class transformer
[Architectury Transformer DEBUG] Writing com/drd/backported/block/SideChainPart with maxs=true frames=true
[Architectury Transformer DEBUG] Transformed com/drd/backported/block/SideChainPart in 360.2 μs
[Architectury Transformer DEBUG] Transforming from com/drd/backported/block/ShelfBlock$1.class to com/drd/backported/block/ShelfBlock$1.class with 5 transformer(s) on dev.architectury.transformer.handler.TinyRemapperPreparedTransformerHandler
[Architectury Transformer DEBUG] Found class transformer
[Architectury Transformer DEBUG] Writing com/drd/backported/block/ShelfBlock$1 with maxs=true frames=true
[Architectury Transformer DEBUG] Transformed com/drd/backported/block/ShelfBlock$1 in 321.9 μs
[Architectury Transformer DEBUG] Transforming from com/drd/backported/init/ModBlockEntities.class to com/drd/backported/init/ModBlockEntities.class with 5 transformer(s) on dev.architectury.transformer.handler.TinyRemapperPreparedTransformerHandler
[Architectury Transformer DEBUG] Found class transformer
[Architectury Transformer DEBUG] Writing com/drd/backported/init/ModBlockEntities with maxs=true frames=true
[Architectury Transformer DEBUG] Transformed com/drd/backported/init/ModBlockEntities in 498.4 μs
[Architectury Transformer DEBUG] Transforming from com/drd/backported/init/ModEnchantments.class to com/drd/backported/init/ModEnchantments.class with 5 transformer(s) on dev.architectury.transformer.handler.TinyRemapperPreparedTransformerHandler
[Architectury Transformer DEBUG] Found class transformer
[Architectury Transformer DEBUG] Writing com/drd/backported/init/ModEnchantments with maxs=true frames=true
[Architectury Transformer DEBUG] Transformed com/drd/backported/init/ModEnchantments in 281.0 μs
[Architectury Transformer DEBUG] Transforming from com/drd/backported/enchantment/LungeEnchantment.class to com/drd/backported/enchantment/LungeEnchantment.class with 5 transformer(s) on dev.architectury.transformer.handler.TinyRemapperPreparedTransformerHandler
[Architectury Transformer DEBUG] Found class transformer
[Architectury Transformer DEBUG] Writing com/drd/backported/enchantment/LungeEnchantment with maxs=true frames=true
[Architectury Transformer DEBUG] Transformed com/drd/backported/enchantment/LungeEnchantment in 203.4 μs
[Architectury Transformer DEBUG] Transforming from com/drd/backported/init/ModEntities.class to com/drd/backported/init/ModEntities.class with 5 transformer(s) on dev.architectury.transformer.handler.TinyRemapperPreparedTransformerHandler
[Architectury Transformer DEBUG] Found class transformer
[Architectury Transformer DEBUG] Writing com/drd/backported/init/ModEntities with maxs=true frames=true
[Architectury Transformer DEBUG] Transformed com/drd/backported/init/ModEntities in 297.2 μs
[Architectury Transformer DEBUG] Transforming from com/drd/backported/entity/CustomBoat.class to com/drd/backported/entity/CustomBoat.class with 5 transformer(s) on dev.architectury.transformer.handler.TinyRemapperPreparedTransformerHandler
[Architectury Transformer DEBUG] Found class transformer
[Architectury Transformer DEBUG] Writing com/drd/backported/entity/CustomBoat with maxs=true frames=true
[Architectury Transformer DEBUG] Transformed com/drd/backported/entity/CustomBoat in 399.2 μs
[Architectury Transformer DEBUG] Transforming from com/drd/backported/platform/CommonPlatformUtils.class to com/drd/backported/platform/CommonPlatformUtils.class with 5 transformer(s) on dev.architectury.transformer.handler.TinyRemapperPreparedTransformerHandler
[Architectury Transformer DEBUG] Found class transformer
[Architectury Transformer DEBUG] Writing com/drd/backported/platform/CommonPlatformUtils with maxs=true frames=true
[Architectury Transformer DEBUG] Transformed com/drd/backported/platform/CommonPlatformUtils in 230.3 μs
[Architectury Transformer DEBUG] Transforming from com/drd/backported/entity/CustomChestBoat.class to com/drd/backported/entity/CustomChestBoat.class with 5 transformer(s) on dev.architectury.transformer.handler.TinyRemapperPreparedTransformerHandler
[Architectury Transformer DEBUG] Found class transformer
[Architectury Transformer DEBUG] Writing com/drd/backported/entity/CustomChestBoat with maxs=true frames=true
[Architectury Transformer DEBUG] Transformed com/drd/backported/entity/CustomChestBoat in 1.367 ms
[Architectury Transformer DEBUG] Transforming from com/drd/backported/entity/WindCharge.class to com/drd/backported/entity/WindCharge.class with 5 transformer(s) on dev.architectury.transformer.handler.TinyRemapperPreparedTransformerHandler
[Architectury Transformer DEBUG] Found class transformer
[Architectury Transformer DEBUG] Writing com/drd/backported/entity/WindCharge with maxs=true frames=true
[Architectury Transformer DEBUG] Transformed com/drd/backported/entity/WindCharge in 308.3 μs
[Architectury Transformer DEBUG] Transforming from com/drd/backported/entity/CustomBoat$Type.class to com/drd/backported/entity/CustomBoat$Type.class with 5 transformer(s) on dev.architectury.transformer.handler.TinyRemapperPreparedTransformerHandler
[Architectury Transformer DEBUG] Found class transformer
[Architectury Transformer DEBUG] Writing com/drd/backported/entity/CustomBoat$Type with maxs=true frames=true
[Architectury Transformer DEBUG] Transformed com/drd/backported/entity/CustomBoat$Type in 482.6 μs
[Architectury Transformer DEBUG] Transforming from com/drd/backported/init/ModPaintings.class to com/drd/backported/init/ModPaintings.class with 5 transformer(s) on dev.architectury.transformer.handler.TinyRemapperPreparedTransformerHandler
[Architectury Transformer DEBUG] Found class transformer
[Architectury Transformer DEBUG] Writing com/drd/backported/init/ModPaintings with maxs=true frames=true
[Architectury Transformer DEBUG] Transformed com/drd/backported/init/ModPaintings in 409.3 μs
[Architectury Transformer DEBUG] Transforming from com/drd/backported/init/ModParticles.class to com/drd/backported/init/ModParticles.class with 5 transformer(s) on dev.architectury.transformer.handler.TinyRemapperPreparedTransformerHandler
[Architectury Transformer DEBUG] Found class transformer
[Architectury Transformer DEBUG] Writing com/drd/backported/init/ModParticles with maxs=true frames=true
[Architectury Transformer DEBUG] Transformed com/drd/backported/init/ModParticles in 264.3 μs
[Architectury Transformer DEBUG] Transforming from com/drd/backported/particle/base/ModSimpleParticleType.class to com/drd/backported/particle/base/ModSimpleParticleType.class with 5 transformer(s) on dev.architectury.transformer.handler.TinyRemapperPreparedTransformerHandler
[Architectury Transformer DEBUG] Found class transformer
[Architectury Transformer DEBUG] Writing com/drd/backported/particle/base/ModSimpleParticleType with maxs=true frames=true
[Architectury Transformer DEBUG] Transformed com/drd/backported/particle/base/ModSimpleParticleType in 180.4 μs
[Architectury Transformer DEBUG] Transforming from com/drd/backported/worldgen/ModPlacedFeatures.class to com/drd/backported/worldgen/ModPlacedFeatures.class with 5 transformer(s) on dev.architectury.transformer.handler.TinyRemapperPreparedTransformerHandler
[Architectury Transformer DEBUG] Found class transformer
[Architectury Transformer DEBUG] Writing com/drd/backported/worldgen/ModPlacedFeatures with maxs=true frames=true
[Architectury Transformer DEBUG] Transformed com/drd/backported/worldgen/ModPlacedFeatures in 145.6 μs
[Architectury Transformer DEBUG] Transforming from com/drd/backported/util/ModStrippables.class to com/drd/backported/util/ModStrippables.class with 5 transformer(s) on dev.architectury.transformer.handler.TinyRemapperPreparedTransformerHandler
[Architectury Transformer DEBUG] Found class transformer
[Architectury Transformer DEBUG] Writing com/drd/backported/util/ModStrippables with maxs=true frames=true
[Architectury Transformer DEBUG] Transformed com/drd/backported/util/ModStrippables in 511.8 μs
[Architectury Transformer DEBUG] Transforming from com/drd/backported/util/ModFuels.class to com/drd/backported/util/ModFuels.class with 5 transformer(s) on dev.architectury.transformer.handler.TinyRemapperPreparedTransformerHandler
[Architectury Transformer DEBUG] Found class transformer
[Architectury Transformer DEBUG] Writing com/drd/backported/util/ModFuels with maxs=true frames=true
[Architectury Transformer DEBUG] Transformed com/drd/backported/util/ModFuels in 285.3 μs
[Architectury Transformer DEBUG] Transforming from com/drd/backported/client/renderer/CustomBoatRenderer.class to com/drd/backported/client/renderer/CustomBoatRenderer.class with 5 transformer(s) on dev.architectury.transformer.handler.TinyRemapperPreparedTransformerHandler
[Architectury Transformer DEBUG] Found class transformer
[Architectury Transformer DEBUG] Writing com/drd/backported/client/renderer/CustomBoatRenderer with maxs=true frames=true
[Architectury Transformer DEBUG] Transformed com/drd/backported/client/renderer/CustomBoatRenderer in 1.154 ms
[Architectury Transformer DEBUG] Transforming from com/drd/backported/client/BackportedClient.class to com/drd/backported/client/BackportedClient.class with 5 transformer(s) on dev.architectury.transformer.handler.TinyRemapperPreparedTransformerHandler
[Architectury Transformer DEBUG] Found class transformer
[Architectury Transformer DEBUG] Writing com/drd/backported/client/BackportedClient with maxs=true frames=true
[Architectury Transformer DEBUG] Transformed com/drd/backported/client/BackportedClient in 265.1 μs
[Architectury Transformer DEBUG] Transforming from com/drd/backported/client/renderer/WindChargeRenderer.class to com/drd/backported/client/renderer/WindChargeRenderer.class with 5 transformer(s) on dev.architectury.transformer.handler.TinyRemapperPreparedTransformerHandler
[Architectury Transformer DEBUG] Found class transformer
[Architectury Transformer DEBUG] Writing com/drd/backported/client/renderer/WindChargeRenderer with maxs=true frames=true
[Architectury Transformer DEBUG] Transformed com/drd/backported/client/renderer/WindChargeRenderer in 317.6 μs
[Architectury Transformer DEBUG] Transforming from com/drd/backported/client/init/ModModelLayers.class to com/drd/backported/client/init/ModModelLayers.class with 5 transformer(s) on dev.architectury.transformer.handler.TinyRemapperPreparedTransformerHandler
[Architectury Transformer DEBUG] Found class transformer
[Architectury Transformer DEBUG] Writing com/drd/backported/client/init/ModModelLayers with maxs=true frames=true
[Architectury Transformer DEBUG] Transformed com/drd/backported/client/init/ModModelLayers in 298.2 μs
[Architectury Transformer DEBUG] Transforming from com/drd/backported/client/model/WindChargeModel.class to com/drd/backported/client/model/WindChargeModel.class with 5 transformer(s) on dev.architectury.transformer.handler.TinyRemapperPreparedTransformerHandler
[Architectury Transformer DEBUG] Found class transformer
[Architectury Transformer DEBUG] Writing com/drd/backported/client/model/WindChargeModel with maxs=true frames=true
[Architectury Transformer DEBUG] Transformed com/drd/backported/client/model/WindChargeModel in 597.7 μs
[Architectury Transformer DEBUG] Transforming from com/drd/backported/client/renderer/ShelfRenderer.class to com/drd/backported/client/renderer/ShelfRenderer.class with 5 transformer(s) on dev.architectury.transformer.handler.TinyRemapperPreparedTransformerHandler
[Architectury Transformer DEBUG] Found class transformer
[Architectury Transformer DEBUG] Writing com/drd/backported/client/renderer/ShelfRenderer with maxs=true frames=true
[Architectury Transformer DEBUG] Transformed com/drd/backported/client/renderer/ShelfRenderer in 571.9 μs
[Architectury Transformer DEBUG] Transforming from com/drd/backported/mixin/ItemInHandRendererInvoker.class to com/drd/backported/mixin/ItemInHandRendererInvoker.class with 5 transformer(s) on dev.architectury.transformer.handler.TinyRemapperPreparedTransformerHandler
[Architectury Transformer DEBUG] Found class transformer
[Architectury Transformer DEBUG] Writing com/drd/backported/mixin/ItemInHandRendererInvoker with maxs=true frames=true
[Architectury Transformer DEBUG] Transformed com/drd/backported/mixin/ItemInHandRendererInvoker in 408.9 μs
[Architectury Transformer DEBUG] Transforming from com/drd/backported/util/ModTags$Biomes.class to com/drd/backported/util/ModTags$Biomes.class with 5 transformer(s) on dev.architectury.transformer.handler.TinyRemapperPreparedTransformerHandler
[Architectury Transformer DEBUG] Found class transformer
[Architectury Transformer DEBUG] Writing com/drd/backported/util/ModTags$Biomes with maxs=true frames=true
[Architectury Transformer DEBUG] Transformed com/drd/backported/util/ModTags$Biomes in 511.8 μs
[Architectury Transformer DEBUG] Transforming from com/drd/backported/util/ModTags$Items.class to com/drd/backported/util/ModTags$Items.class with 5 transformer(s) on dev.architectury.transformer.handler.TinyRemapperPreparedTransformerHandler
[Architectury Transformer DEBUG] Found class transformer
[Architectury Transformer DEBUG] Writing com/drd/backported/util/ModTags$Items with maxs=true frames=true
[Architectury Transformer DEBUG] Transformed com/drd/backported/util/ModTags$Items in 661.1 μs
[Architectury Transformer DEBUG] Transforming from com/drd/backported/entity/handler/GhastDropHandler.class to com/drd/backported/entity/handler/GhastDropHandler.class with 5 transformer(s) on dev.architectury.transformer.handler.TinyRemapperPreparedTransformerHandler
[Architectury Transformer DEBUG] Found class transformer
[Architectury Transformer DEBUG] Writing com/drd/backported/entity/handler/GhastDropHandler with maxs=true frames=true
[Architectury Transformer DEBUG] Transformed com/drd/backported/entity/handler/GhastDropHandler in 414.2 μs
[Architectury Transformer DEBUG] Transforming from com/drd/backported/entity/handler/ChickenJockeyDropHandler.class to com/drd/backported/entity/handler/ChickenJockeyDropHandler.class with 5 transformer(s) on dev.architectury.transformer.handler.TinyRemapperPreparedTransformerHandler
[Architectury Transformer DEBUG] Found class transformer
[Architectury Transformer DEBUG] Writing com/drd/backported/entity/handler/ChickenJockeyDropHandler with maxs=true frames=true
[Architectury Transformer DEBUG] Transformed com/drd/backported/entity/handler/ChickenJockeyDropHandler in 214.6 μs
[Architectury Transformer DEBUG] Transforming from com/drd/backported/util/LevelUtils.class to com/drd/backported/util/LevelUtils.class with 5 transformer(s) on dev.architectury.transformer.handler.TinyRemapperPreparedTransformerHandler
[Architectury Transformer DEBUG] Found class transformer
[Architectury Transformer DEBUG] Writing com/drd/backported/util/LevelUtils with maxs=true frames=true
[Architectury Transformer DEBUG] Transformed com/drd/backported/util/LevelUtils in 360.2 μs
